BLOCK00/SES002/SA002S12	SES002	1.45044	-60.242	-61.6924
BLOCK00/SES002/SA002S13	SES002	2.43158	-59.9256	-62.3572
BLOCK00/SES002/SA002S23	SES002	1.72038	-59.9997	-61.7201
BLOCK00/SES002/SA002S26	SES002	1.90772	-59.4	-61.3077
BLOCK00/SES002/SA002S28	SES002	1.36601	-61.4872	-62.8532
BLOCK00/SES007/SA007S14	SES007	1.36161	-60.2861	-61.6477
BLOCK00/SES007/SA007S15	SES007	0.776638	-62.2205	-62.9972
BLOCK00/SES007/SA007S24	SES007	0.875061	-61.9084	-62.7834
BLOCK00/SES007/SA007S27	SES007	0.398151	-62.7177	-63.1158
BLOCK00/SES007/SA007S29	SES007	0.403816	-61.62	-62.0238
BLOCK00/SES008/SA008S11	SES008	0.890163	-62.067	-62.9571
BLOCK00/SES008/SA008S12	SES008	0.719677	-62.2915	-63.0112
BLOCK00/SES008/SA008S19	SES008	2.55589	-60.306	-62.8619
BLOCK00/SES008/SA008S22	SES008	1.40625	-61.9766	-63.3829
BLOCK00/SES008/SA008S29	SES008	1.27901	-60.9886	-62.2677
BLOCK01/SES014/SA014S10	SES014	2.65628	-61.2243	-63.8806
BLOCK01/SES014/SA014S12	SES014	3.59255	-57.8506	-61.4432
BLOCK01/SES014/SA014S24	SES014	2.30275	-59.9855	-62.2883
BLOCK01/SES014/SA014S26	SES014	3.25448	-57.0673	-60.3217
BLOCK01/SES014/SA014S28	SES014	3.73681	-57.8973	-61.6341
BLOCK01/SES016/SA016S12	SES016	0.861427	-64.6085	-65.4699
BLOCK01/SES016/SA016S13	SES016	1.34575	-62.4864	-63.8321
BLOCK01/SES016/SA016S22	SES016	-0.0208015	-63.8101	-63.7893
BLOCK01/SES016/SA016S25	SES016	1.88367	-59.7787	-61.6623
BLOCK01/SES016/SA016S27	SES016	1.64157	-60.0864	-61.7279
BLOCK01/SES019/SA019S13	SES019	3.30618	-61.0145	-64.3207
BLOCK01/SES019/SA019S14	SES019	2.38228	-61.1903	-63.5726
BLOCK01/SES019/SA019S22	SES019	2.87546	-61.0381	-63.9136
BLOCK01/SES019/SA019S25	SES019	2.9976	-60.8282	-63.8258
BLOCK01/SES019/SA019S29	SES019	3.77419	-60.0892	-63.8634
BLOCK02/SES029/SA029S11	SES029	1.37474	-61.4918	-62.8665
BLOCK02/SES029/SA029S12	SES029	-0.582973	-63.106	-62.5231
BLOCK02/SES029/SA029S20	SES029	0.278339	-63.2538	-63.5322
BLOCK02/SES029/SA029S25	SES029	0.167233	-61.5773	-61.7445
BLOCK02/SES029/SA029S28	SES029	0.619125	-62.0099	-62.629
BLOCK04/SES042/SA042S12	SES042	2.68367	-58.9121	-61.5957
BLOCK04/SES042/SA042S15	SES042	2.39091	-59.8991	-62.29
BLOCK04/SES042/SA042S22	SES042	3.4181	-57.0592	-60.4773
BLOCK04/SES042/SA042S25	SES042	2.48676	-60.2467	-62.7334
BLOCK04/SES042/SA042S27	SES042	2.32395	-58.6882	-61.0122
BLOCK04/SES048/SA048S11	SES048	1.26511	-61.0846	-62.3497
BLOCK04/SES048/SA048S12	SES048	0.622845	-61.3785	-62.0014
BLOCK04/SES048/SA048S20	SES048	1.13341	-60.9663	-62.0997
BLOCK04/SES048/SA048S23	SES048	1.26743	-61.8509	-63.1183
BLOCK04/SES048/SA048S27	SES048	1.33415	-59.9232	-61.2574
BLOCK06/SES060/SA060S11	SES060	1.6742	-61.624	-63.2982
BLOCK06/SES060/SA060S12	SES060	-2.53963	-64.9033	-62.3637
BLOCK06/SES060/SA060S22	SES060	0.00338745	-64.2421	-64.2455
BLOCK06/SES060/SA060S24	SES060	1.08139	-61.6193	-62.7007
BLOCK06/SES060/SA060S28	SES060	1.0065	-59.1295	-60.136
BLOCK06/SES062/SA062S10	SES062	1.51548	-61.0469	-62.5624
BLOCK06/SES062/SA062S11	SES062	1.17952	-61.4041	-62.5836
BLOCK06/SES062/SA062S21	SES062	2.33786	-58.061	-60.3989
BLOCK06/SES062/SA062S26	SES062	0.814899	-60.7687	-61.5836
BLOCK06/SES062/SA062S29	SES062	1.84744	-59.2708	-61.1182
BLOCK06/SES068/SA068S14	SES068	0.526173	-61.8816	-62.4078
BLOCK06/SES068/SA068S15	SES068	1.18168	-60.225	-61.4067
BLOCK06/SES068/SA068S23	SES068	0.277534	-62.8961	-63.1736
BLOCK06/SES068/SA068S27	SES068	1.51562	-60.4623	-61.9779
BLOCK06/SES068/SA068S29	SES068	1.09801	-61.1431	-62.2411
BLOCK08/SES082/SA082S12	SES082	1.05001	-62.2554	-63.3054
BLOCK08/SES082/SA082S14	SES082	0.969509	-62.8211	-63.7906
BLOCK08/SES082/SA082S21	SES082	0.924892	-62.3004	-63.2253
BLOCK08/SES082/SA082S24	SES082	1.40335	-61.168	-62.5714
BLOCK08/SES082/SA082S28	SES082	0.403912	-62.3663	-62.7702
BLOCK08/SES083/SA083S14	SES083	-1.16319	-63.1378	-61.9746
BLOCK08/SES083/SA083S15	SES083	-0.113338	-61.7482	-61.6348
BLOCK08/SES083/SA083S24	SES083	-0.0112381	-62.4666	-62.4553
BLOCK08/SES083/SA083S26	SES083	0.457085	-62.1525	-62.6096
BLOCK08/SES083/SA083S29	SES083	-0.19722	-62.174	-61.9768
BLOCK08/SES085/SA085S10	SES085	-0.0533562	-62.2835	-62.2301
BLOCK08/SES085/SA085S13	SES085	0.706818	-62.2309	-62.9378
BLOCK08/SES085/SA085S22	SES085	-4.71552	-66.9639	-62.2484
BLOCK08/SES085/SA085S26	SES085	-0.795475	-62.882	-62.0865
BLOCK08/SES085/SA085S28	SES085	0.845337	-61.5929	-62.4383
BLOCK08/SES087/SA087S15	SES087	2.38591	-60.5086	-62.8945
BLOCK08/SES087/SA087S16	SES087	2.25212	-60.5838	-62.8359
BLOCK08/SES087/SA087S24	SES087	2.09346	-60.3063	-62.3998
BLOCK08/SES087/SA087S26	SES087	2.24216	-59.231	-61.4731
BLOCK08/SES087/SA087S29	SES087	2.41177	-60.6033	-63.0151
BLOCK09/SES099/SA099S15	SES099	2.02774	-61.3797	-63.4074
BLOCK09/SES099/SA099S16	SES099	1.65343	-61.1503	-62.8037
BLOCK09/SES099/SA099S24	SES099	2.21811	-60.4787	-62.6968
BLOCK09/SES099/SA099S26	SES099	1.85306	-60.6783	-62.5313
BLOCK09/SES099/SA099S29	SES099	2.04194	-60.1956	-62.2375
BLOCK10/SES101/SA101S11	SES101	-0.906681	-62.8674	-61.9607
BLOCK10/SES101/SA101S13	SES101	1.20619	-60.3685	-61.5747
BLOCK10/SES101/SA101S22	SES101	0.0707207	-63.1911	-63.2618
BLOCK10/SES101/SA101S24	SES101	1.08131	-61.7368	-62.8181
BLOCK10/SES101/SA101S28	SES101	-0.562767	-63.6267	-63.064
BLOCK10/SES104/SA104S11	SES104	0.927868	-60.2115	-61.1394
BLOCK10/SES104/SA104S12	SES104	1.97521	-60.0805	-62.0557
BLOCK10/SES104/SA104S21	SES104	0.965729	-61.4306	-62.3963
BLOCK10/SES104/SA104S24	SES104	0.791119	-61.4882	-62.2793
BLOCK10/SES104/SA104S28	SES104	1.22762	-60.843	-62.0706
BLOCK10/SES105/SA105S12	SES105	0.513645	-63.1686	-63.6823
BLOCK10/SES105/SA105S13	SES105	0.918945	-62.5189	-63.4379
BLOCK10/SES105/SA105S22	SES105	0.394596	-63.5524	-63.9469
BLOCK10/SES105/SA105S26	SES105	1.25272	-62.3809	-63.6337
BLOCK10/SES105/SA105S29	SES105	0.578808	-62.5268	-63.1056
BLOCK10/SES106/SA106S09	SES106	1.28836	-62.5635	-63.8519
BLOCK10/SES106/SA106S11	SES106	1.84328	-59.9818	-61.8251
BLOCK10/SES106/SA106S22	SES106	2.60031	-60.6324	-63.2327
BLOCK10/SES106/SA106S27	SES106	1.47003	-61.7912	-63.2613
BLOCK10/SES106/SA106S29	SES106	1.20459	-61.1232	-62.3278
BLOCK11/SES117/SA117S12	SES117	0.157497	-63.8523	-64.0098
BLOCK11/SES117/SA117S13	SES117	0.229275	-62.4613	-62.6905
BLOCK11/SES117/SA117S23	SES117	1.53722	-64.1426	-65.6798
BLOCK11/SES117/SA117S25	SES117	0.902092	-63.2324	-64.1345
BLOCK11/SES117/SA117S28	SES117	1.17994	-63.9129	-65.0928
BLOCK12/SES120/SA120S08	SES120	1.64524	-63.7121	-65.3574
BLOCK12/SES120/SA120S11	SES120	0.842255	-65.664	-66.5063
BLOCK12/SES120/SA120S22	SES120	0.480804	-62.6707	-63.1515
BLOCK12/SES120/SA120S24	SES120	0.386387	-63.1866	-63.573
BLOCK12/SES120/SA120S28	SES120	0.840157	-64.4802	-65.3204
BLOCK12/SES125/SA125S13	SES125	2.53706	-59.7344	-62.2714
BLOCK12/SES125/SA125S14	SES125	1.48118	-60.8715	-62.3527
BLOCK12/SES125/SA125S25	SES125	2.57681	-59.7956	-62.3724
BLOCK12/SES125/SA125S27	SES125	2.3798	-59.0874	-61.4672
BLOCK12/SES125/SA125S29	SES125	2.29081	-60.0254	-62.3162
BLOCK12/SES127/SA127S11	SES127	0.89357	-62.1651	-63.0587
BLOCK12/SES127/SA127S12	SES127	-1.07782	-62.9052	-61.8274
BLOCK12/SES127/SA127S23	SES127	-0.23349	-62.9478	-62.7143
BLOCK12/SES127/SA127S25	SES127	-0.226139	-63.0194	-62.7932
BLOCK12/SES127/SA127S27	SES127	0.712921	-61.9346	-62.6475
BLOCK12/SES129/SA129S11	SES129	1.25629	-61.3322	-62.5885
BLOCK12/SES129/SA129S12	SES129	1.43533	-61.143	-62.5783
BLOCK12/SES129/SA129S22	SES129	1.24564	-61.6627	-62.9084
BLOCK12/SES129/SA129S27	SES129	1.75232	-60.5481	-62.3005
BLOCK12/SES129/SA129S29	SES129	1.86882	-60.2693	-62.1381
BLOCK14/SES142/SA142S11	SES142	2.38327	-61.8069	-64.1901
BLOCK14/SES142/SA142S12	SES142	0.454552	-64.3002	-64.7548
BLOCK14/SES142/SA142S24	SES142	1.74335	-61.701	-63.4444
BLOCK14/SES142/SA142S27	SES142	2.65314	-61.4167	-64.0699
BLOCK14/SES142/SA142S29	SES142	2.69452	-60.7316	-63.4261
BLOCK14/SES143/SA143S12	SES143	0.821915	-62.9396	-63.7615
BLOCK14/SES143/SA143S13	SES143	0.566246	-63.2185	-63.7847
BLOCK14/SES143/SA143S23	SES143	0.573563	-63.1297	-63.7033
BLOCK14/SES143/SA143S25	SES143	0.505466	-62.697	-63.2024
BLOCK14/SES143/SA143S28	SES143	0.675045	-62.3958	-63.0708
BLOCK14/SES144/SA144S09	SES144	0.671085	-62.5701	-63.2412
BLOCK14/SES144/SA144S11	SES144	0.977188	-63.0499	-64.0271
BLOCK14/SES144/SA144S21	SES144	0.0153198	-63.3167	-63.332
BLOCK14/SES144/SA144S25	SES144	0.595589	-63.2471	-63.8427
BLOCK14/SES144/SA144S29	SES144	-0.207989	-62.8757	-62.6677
BLOCK14/SES146/SA146S14	SES146	0.887157	-62.9136	-63.8008
BLOCK14/SES146/SA146S15	SES146	0.366901	-63.2246	-63.5915
BLOCK14/SES146/SA146S24	SES146	0.813202	-63.1488	-63.962
BLOCK14/SES146/SA146S26	SES146	0.867962	-63.2285	-64.0965
BLOCK14/SES146/SA146S29	SES146	0.829857	-63.6192	-64.449
BLOCK14/SES147/SA147S11	SES147	2.2272	-62.6888	-64.916
BLOCK14/SES147/SA147S13	SES147	2.44831	-61.4369	-63.8852
BLOCK14/SES147/SA147S23	SES147	1.76707	-62.8563	-64.6233
BLOCK14/SES147/SA147S26	SES147	1.5354	-63.0822	-64.6176
BLOCK14/SES147/SA147S28	SES147	2.10426	-61.9059	-64.0102
BLOCK14/SES148/SA148S10	SES148	1.32993	-61.8704	-63.2003
BLOCK14/SES148/SA148S12	SES148	0.279572	-63.3495	-63.6291
BLOCK14/SES148/SA148S22	SES148	1.47666	-60.7723	-62.249
BLOCK14/SES148/SA148S26	SES148	0.411362	-61.8268	-62.2382
BLOCK14/SES148/SA148S29	SES148	0.853268	-62.4407	-63.2939
BLOCK14/SES149/SA149S13	SES149	-0.0439987	-62.4743	-62.4303
BLOCK14/SES149/SA149S14	SES149	0.391701	-62.0909	-62.4826
BLOCK14/SES149/SA149S24	SES149	1.3133	-61.2694	-62.5827
BLOCK14/SES149/SA149S26	SES149	2.03291	-60.4465	-62.4794
BLOCK14/SES149/SA149S28	SES149	2.53181	-59.4661	-61.9979
BLOCK15/SES158/SA158S13	SES158	1.47678	-62.0032	-63.48
BLOCK15/SES158/SA158S14	SES158	2.6616	-61.1601	-63.8217
BLOCK15/SES158/SA158S23	SES158	1.43264	-61.449	-62.8816
BLOCK15/SES158/SA158S26	SES158	2.54591	-60.9585	-63.5044
BLOCK15/SES158/SA158S28	SES158	1.54464	-61.9999	-63.5446
BLOCK16/SES162/SA162S10	SES162	1.12564	-63.3546	-64.4802
BLOCK16/SES162/SA162S11	SES162	0.727154	-62.1851	-62.9123
BLOCK16/SES162/SA162S21	SES162	1.59098	-61.9499	-63.5408
BLOCK16/SES162/SA162S24	SES162	1.08441	-62.4414	-63.5258
BLOCK16/SES162/SA162S27	SES162	1.90663	-62.1914	-64.098
BLOCK16/SES167/SA167S14	SES167	0.495319	-61.2619	-61.7573
BLOCK16/SES167/SA167S15	SES167	1.0464	-62.0453	-63.0917
BLOCK16/SES167/SA167S21	SES167	0.954666	-61.4176	-62.3723
BLOCK16/SES167/SA167S25	SES167	1.47837	-61.7562	-63.2345
BLOCK16/SES167/SA167S29	SES167	1.56903	-60.2403	-61.8093
BLOCK17/SES172/SA172S12	SES172	1.4146	-61.3268	-62.7414
BLOCK17/SES172/SA172S13	SES172	1.537	-62.4331	-63.9701
BLOCK17/SES172/SA172S23	SES172	0.544323	-60.8321	-61.3765
BLOCK17/SES172/SA172S27	SES172	0.82914	-62.0566	-62.8857
BLOCK17/SES172/SA172S29	SES172	1.55037	-61.3645	-62.9149
BLOCK17/SES175/SA175S11	SES175	1.27287	-61.9125	-63.1853
BLOCK17/SES175/SA175S13	SES175	1.30577	-61.6372	-62.943
BLOCK17/SES175/SA175S23	SES175	1.66374	-61.6059	-63.2697
BLOCK17/SES175/SA175S25	SES175	0.828278	-64.2898	-65.1181
BLOCK17/SES175/SA175S28	SES175	1.40519	-61.2634	-62.6686
BLOCK17/SES177/SA177S15	SES177	-0.329891	-63.0017	-62.6718
BLOCK17/SES177/SA177S17	SES177	0.362251	-62.3764	-62.7387
BLOCK17/SES177/SA177S23	SES177	-0.383949	-63.1579	-62.7739
BLOCK17/SES177/SA177S26	SES177	0.594368	-60.607	-61.2014
BLOCK17/SES177/SA177S28	SES177	0.727325	-61.1501	-61.8775
BLOCK18/SES180/SA180S13	SES180	0.502434	-62.5362	-63.0386
BLOCK18/SES180/SA180S15	SES180	0.219307	-63.0773	-63.2966
BLOCK18/SES180/SA180S24	SES180	1.1779	-60.7461	-61.924
BLOCK18/SES180/SA180S26	SES180	0.998123	-61.6318	-62.6299
BLOCK18/SES180/SA180S29	SES180	0.86834	-62.7055	-63.5739
BLOCK18/SES183/SA183S13	SES183	1.31687	-63.2158	-64.5327
BLOCK18/SES183/SA183S14	SES183	0.700169	-63.1064	-63.8066
BLOCK18/SES183/SA183S24	SES183	0.947601	-63.8036	-64.7512
BLOCK18/SES183/SA183S27	SES183	1.50892	-62.294	-63.8029
BLOCK18/SES183/SA183S29	SES183	0.905392	-62.1967	-63.102
BLOCK18/SES187/SA187S13	SES187	0.774612	-63.2521	-64.0267
BLOCK18/SES187/SA187S14	SES187	0.573803	-63.4988	-64.0726
BLOCK18/SES187/SA187S24	SES187	1.46083	-61.995	-63.4558
BLOCK18/SES187/SA187S27	SES187	1.4967	-62.1728	-63.6695
BLOCK18/SES187/SA187S29	SES187	1.18312	-62.5587	-63.7418
BLOCK18/SES189/SA189S10	SES189	2.05232	-64.0908	-66.1432
BLOCK18/SES189/SA189S13	SES189	2.25178	-64.4785	-66.7302
BLOCK18/SES189/SA189S24	SES189	2.69598	-63.4536	-66.1496
BLOCK18/SES189/SA189S26	SES189	1.2424	-63.3762	-64.6186
BLOCK18/SES189/SA189S29	SES189	2.15153	-62.8752	-65.0267
BLOCK20/SES202/SA202S12	SES202	0.741203	-63.9118	-64.653
BLOCK20/SES202/SA202S14	SES202	2.79302	-60.5486	-63.3417
BLOCK20/SES202/SA202S24	SES202	1.83186	-62.281	-64.1128
BLOCK20/SES202/SA202S27	SES202	1.71956	-60.4275	-62.1471
BLOCK20/SES202/SA202S29	SES202	1.71064	-60.8304	-62.541
BLOCK20/SES206/SA206S15	SES206	0.40398	-61.2534	-61.6574
BLOCK20/SES206/SA206S17	SES206	2.10226	-59.0282	-61.1305
BLOCK20/SES206/SA206S24	SES206	1.62696	-59.6784	-61.3053
BLOCK20/SES206/SA206S27	SES206	1.83749	-60.0008	-61.8382
BLOCK20/SES206/SA206S29	SES206	1.78419	-58.8833	-60.6675
BLOCK22/SES226/SA226S12	SES226	2.12785	-61.5506	-63.6785
BLOCK22/SES226/SA226S13	SES226	-0.494701	-62.9769	-62.4822
BLOCK22/SES226/SA226S20	SES226	1.05392	-61.927	-62.9809
BLOCK22/SES226/SA226S23	SES226	1.60334	-61.1584	-62.7617
BLOCK22/SES226/SA226S28	SES226	1.98936	-60.886	-62.8754
BLOCK25/SES259/SA259S13	SES259	3.80752	-59.1315	-62.939
BLOCK25/SES259/SA259S14	SES259	2.48835	-60.3556	-62.844
BLOCK25/SES259/SA259S22	SES259	2.19169	-60.4373	-62.629
BLOCK25/SES259/SA259S24	SES259	2.76855	-58.9509	-61.7194
BLOCK25/SES259/SA259S28	SES259	2.33161	-59.6815	-62.0131
BLOCK27/SES270/SA270S14	SES270	2.41554	-61.4506	-63.8662
BLOCK27/SES270/SA270S16	SES270	0.848553	-62.01	-62.8586
BLOCK27/SES270/SA270S22	SES270	3.00463	-60.4607	-63.4653
BLOCK27/SES270/SA270S26	SES270	1.85086	-62.2384	-64.0893
BLOCK27/SES270/SA270S28	SES270	1.52805	-60.9025	-62.4306
BLOCK27/SES275/SA275S17	SES275	1.50146	-62.3929	-63.8944
BLOCK27/SES275/SA275S18	SES275	0.876846	-62.647	-63.5239
BLOCK27/SES275/SA275S24	SES275	1.10515	-63.5555	-64.6607
BLOCK27/SES275/SA275S26	SES275	1.46563	-61.7318	-63.1975
BLOCK27/SES275/SA275S28	SES275	0.411629	-62.5731	-62.9847
BLOCK29/SES292/SA292S10	SES292	-0.341618	-63.6793	-63.3377
BLOCK29/SES292/SA292S12	SES292	-0.686951	-64.2735	-63.5866
BLOCK29/SES292/SA292S22	SES292	1.06601	-61.7709	-62.8369
BLOCK29/SES292/SA292S24	SES292	0.0418167	-62.7132	-62.755
BLOCK29/SES292/SA292S27	SES292	0.466778	-61.9517	-62.4185
BLOCK00/SES001/SA001S14	SES062	-1.07082	-65.6541	-64.5833
BLOCK00/SES001/SA001S14	SES082	-3.09573	-67.679	-64.5833
BLOCK00/SES001/SA001S14	SES106	-3.63238	-68.2156	-64.5833
BLOCK00/SES001/SA001S14	SES206	-4.61562	-69.1989	-64.5833
BLOCK00/SES001/SA001S15	SES062	-1.81437	-65.0116	-63.1972
BLOCK00/SES001/SA001S15	SES104	-4.09629	-67.2935	-63.1972
BLOCK00/SES001/SA001S15	SES106	-3.14437	-66.3416	-63.1972
BLOCK00/SES001/SA001S15	SES206	-4.57666	-67.7739	-63.1972
BLOCK00/SES001/SA001S24	SES062	-2.86727	-67.6519	-64.7847
BLOCK00/SES001/SA001S24	SES082	-3.17162	-67.9563	-64.7847
BLOCK00/SES001/SA001S24	SES087	-4.43587	-69.2205	-64.7847
BLOCK00/SES001/SA001S24	SES206	-3.54445	-68.3291	-64.7847
BLOCK00/SES001/SA001S27	SES062	-2.00708	-64.6679	-62.6609
BLOCK00/SES001/SA001S27	SES082	-4.02549	-66.6863	-62.6609
BLOCK00/SES001/SA001S27	SES087	-3.68213	-66.343	-62.6609
BLOCK00/SES001/SA001S27	SES206	-3.88447	-66.5453	-62.6609
BLOCK00/SES001/SA001S29	SES062	-2.24191	-66.7247	-64.4828
BLOCK00/SES001/SA001S29	SES082	-3.04464	-67.5275	-64.4828
BLOCK00/SES001/SA001S29	SES158	-2.36111	-66.8439	-64.4828
BLOCK00/SES001/SA001S29	SES206	-5.41925	-69.9021	-64.4828
BLOCK00/SES003/SA003S11	SES002	-1.79352	-65.0318	-63.2383
BLOCK00/SES003/SA003S11	SES019	-1.96958	-65.2078	-63.2383
BLOCK00/SES003/SA003S11	SES082	-0.440533	-63.6788	-63.2383
BLOCK00/SES003/SA003S11	SES125	-1.559	-64.7973	-63.2383
BLOCK00/SES003/SA003S15	SES016	-4.12711	-66.8125	-62.6854
BLOCK00/SES003/SA003S15	SES019	-1.9843	-64.6697	-62.6854
BLOCK00/SES003/SA003S15	SES062	-2.25439	-64.9398	-62.6854
BLOCK00/SES003/SA003S15	SES206	-1.95414	-64.6396	-62.6854
BLOCK00/SES003/SA003S22	SES002	-3.35097	-66.1656	-62.8146
BLOCK00/SES003/SA003S22	SES062	-2.1325	-64.9471	-62.8146
BLOCK00/SES003/SA003S22	SES082	-0.971653	-63.7862	-62.8146
BLOCK00/SES003/SA003S22	SES087	-2.84697	-65.6616	-62.8146
BLOCK00/SES003/SA003S25	SES062	-2.38631	-66.5622	-64.1759
BLOCK00/SES003/SA003S25	SES082	-0.449661	-64.6256	-64.1759
BLOCK00/SES003/SA003S25	SES087	-1.95985	-66.1357	-64.1759
BLOCK00/SES003/SA003S25	SES206	-2.29025	-66.4661	-64.1759
BLOCK00/SES003/SA003S29	SES002	-3.03728	-66.6538	-63.6165
BLOCK00/SES003/SA003S29	SES062	-2.43406	-66.0506	-63.6165
BLOCK00/SES003/SA003S29	SES082	-0.946953	-64.5634	-63.6165
BLOCK00/SES003/SA003S29	SES087	-2.44482	-66.0613	-63.6165
BLOCK00/SES004/SA004S12	SES083	-3.05642	-66.9365	-63.8801
BLOCK00/SES004/SA004S12	SES148	-2.69471	-66.5748	-63.8801
BLOCK00/SES004/SA004S12	SES172	-2.80443	-66.6846	-63.8801
BLOCK00/SES004/SA004S12	SES292	-3.67191	-67.552	-63.8801
BLOCK00/SES004/SA004S17	SES083	-2.59536	-67.0193	-64.4239
BLOCK00/SES004/SA004S17	SES162	-2.04268	-66.4666	-64.4239
BLOCK00/SES004/SA004S17	SES172	-2.31681	-66.7407	-64.4239
BLOCK00/SES004/SA004S17	SES292	-2.87846	-67.3024	-64.4239
BLOCK00/SES004/SA004S24	SES083	-2.33765	-66.1539	-63.8162
BLOCK00/SES004/SA004S24	SES148	-2.28017	-66.0964	-63.8162
BLOCK00/SES004/SA004S24	SES172	-1.86997	-65.6862	-63.8162
BLOCK00/SES004/SA004S24	SES292	-2.3971	-66.2133	-63.8162
BLOCK00/SES004/SA004S26	SES083	-1.30012	-64.8721	-63.572
BLOCK00/SES004/SA004S26	SES127	-2.18164	-65.7536	-63.572
BLOCK00/SES004/SA004S26	SES148	-2.99955	-66.5715	-63.572
BLOCK00/SES004/SA004S26	SES292	-3.01406	-66.586	-63.572
BLOCK00/SES004/SA004S28	SES083	-2.39375	-64.8362	-62.4425
BLOCK00/SES004/SA004S28	SES127	-3.88854	-66.331	-62.4425
BLOCK00/SES004/SA004S28	SES187	-2.6393	-65.0818	-62.4425
BLOCK00/SES004/SA004S28	SES292	-3.6677	-66.1102	-62.4425
BLOCK00/SES006/SA006S10	SES014	-3.03308	-68.3358	-65.3027
BLOCK00/SES006/SA006S10	SES158	-0.90609	-66.2088	-65.3027
BLOCK00/SES006/SA006S10	SES226	-4.48203	-69.7848	-65.3027
BLOCK00/SES006/SA006S10	SES270	-0.644646	-65.9474	-65.3027
BLOCK00/SES006/SA006S11	SES158	-1.32195	-66.5056	-65.1837
BLOCK00/SES006/SA006S11	SES226	-3.25265	-68.4363	-65.1837
BLOCK00/SES006/SA006S11	SES270	-0.960434	-66.1441	-65.1837
BLOCK00/SES006/SA006S11	SES275	-4.01923	-69.2029	-65.1837
BLOCK00/SES006/SA006S23	SES062	-2.1039	-65.8151	-63.7112
BLOCK00/SES006/SA006S23	SES105	-2.45323	-66.1644	-63.7112
BLOCK00/SES006/SA006S23	SES158	-0.952728	-64.6639	-63.7112
BLOCK00/SES006/SA006S23	SES275	-2.67184	-66.383	-63.7112
BLOCK00/SES006/SA006S26	SES104	-2.60811	-66.727	-64.1189
BLOCK00/SES006/SA006S26	SES158	-0.648148	-64.767	-64.1189
BLOCK00/SES006/SA006S26	SES270	-0.163277	-64.2822	-64.1189
BLOCK00/SES006/SA006S26	SES275	-3.50341	-67.6223	-64.1189
BLOCK00/SES006/SA006S28	SES007	-2.97551	-68.102	-65.1265
BLOCK00/SES006/SA006S28	SES105	-2.69083	-67.8174	-65.1265
BLOCK00/SES006/SA006S28	SES158	-1.53377	-66.6603	-65.1265
BLOCK00/SES006/SA006S28	SES275	-3.8529	-68.9794	-65.1265
BLOCK00/SES009/SA009S12	SES083	-2.43739	-65.2509	-62.8135
BLOCK00/SES009/SA009S12	SES148	-1.99111	-64.8047	-62.8135
BLOCK00/SES009/SA009S12	SES177	-2.54799	-65.3615	-62.8135
BLOCK00/SES009/SA009S12	SES292	-1.12363	-63.9372	-62.8135
BLOCK00/SES009/SA009S15	SES007	0.294529	-61.8368	-62.1313
BLOCK00/SES009/SA009S15	SES099	-10.6665	-72.7978	-62.1313
BLOCK00/SES009/SA009S15	SES148	-2.03114	-64.1624	-62.1313
BLOCK00/SES009/SA009S15	SES172	-1.67859	-63.8099	-62.1313
BLOCK00/SES009/SA009S24	SES146	-1.35063	-63.7662	-62.4156
BLOCK00/SES009/SA009S24	SES148	-1.5606	-63.9762	-62.4156
BLOCK00/SES009/SA009S24	SES177	-1.76523	-64.1808	-62.4156
BLOCK00/SES009/SA009S24	SES292	-1.3818	-63.7974	-62.4156
BLOCK00/SES009/SA009S26	SES083	-2.43397	-65.3154	-62.8815
BLOCK00/SES009/SA009S26	SES101	-1.96986	-64.8513	-62.8815
BLOCK00/SES009/SA009S26	SES120	-1.84224	-64.7237	-62.8815
BLOCK00/SES009/SA009S26	SES177	-2.71714	-65.5986	-62.8815
BLOCK00/SES009/SA009S29	SES083	-2.09358	-64.4569	-62.3633
BLOCK00/SES009/SA009S29	SES101	-1.65854	-64.0218	-62.3633
BLOCK00/SES009/SA009S29	SES177	-2.18754	-64.5508	-62.3633
BLOCK00/SES009/SA009S29	SES292	-0.917458	-63.2807	-62.3633
BLOCK01/SES011/SA011S10	SES019	-1.25607	-63.8053	-62.5492
BLOCK01/SES011/SA011S10	SES042	-1.17451	-63.7237	-62.5492
BLOCK01/SES011/SA011S10	SES082	-2.55143	-65.1006	-62.5492
BLOCK01/SES011/SA011S10	SES206	-1.06294	-63.6122	-62.5492
BLOCK01/SES011/SA011S11	SES019	-1.23334	-65.1641	-63.9307
BLOCK01/SES011/SA011S11	SES042	-1.60529	-65.536	-63.9307
BLOCK01/SES011/SA011S11	SES082	-2.55518	-66.4859	-63.9307
BLOCK01/SES011/SA011S11	SES206	-0.56913	-64.4999	-63.9307
BLOCK01/SES011/SA011S22	SES019	-0.363941	-64.3034	-63.9394
BLOCK01/SES011/SA011S22	SES042	-0.750614	-64.69	-63.9394
BLOCK01/SES011/SA011S22	SES082	-1.58603	-65.5254	-63.9394
BLOCK01/SES011/SA011S22	SES206	-0.986134	-64.9255	-63.9394
BLOCK01/SES011/SA011S24	SES019	-1.39931	-63.8593	-62.46
BLOCK01/SES011/SA011S24	SES042	-0.766178	-63.2262	-62.46
BLOCK01/SES011/SA011S24	SES104	-1.8362	-64.2962	-62.46
BLOCK01/SES011/SA011S24	SES206	-0.476471	-62.9365	-62.46
BLOCK01/SES011/SA011S27	SES082	0.00928116	-62.9169	-62.9262
BLOCK01/SES011/SA011S27	SES087	-1.11372	-64.0399	-62.9262
BLOCK01/SES011/SA011S27	SES125	-0.492596	-63.4188	-62.9262
BLOCK01/SES011/SA011S27	SES206	-0.294304	-63.2205	-62.9262
BLOCK01/SES012/SA012S11	SES007	-3.17103	-64.1961	-61.0251
BLOCK01/SES012/SA012S11	SES082	-1.86764	-62.8927	-61.0251
BLOCK01/SES012/SA012S11	SES083	-3.03051	-64.0556	-61.0251
BLOCK01/SES012/SA012S11	SES206	-0.555183	-61.5803	-61.0251
BLOCK01/SES012/SA012S14	SES082	-1.63538	-63.6659	-62.0305
BLOCK01/SES012/SA012S14	SES087	-1.87654	-63.9071	-62.0305
BLOCK01/SES012/SA012S14	SES206	-0.789936	-62.8205	-62.0305
BLOCK01/SES012/SA012S14	SES292	-4.24885	-66.2794	-62.0305
BLOCK01/SES012/SA012S24	SES082	0.0952835	-62.7873	-62.8826
BLOCK01/SES012/SA012S24	SES087	-1.13708	-64.0197	-62.8826
BLOCK01/SES012/SA012S24	SES120	-4.00554	-66.8881	-62.8826
BLOCK01/SES012/SA012S24	SES206	-0.0103912	-62.893	-62.8826
BLOCK01/SES012/SA012S26	SES019	-2.86546	-64.5796	-61.7142
BLOCK01/SES012/SA012S26	SES082	-2.21166	-63.9258	-61.7142
BLOCK01/SES012/SA012S26	SES206	-0.458801	-62.173	-61.7142
BLOCK01/SES012/SA012S26	SES292	-3.64726	-65.3614	-61.7142
BLOCK01/SES012/SA012S29	SES062	-2.42666	-63.6266	-61.1999
BLOCK01/SES012/SA012S29	SES082	-1.39767	-62.5976	-61.1999
BLOCK01/SES012/SA012S29	SES083	-2.90138	-64.1013	-61.1999
BLOCK01/SES012/SA012S29	SES206	-0.802475	-62.0024	-61.1999
BLOCK01/SES013/SA013S16	SES062	-3.99949	-66.8551	-62.8556
BLOCK01/SES013/SA013S16	SES106	-1.40614	-64.2618	-62.8556
BLOCK01/SES013/SA013S16	SES206	-1.09669	-63.9523	-62.8556
BLOCK01/SES013/SA013S16	SES226	-0.5937	-63.4493	-62.8556
BLOCK01/SES013/SA013S17	SES062	-3.94687	-65.7384	-61.7915
BLOCK01/SES013/SA013S17	SES106	-1.57323	-63.3648	-61.7915
BLOCK01/SES013/SA013S17	SES206	-0.525944	-62.3175	-61.7915
BLOCK01/SES013/SA013S17	SES226	-0.0419044	-61.8334	-61.7915
BLOCK01/SES013/SA013S23	SES104	-2.26528	-64.7576	-62.4924
BLOCK01/SES013/SA013S23	SES106	-1.3047	-63.7971	-62.4924
BLOCK01/SES013/SA013S23	SES206	-1.11905	-63.6114	-62.4924
BLOCK01/SES013/SA013S23	SES270	-0.643215	-63.1356	-62.4924
BLOCK01/SES013/SA013S25	SES042	-2.11002	-63.9906	-61.8806
BLOCK01/SES013/SA013S25	SES104	-2.05099	-63.9315	-61.8806
BLOCK01/SES013/SA013S25	SES106	-0.876305	-62.7569	-61.8806
BLOCK01/SES013/SA013S25	SES206	-1.09669	-62.9772	-61.8806
BLOCK01/SES013/SA013S29	SES062	-4.23785	-66.6113	-62.3734
BLOCK01/SES013/SA013S29	SES104	-2.09476	-64.4682	-62.3734
BLOCK01/SES013/SA013S29	SES106	-0.611061	-62.9845	-62.3734
BLOCK01/SES013/SA013S29	SES206	-1.09235	-63.4658	-62.3734
BLOCK02/SES021/SA021S13	SES016	-4.34098	-66.5272	-62.1862
BLOCK02/SES021/SA021S13	SES029	-3.61572	-65.8019	-62.1862
BLOCK02/SES021/SA021S13	SES087	-2.2438	-64.43	-62.1862
BLOCK02/SES021/SA021S13	SES206	-1.13351	-63.3197	-62.1862
BLOCK02/SES021/SA021S15	SES087	-1.97952	-62.4775	-60.498
BLOCK02/SES021/SA021S15	SES125	-0.72398	-61.222	-60.498
BLOCK02/SES021/SA021S15	SES206	-0.577362	-61.0753	-60.498
BLOCK02/SES021/SA021S15	SES226	-1.39172	-61.8897	-60.498
BLOCK02/SES021/SA021S23	SES062	-3.65315	-66.7463	-63.0932
BLOCK02/SES021/SA021S23	SES087	-2.51968	-65.6128	-63.0932
BLOCK02/SES021/SA021S23	SES206	-1.78001	-64.8732	-63.0932
BLOCK02/SES021/SA021S23	SES226	-1.17168	-64.2648	-63.0932
BLOCK02/SES021/SA021S27	SES002	-2.09339	-63.9594	-61.866
BLOCK02/SES021/SA021S27	SES016	-4.49928	-66.3653	-61.866
BLOCK02/SES021/SA021S27	SES019	-1.89922	-63.7653	-61.866
BLOCK02/SES021/SA021S27	SES062	-1.65175	-63.5178	-61.866
BLOCK02/SES021/SA021S29	SES087	-2.01418	-63.1806	-61.1664
BLOCK02/SES021/SA021S29	SES125	-1.17839	-62.3448	-61.1664
BLOCK02/SES021/SA021S29	SES206	-1.69778	-62.8642	-61.1664
BLOCK02/SES021/SA021S29	SES226	-1.33007	-62.4964	-61.1664
BLOCK04/SES043/SA043S09	SES083	-3.76644	-68.1014	-64.3349
BLOCK04/SES043/SA043S09	SES101	-4.15549	-68.4904	-64.3349
BLOCK04/SES043/SA043S09	SES144	-1.17147	-65.5064	-64.3349
BLOCK04/SES043/SA043S09	SES172	-5.44106	-69.776	-64.3349
BLOCK04/SES043/SA043S11	SES083	-1.35825	-64.2565	-62.8983
BLOCK04/SES043/SA043S11	SES101	-2.03529	-64.9335	-62.8983
BLOCK04/SES043/SA043S11	SES144	-0.688446	-63.5867	-62.8983
BLOCK04/SES043/SA043S11	SES172	-2.33676	-65.235	-62.8983
BLOCK04/SES043/SA043S23	SES083	-1.95103	-65.1802	-63.2291
BLOCK04/SES043/SA043S23	SES144	-0.267273	-63.4964	-63.2291
BLOCK04/SES043/SA043S23	SES177	-3.71024	-66.9394	-63.2291
BLOCK04/SES043/SA043S23	SES275	-1.60429	-64.8334	-63.2291
BLOCK04/SES043/SA043S26	SES083	-1.33736	-64.8515	-63.5141
BLOCK04/SES043/SA043S26	SES101	-2.16585	-65.68	-63.5141
BLOCK04/SES043/SA043S26	SES144	-0.454967	-63.9691	-63.5141
BLOCK04/SES043/SA043S26	SES177	-2.5068	-66.0209	-63.5141
BLOCK04/SES043/SA043S28	SES016	-2.03313	-64.5554	-62.5222
BLOCK04/SES043/SA043S28	SES083	-1.46402	-63.9862	-62.5222
BLOCK04/SES043/SA043S28	SES101	-1.61854	-64.1408	-62.5222
BLOCK04/SES043/SA043S28	SES144	-0.992004	-63.5142	-62.5222
BLOCK04/SES044/SA044S10	SES127	-3.81197	-70.5069	-66.6949
BLOCK04/SES044/SA044S10	SES144	-1.07602	-67.7709	-66.6949
BLOCK04/SES044/SA044S10	SES147	-4.25304	-70.948	-66.6949
BLOCK04/SES044/SA044S10	SES148	-3.66	-70.3549	-66.6949
BLOCK04/SES044/SA044S11	SES101	-2.53988	-67.9828	-65.4429
BLOCK04/SES044/SA044S11	SES144	-0.312721	-65.7556	-65.4429
BLOCK04/SES044/SA044S11	SES147	-3.12917	-68.5721	-65.4429
BLOCK04/SES044/SA044S11	SES177	-3.12187	-68.5648	-65.4429
BLOCK04/SES044/SA044S24	SES007	-2.94618	-67.5809	-64.6347
BLOCK04/SES044/SA044S24	SES101	-1.95903	-66.5937	-64.6347
BLOCK04/SES044/SA044S24	SES147	-4.63692	-69.2716	-64.6347
BLOCK04/SES044/SA044S24	SES177	-2.85071	-67.4854	-64.6347
BLOCK04/SES044/SA044S26	SES007	-3.02832	-67.1609	-64.1326
BLOCK04/SES044/SA044S26	SES016	-1.22662	-65.3592	-64.1326
BLOCK04/SES044/SA044S26	SES101	-2.19132	-66.3239	-64.1326
BLOCK04/SES044/SA044S26	SES147	-2.25362	-66.3862	-64.1326
BLOCK04/SES044/SA044S29	SES007	-2.17114	-65.5406	-63.3695
BLOCK04/SES044/SA044S29	SES101	-1.12443	-64.4939	-63.3695
BLOCK04/SES044/SA044S29	SES147	-2.80095	-66.1705	-63.3695
BLOCK04/SES044/SA044S29	SES177	-2.97725	-66.3468	-63.3695
BLOCK04/SES046/SA046S13	SES101	-5.07883	-69.1453	-64.0665
BLOCK04/SES046/SA046S13	SES144	-1.89108	-65.9575	-64.0665
BLOCK04/SES046/SA046S13	SES147	-4.1501	-68.2166	-64.0665
BLOCK04/SES046/SA046S13	SES177	-2.38625	-66.4527	-64.0665
BLOCK04/SES046/SA046S15	SES048	-3.54321	-66.573	-63.0298
BLOCK04/SES046/SA046S15	SES083	-1.37096	-64.4007	-63.0298
BLOCK04/SES046/SA046S15	SES120	-3.15568	-66.1855	-63.0298
BLOCK04/SES046/SA046S15	SES148	-1.95469	-64.9845	-63.0298
BLOCK04/SES046/SA046S22	SES101	-1.50638	-65.3895	-63.8831
BLOCK04/SES046/SA046S22	SES144	-1.55561	-65.4387	-63.8831
BLOCK04/SES046/SA046S22	SES147	-3.14569	-67.0288	-63.8831
BLOCK04/SES046/SA046S22	SES172	-3.15977	-67.0429	-63.8831
BLOCK04/SES046/SA046S25	SES083	-2.01031	-65.6925	-63.6822
BLOCK04/SES046/SA046S25	SES127	-2.35045	-66.0326	-63.6822
BLOCK04/SES046/SA046S25	SES144	-2.34616	-66.0284	-63.6822
BLOCK04/SES046/SA046S25	SES148	-1.85538	-65.5376	-63.6822
BLOCK04/SES046/SA046S28	SES007	-3.50167	-67.8022	-64.3005
BLOCK04/SES046/SA046S28	SES105	-3.68021	-67.9807	-64.3005
BLOCK04/SES046/SA046S28	SES147	-3.28218	-67.5827	-64.3005
BLOCK04/SES046/SA046S28	SES148	-2.19867	-66.4992	-64.3005
BLOCK04/SES049/SA049S16	SES104	-1.64168	-65.4046	-63.7629
BLOCK04/SES049/SA049S16	SES106	-1.1959	-64.9588	-63.7629
BLOCK04/SES049/SA049S16	SES120	-3.44016	-67.2031	-63.7629
BLOCK04/SES049/SA049S16	SES206	-1.60718	-65.3701	-63.7629
BLOCK04/SES049/SA049S18	SES099	-0.514252	-65.1678	-64.6535
BLOCK04/SES049/SA049S18	SES104	-1.80917	-66.4627	-64.6535
BLOCK04/SES049/SA049S18	SES125	-2.19056	-66.8441	-64.6535
BLOCK04/SES049/SA049S18	SES206	-1.5846	-66.2381	-64.6535
BLOCK04/SES049/SA049S25	SES087	-0.981735	-64.167	-63.1853
BLOCK04/SES049/SA049S25	SES104	-0.612675	-63.7979	-63.1853
BLOCK04/SES049/SA049S25	SES125	-1.56178	-64.747	-63.1853
BLOCK04/SES049/SA049S25	SES206	-0.994118	-64.1794	-63.1853
BLOCK04/SES049/SA049S27	SES099	-1.25444	-64.1983	-62.9438
BLOCK04/SES049/SA049S27	SES104	-0.785721	-63.7296	-62.9438
BLOCK04/SES049/SA049S27	SES125	-1.67208	-64.6159	-62.9438
BLOCK04/SES049/SA049S27	SES206	-1.22805	-64.1719	-62.9438
BLOCK04/SES049/SA049S29	SES099	-0.850544	-63.1199	-62.2693
BLOCK04/SES049/SA049S29	SES104	-0.171661	-62.441	-62.2693
BLOCK04/SES049/SA049S29	SES125	-1.0803	-63.3496	-62.2693
BLOCK04/SES049/SA049S29	SES206	-0.408932	-62.6782	-62.2693
BLOCK06/SES063/SA063S09	SES068	-2.26797	-65.0678	-62.7998
BLOCK06/SES063/SA063S09	SES083	-1.37241	-64.1722	-62.7998
BLOCK06/SES063/SA063S09	SES177	-1.81825	-64.6181	-62.7998
BLOCK06/SES063/SA063S09	SES187	-1.63523	-64.4351	-62.7998
BLOCK06/SES063/SA063S10	SES068	-2.75774	-66.5419	-63.7842
BLOCK06/SES063/SA063S10	SES083	-1.11143	-64.8956	-63.7842
BLOCK06/SES063/SA063S10	SES172	-1.36359	-65.1478	-63.7842
BLOCK06/SES063/SA063S10	SES187	-1.46798	-65.2522	-63.7842
BLOCK06/SES063/SA063S20	SES068	-4.11134	-67.4061	-63.2948
BLOCK06/SES063/SA063S20	SES083	-2.2893	-65.5841	-63.2948
BLOCK06/SES063/SA063S20	SES172	-2.20864	-65.5034	-63.2948
BLOCK06/SES063/SA063S20	SES187	-0.947853	-64.2426	-63.2948
BLOCK06/SES063/SA063S24	SES029	-2.67949	-65.1845	-62.505
BLOCK06/SES063/SA063S24	SES083	-0.255745	-62.7608	-62.505
BLOCK06/SES063/SA063S24	SES177	-1.43383	-63.9389	-62.505
BLOCK06/SES063/SA063S24	SES189	-1.04164	-63.5467	-62.505
BLOCK06/SES063/SA063S27	SES083	-0.376869	-64.647	-64.2701
BLOCK06/SES063/SA063S27	SES172	-1.74148	-66.0116	-64.2701
BLOCK06/SES063/SA063S27	SES187	-2.40251	-66.6726	-64.2701
BLOCK06/SES063/SA063S27	SES292	-2.84509	-67.1152	-64.2701
BLOCK06/SES067/SA067S12	SES083	-2.34494	-64.8778	-62.5329
BLOCK06/SES067/SA067S12	SES172	-4.6909	-67.2238	-62.5329
BLOCK06/SES067/SA067S12	SES202	-0.755211	-63.2881	-62.5329
BLOCK06/SES067/SA067S12	SES292	-2.5327	-65.0656	-62.5329
BLOCK06/SES067/SA067S14	SES085	-2.50763	-64.7573	-62.2496
BLOCK06/SES067/SA067S14	SES177	-2.18003	-64.4297	-62.2496
BLOCK06/SES067/SA067S14	SES183	-3.51548	-65.7651	-62.2496
BLOCK06/SES067/SA067S14	SES202	-1.265	-63.5146	-62.2496
BLOCK06/SES067/SA067S21	SES144	-1.52955	-65.5193	-63.9898
BLOCK06/SES067/SA067S21	SES177	-2.07953	-66.0693	-63.9898
BLOCK06/SES067/SA067S21	SES183	-6.03926	-70.0291	-63.9898
BLOCK06/SES067/SA067S21	SES189	-0.320663	-64.3105	-63.9898
BLOCK06/SES067/SA067S25	SES085	-1.38742	-64.5339	-63.1465
BLOCK06/SES067/SA067S25	SES177	-1.82333	-64.9699	-63.1465
BLOCK06/SES067/SA067S25	SES183	-3.23457	-66.3811	-63.1465
BLOCK06/SES067/SA067S25	SES202	-0.674999	-63.8215	-63.1465
BLOCK06/SES067/SA067S29	SES085	-1.86236	-64.9651	-63.1027
BLOCK06/SES067/SA067S29	SES177	-2.59527	-65.698	-63.1027
BLOCK06/SES067/SA067S29	SES183	-2.1927	-65.2954	-63.1027
BLOCK06/SES067/SA067S29	SES202	0.00704956	-63.0957	-63.1027
BLOCK06/SES069/SA069S12	SES029	-3.02643	-65.398	-62.3716
BLOCK06/SES069/SA069S12	SES082	-0.755325	-63.1269	-62.3716
BLOCK06/SES069/SA069S12	SES087	-2.76789	-65.1395	-62.3716
BLOCK06/SES069/SA069S12	SES206	-1.91392	-64.2855	-62.3716
BLOCK06/SES069/SA069S13	SES029	-3.28155	-65.7669	-62.4853
BLOCK06/SES069/SA069S13	SES087	-2.45747	-64.9428	-62.4853
BLOCK06/SES069/SA069S13	SES206	-2.57578	-65.0611	-62.4853
BLOCK06/SES069/SA069S13	SES226	-1.74993	-64.2353	-62.4853
BLOCK06/SES069/SA069S23	SES029	-1.74826	-62.3474	-60.5991
BLOCK06/SES069/SA069S23	SES087	-3.11463	-63.7138	-60.5991
BLOCK06/SES069/SA069S23	SES206	-2.10823	-62.7074	-60.5991
BLOCK06/SES069/SA069S23	SES226	-1.2713	-61.8704	-60.5991
BLOCK06/SES069/SA069S25	SES087	-2.10316	-63.3831	-61.2799
BLOCK06/SES069/SA069S25	SES206	-2.45613	-63.736	-61.2799
BLOCK06/SES069/SA069S25	SES226	-1.81194	-63.0918	-61.2799
BLOCK06/SES069/SA069S25	SES270	-1.55125	-62.8312	-61.2799
BLOCK06/SES069/SA069S27	SES087	-2.78038	-64.1373	-61.3569
BLOCK06/SES069/SA069S27	SES206	-1.30667	-62.6636	-61.3569
BLOCK06/SES069/SA069S27	SES226	-0.356503	-61.7134	-61.3569
BLOCK06/SES069/SA069S27	SES270	-1.58842	-62.9453	-61.3569
BLOCK08/SES081/SA081S11	SES060	-2.51947	-65.2713	-62.7519
BLOCK08/SES081/SA081S11	SES062	-3.89171	-66.6436	-62.7519
BLOCK08/SES081/SA081S11	SES117	-2.82452	-65.5764	-62.7519
BLOCK08/SES081/SA081S11	SES162	-2.41198	-65.1638	-62.7519
BLOCK08/SES081/SA081S13	SES016	-1.33991	-63.5574	-62.2175
BLOCK08/SES081/SA081S13	SES060	-0.893051	-63.1105	-62.2175
BLOCK08/SES081/SA081S13	SES068	-0.482376	-62.6999	-62.2175
BLOCK08/SES081/SA081S13	SES129	-2.75529	-64.9728	-62.2175
BLOCK08/SES081/SA081S24	SES060	-1.68484	-64.3416	-62.6568
BLOCK08/SES081/SA081S24	SES068	-2.62154	-65.2783	-62.6568
BLOCK08/SES081/SA081S24	SES117	-2.41402	-65.0708	-62.6568
BLOCK08/SES081/SA081S24	SES275	-3.22218	-65.879	-62.6568
BLOCK08/SES081/SA081S27	SES007	-2.27079	-65.0134	-62.7426
BLOCK08/SES081/SA081S27	SES060	-2.34103	-65.0836	-62.7426
BLOCK08/SES081/SA081S27	SES117	-1.39246	-64.1351	-62.7426
BLOCK08/SES081/SA081S27	SES275	-3.2942	-66.0368	-62.7426
BLOCK08/SES081/SA081S29	SES007	-2.41804	-64.4095	-61.9915
BLOCK08/SES081/SA081S29	SES060	-1.56341	-63.5549	-61.9915
BLOCK08/SES081/SA081S29	SES117	-2.05446	-64.0459	-61.9915
BLOCK08/SES081/SA081S29	SES275	-3.31406	-65.3055	-61.9915
BLOCK08/SES086/SA086S11	SES029	-5.15013	-69.6237	-64.4736
BLOCK08/SES086/SA086S11	SES082	-2.15247	-66.6261	-64.4736
BLOCK08/SES086/SA086S11	SES087	-1.08134	-65.555	-64.4736
BLOCK08/SES086/SA086S11	SES206	-1.87599	-66.3496	-64.4736
BLOCK08/SES086/SA086S12	SES029	-5.04684	-68.5543	-63.5075
BLOCK08/SES086/SA086S12	SES082	-2.12542	-65.6329	-63.5075
BLOCK08/SES086/SA086S12	SES087	0.368038	-63.1395	-63.5075
BLOCK08/SES086/SA086S12	SES206	-1.25732	-64.7648	-63.5075
BLOCK08/SES086/SA086S20	SES029	-4.46949	-66.215	-61.7455
BLOCK08/SES086/SA086S20	SES082	-2.43351	-64.179	-61.7455
BLOCK08/SES086/SA086S20	SES087	0.53384	-61.2117	-61.7455
BLOCK08/SES086/SA086S20	SES206	-0.420456	-62.166	-61.7455
BLOCK08/SES086/SA086S24	SES087	0.309975	-62.646	-62.956
BLOCK08/SES086/SA086S24	SES104	-1.47128	-64.4272	-62.956
BLOCK08/SES086/SA086S24	SES120	-4.64142	-67.5974	-62.956
BLOCK08/SES086/SA086S24	SES206	-0.464298	-63.4203	-62.956
BLOCK08/SES086/SA086S28	SES029	-3.44809	-65.3315	-61.8834
BLOCK08/SES086/SA086S28	SES082	-2.00379	-63.8872	-61.8834
BLOCK08/SES086/SA086S28	SES087	-0.0362549	-61.9196	-61.8834
BLOCK08/SES086/SA086S28	SES206	-1.07644	-62.9598	-61.8834
BLOCK08/SES089/SA089S13	SES087	-2.26084	-65.558	-63.2971
BLOCK08/SES089/SA089S13	SES206	-2.24294	-65.5401	-63.2971
BLOCK08/SES089/SA089S13	SES226	-1.57613	-64.8733	-63.2971
BLOCK08/SES089/SA089S13	SES270	-2.96706	-66.2642	-63.2971
BLOCK08/SES089/SA089S14	SES062	-2.20966	-65.1481	-62.9384
BLOCK08/SES089/SA089S14	SES087	-1.02509	-63.9635	-62.9384
BLOCK08/SES089/SA089S14	SES206	-1.33232	-64.2707	-62.9384
BLOCK08/SES089/SA089S14	SES226	-1.13845	-64.0769	-62.9384
BLOCK08/SES089/SA089S23	SES087	-2.42432	-67.2945	-64.8702
BLOCK08/SES089/SA089S23	SES206	-2.30633	-67.1765	-64.8702
BLOCK08/SES089/SA089S23	SES226	-1.07836	-65.9485	-64.8702
BLOCK08/SES089/SA089S23	SES270	-3.06919	-67.9394	-64.8702
BLOCK08/SES089/SA089S25	SES062	-2.85209	-65.895	-63.0429
BLOCK08/SES089/SA089S25	SES087	-1.48225	-64.5252	-63.0429
BLOCK08/SES089/SA089S25	SES206	-1.32348	-64.3664	-63.0429
BLOCK08/SES089/SA089S25	SES226	-0.592926	-63.6358	-63.0429
BLOCK08/SES089/SA089S28	SES062	-2.20342	-65.6384	-63.435
BLOCK08/SES089/SA089S28	SES087	-1.2314	-64.6664	-63.435
BLOCK08/SES089/SA089S28	SES206	-0.855881	-64.2908	-63.435
BLOCK08/SES089/SA089S28	SES226	-0.26046	-63.6954	-63.435
BLOCK09/SES097/SA097S11	SES099	-0.702255	-63.929	-63.2267
BLOCK09/SES097/SA097S11	SES125	-2.04575	-65.2725	-63.2267
BLOCK09/SES097/SA097S11	SES206	-1.93822	-65.165	-63.2267
BLOCK09/SES097/SA097S11	SES226	-0.761913	-63.9887	-63.2267
BLOCK09/SES097/SA097S14	SES062	-3.38834	-66.5721	-63.1838
BLOCK09/SES097/SA097S14	SES099	-1.37887	-64.5626	-63.1838
BLOCK09/SES097/SA097S14	SES104	-1.56415	-64.7479	-63.1838
BLOCK09/SES097/SA097S14	SES206	-2.01933	-65.2031	-63.1838
BLOCK09/SES097/SA097S22	SES099	-0.523369	-63.6604	-63.137
BLOCK09/SES097/SA097S22	SES206	-1.29535	-64.4324	-63.137
BLOCK09/SES097/SA097S22	SES226	-1.55326	-64.6903	-63.137
BLOCK09/SES097/SA097S22	SES270	-0.054966	-63.192	-63.137
BLOCK09/SES097/SA097S26	SES099	-0.347755	-62.837	-62.4893
BLOCK09/SES097/SA097S26	SES120	-3.82872	-66.318	-62.4893
BLOCK09/SES097/SA097S26	SES206	-1.0847	-63.574	-62.4893
BLOCK09/SES097/SA097S26	SES226	-1.76668	-64.256	-62.4893
BLOCK09/SES097/SA097S28	SES099	-1.53035	-64.4406	-62.9103
BLOCK09/SES097/SA097S28	SES120	-2.79693	-65.7072	-62.9103
BLOCK09/SES097/SA097S28	SES206	-1.80968	-64.72	-62.9103
BLOCK09/SES097/SA097S28	SES226	-1.84404	-64.7543	-62.9103
BLOCK09/SES098/SA098S11	SES127	-4.29258	-69.5198	-65.2273
BLOCK09/SES098/SA098S11	SES144	-2.36118	-67.5884	-65.2273
BLOCK09/SES098/SA098S11	SES147	-0.815399	-66.0427	-65.2273
BLOCK09/SES098/SA098S11	SES148	-4.18133	-69.4086	-65.2273
BLOCK09/SES098/SA098S12	SES127	-8.47449	-74.796	-66.3215
BLOCK09/SES098/SA098S12	SES144	-2.91599	-69.2375	-66.3215
BLOCK09/SES098/SA098S12	SES147	-1.98002	-68.3016	-66.3215
BLOCK09/SES098/SA098S12	SES189	-1.7905	-68.112	-66.3215
BLOCK09/SES098/SA098S20	SES127	-7.08695	-72.3511	-65.2642
BLOCK09/SES098/SA098S20	SES147	-0.945824	-66.21	-65.2642
BLOCK09/SES098/SA098S20	SES148	-5.11279	-70.377	-65.2642
BLOCK09/SES098/SA098S20	SES292	-7.76726	-73.0314	-65.2642
BLOCK09/SES098/SA098S23	SES127	-3.6674	-68.0739	-64.4064
BLOCK09/SES098/SA098S23	SES147	-0.756393	-65.1628	-64.4064
BLOCK09/SES098/SA098S23	SES187	-1.52254	-65.929	-64.4064
BLOCK09/SES098/SA098S23	SES292	-5.22891	-69.6354	-64.4064
BLOCK09/SES098/SA098S27	SES127	-4.7439	-69.4628	-64.7189
BLOCK09/SES098/SA098S27	SES147	-2.43998	-67.1589	-64.7189
BLOCK09/SES098/SA098S27	SES148	-5.08123	-69.8002	-64.7189
BLOCK09/SES098/SA098S27	SES292	-4.69521	-69.4142	-64.7189
BLOCK10/SES102/SA102S13	SES101	-1.28788	-65.7926	-64.5048
BLOCK10/SES102/SA102S13	SES105	-2.32007	-66.8248	-64.5048
BLOCK10/SES102/SA102S13	SES120	-1.96774	-66.4725	-64.5048
BLOCK10/SES102/SA102S13	SES158	-9.27887	-73.7836	-64.5048
BLOCK10/SES102/SA102S14	SES007	-0.607307	-63.0555	-62.4482
BLOCK10/SES102/SA102S14	SES101	-0.48526	-62.9335	-62.4482
BLOCK10/SES102/SA102S14	SES105	-0.847221	-63.2954	-62.4482
BLOCK10/SES102/SA102S14	SES147	-4.70179	-67.15	-62.4482
BLOCK10/SES102/SA102S22	SES007	-1.38975	-64.1965	-62.8067
BLOCK10/SES102/SA102S22	SES101	-0.37429	-63.181	-62.8067
BLOCK10/SES102/SA102S22	SES105	-1.00177	-63.8085	-62.8067
BLOCK10/SES102/SA102S22	SES158	-5.21787	-68.0246	-62.8067
BLOCK10/SES102/SA102S25	SES007	-1.25791	-63.929	-62.6711
BLOCK10/SES102/SA102S25	SES101	-0.762806	-63.4339	-62.6711
BLOCK10/SES102/SA102S25	SES105	-1.17097	-63.8421	-62.6711
BLOCK10/SES102/SA102S25	SES147	-5.47243	-68.1436	-62.6711
BLOCK10/SES102/SA102S27	SES007	-1.89693	-65.1646	-63.2676
BLOCK10/SES102/SA102S27	SES101	-1.03251	-64.3001	-63.2676
BLOCK10/SES102/SA102S27	SES105	-1.80349	-65.0711	-63.2676
BLOCK10/SES102/SA102S27	SES147	-4.28281	-67.5504	-63.2676
BLOCK10/SES103/SA103S14	SES105	-3.32814	-67.837	-64.5088
BLOCK10/SES103/SA103S14	SES106	-1.32795	-65.8368	-64.5088
BLOCK10/SES103/SA103S14	SES120	-3.74136	-68.2502	-64.5088
BLOCK10/SES103/SA103S14	SES206	-1.94837	-66.4572	-64.5088
BLOCK10/SES103/SA103S15	SES099	-0.926453	-66.6022	-65.6758
BLOCK10/SES103/SA103S15	SES101	-4.24099	-69.9168	-65.6758
BLOCK10/SES103/SA103S15	SES104	-1.77717	-67.4529	-65.6758
BLOCK10/SES103/SA103S15	SES125	-1.06587	-66.7416	-65.6758
BLOCK10/SES103/SA103S24	SES104	-2.19091	-65.6958	-63.5049
BLOCK10/SES103/SA103S24	SES125	-1.85569	-65.3606	-63.5049
BLOCK10/SES103/SA103S24	SES148	-3.27577	-66.7807	-63.5049
BLOCK10/SES103/SA103S24	SES158	-0.892323	-64.3972	-63.5049
BLOCK10/SES103/SA103S26	SES104	-1.85763	-67.0047	-65.1471
BLOCK10/SES103/SA103S26	SES106	-1.2243	-66.3714	-65.1471
BLOCK10/SES103/SA103S26	SES125	-1.86251	-67.0096	-65.1471
BLOCK10/SES103/SA103S26	SES148	-3.02399	-68.1711	-65.1471
BLOCK10/SES103/SA103S28	SES104	-2.52605	-68.2915	-65.7654
BLOCK10/SES103/SA103S28	SES106	-1.76433	-67.5298	-65.7654
BLOCK10/SES103/SA103S28	SES125	-2.97216	-68.7376	-65.7654
BLOCK10/SES103/SA103S28	SES206	-3.3111	-69.0765	-65.7654
BLOCK12/SES121/SA121S12	SES042	-2.97198	-68.7077	-65.7357
BLOCK12/SES121/SA121S12	SES087	-2.04766	-67.7834	-65.7357
BLOCK12/SES121/SA121S12	SES105	-2.21746	-67.9532	-65.7357
BLOCK12/SES121/SA121S12	SES206	-1.3886	-67.1243	-65.7357
BLOCK12/SES121/SA121S14	SES007	-3.1475	-69.5708	-66.4233
BLOCK12/SES121/SA121S14	SES105	-2.98354	-69.4068	-66.4233
BLOCK12/SES121/SA121S14	SES106	-1.80032	-68.2236	-66.4233
BLOCK12/SES121/SA121S14	SES206	-2.33682	-68.7601	-66.4233
BLOCK12/SES121/SA121S23	SES105	-2.88502	-69.22	-66.335
BLOCK12/SES121/SA121S23	SES106	-1.41383	-67.7489	-66.335
BLOCK12/SES121/SA121S23	SES120	-3.18799	-69.523	-66.335
BLOCK12/SES121/SA121S23	SES206	-1.93393	-68.269	-66.335
BLOCK12/SES121/SA121S25	SES007	-2.90645	-70.3121	-67.4056
BLOCK12/SES121/SA121S25	SES105	-3.51201	-70.9176	-67.4056
BLOCK12/SES121/SA121S25	SES106	-1.61307	-69.0187	-67.4056
BLOCK12/SES121/SA121S25	SES206	-2.28484	-69.6905	-67.4056
BLOCK12/SES121/SA121S27	SES087	-0.668533	-66.3045	-65.636
BLOCK12/SES121/SA121S27	SES105	-4.00282	-69.6388	-65.636
BLOCK12/SES121/SA121S27	SES120	-2.71117	-68.3472	-65.636
BLOCK12/SES121/SA121S27	SES206	-2.06469	-67.7007	-65.636
BLOCK12/SES124/SA124S16	SES042	-0.99678	-65.0588	-64.062
BLOCK12/SES124/SA124S16	SES082	-1.28729	-65.3493	-64.062
BLOCK12/SES124/SA124S16	SES183	-4.8439	-68.9059	-64.062
BLOCK12/SES124/SA124S16	SES206	-1.39169	-65.4537	-64.062
BLOCK12/SES124/SA124S17	SES105	-2.85994	-67.9288	-65.0688
BLOCK12/SES124/SA124S17	SES149	-2.1786	-67.2475	-65.0688
BLOCK12/SES124/SA124S17	SES158	-2.39471	-67.4636	-65.0688
BLOCK12/SES124/SA124S17	SES275	-4.21822	-69.2871	-65.0688
BLOCK12/SES124/SA124S23	SES105	-3.63604	-65.3939	-61.7579
BLOCK12/SES124/SA124S23	SES125	-0.00776291	-61.7657	-61.7579
BLOCK12/SES124/SA124S23	SES129	-4.7616	-66.5195	-61.7579
BLOCK12/SES124/SA124S23	SES158	-0.72414	-62.482	-61.7579
BLOCK12/SES124/SA124S26	SES105	-4.63053	-67.3584	-62.7279
BLOCK12/SES124/SA124S26	SES125	-0.378063	-63.1059	-62.7279
BLOCK12/SES124/SA124S26	SES129	-4.83562	-67.5635	-62.7279
BLOCK12/SES124/SA124S26	SES158	-1.12918	-63.8571	-62.7279
BLOCK12/SES124/SA124S28	SES104	-0.803257	-63.2505	-62.4473
BLOCK12/SES124/SA124S28	SES106	-0.570812	-63.0181	-62.4473
BLOCK12/SES124/SA124S28	SES125	-0.0574493	-62.5047	-62.4473
BLOCK12/SES124/SA124S28	SES275	-4.76026	-67.2075	-62.4473
BLOCK12/SES126/SA126S13	SES007	-3.40191	-69.216	-65.8141
BLOCK12/SES126/SA126S13	SES162	-2.4439	-68.258	-65.8141
BLOCK12/SES126/SA126S13	SES177	-2.03939	-67.8535	-65.8141
BLOCK12/SES126/SA126S13	SES180	-2.21436	-68.0285	-65.8141
BLOCK12/SES126/SA126S14	SES144	-1.54645	-65.0571	-63.5107
BLOCK12/SES126/SA126S14	SES148	-2.381	-65.8917	-63.5107
BLOCK12/SES126/SA126S14	SES177	-0.895187	-64.4059	-63.5107
BLOCK12/SES126/SA126S14	SES180	-1.60208	-65.1128	-63.5107
BLOCK12/SES126/SA126S20	SES007	-4.18002	-68.3208	-64.1408
BLOCK12/SES126/SA126S20	SES162	-2.98264	-67.1234	-64.1408
BLOCK12/SES126/SA126S20	SES172	-6.69912	-70.8399	-64.1408
BLOCK12/SES126/SA126S20	SES180	-3.43453	-67.5753	-64.1408
BLOCK12/SES126/SA126S24	SES120	-1.61628	-65.244	-63.6277
BLOCK12/SES126/SA126S24	SES162	-1.95563	-65.5834	-63.6277
BLOCK12/SES126/SA126S24	SES177	-1.44941	-65.0771	-63.6277
BLOCK12/SES126/SA126S24	SES180	-1.49924	-65.127	-63.6277
BLOCK12/SES126/SA126S26	SES120	-1.09429	-65.4895	-64.3952
BLOCK12/SES126/SA126S26	SES177	-1.08204	-65.4773	-64.3952
BLOCK12/SES126/SA126S26	SES180	-2.13815	-66.5334	-64.3952
BLOCK12/SES126/SA126S26	SES202	-3.53295	-67.9282	-64.3952
BLOCK12/SES128/SA128S10	SES087	-2.67701	-65.6961	-63.0191
BLOCK12/SES128/SA128S10	SES206	-1.70203	-64.7211	-63.0191
BLOCK12/SES128/SA128S10	SES226	-1.26785	-64.287	-63.0191
BLOCK12/SES128/SA128S10	SES270	-1.11837	-64.1375	-63.0191
BLOCK12/SES128/SA128S12	SES120	-3.38615	-66.6348	-63.2487
BLOCK12/SES128/SA128S12	SES158	-1.81533	-65.064	-63.2487
BLOCK12/SES128/SA128S12	SES206	-1.69438	-64.943	-63.2487
BLOCK12/SES128/SA128S12	SES226	-1.88289	-65.1316	-63.2487
BLOCK12/SES128/SA128S21	SES106	-4.51297	-69.1191	-64.6061
BLOCK12/SES128/SA128S21	SES120	-2.90138	-67.5075	-64.6061
BLOCK12/SES128/SA128S21	SES206	-3.67443	-68.2806	-64.6061
BLOCK12/SES128/SA128S21	SES226	-2.38622	-66.9924	-64.6061
BLOCK12/SES128/SA128S24	SES087	-3.46711	-67.9815	-64.5144
BLOCK12/SES128/SA128S24	SES120	-2.03284	-66.5472	-64.5144
BLOCK12/SES128/SA128S24	SES206	-3.39851	-67.9129	-64.5144
BLOCK12/SES128/SA128S24	SES226	-2.49041	-67.0048	-64.5144
BLOCK12/SES128/SA128S27	SES099	-2.38865	-65.4604	-63.0718
BLOCK12/SES128/SA128S27	SES120	-2.04145	-65.1132	-63.0718
BLOCK12/SES128/SA128S27	SES206	-2.81224	-65.884	-63.0718
BLOCK12/SES128/SA128S27	SES226	-1.50109	-64.5729	-63.0718
BLOCK13/SES130/SA130S13	SES143	-4.41496	-69.5538	-65.1389
BLOCK13/SES130/SA130S13	SES144	-0.742317	-65.8812	-65.1389
BLOCK13/SES130/SA130S13	SES146	-1.72613	-66.865	-65.1389
BLOCK13/SES130/SA130S13	SES275	-5.10646	-70.2453	-65.1389
BLOCK13/SES130/SA130S15	SES143	-3.77361	-67.1962	-63.4226
BLOCK13/SES130/SA130S15	SES144	-0.828995	-64.2516	-63.4226
BLOCK13/SES130/SA130S15	SES146	-1.46857	-64.8911	-63.4226
BLOCK13/SES130/SA130S15	SES275	-2.19314	-65.6157	-63.4226
BLOCK13/SES130/SA130S23	SES127	-4.6823	-69.7855	-65.1032
BLOCK13/SES130/SA130S23	SES144	-1.21766	-66.3209	-65.1032
BLOCK13/SES130/SA130S23	SES146	-1.23629	-66.3395	-65.1032
BLOCK13/SES130/SA130S23	SES162	-2.57559	-67.6788	-65.1032
BLOCK13/SES130/SA130S25	SES127	-3.83949	-66.8521	-63.0126
BLOCK13/SES130/SA130S25	SES144	-0.882164	-63.8947	-63.0126
BLOCK13/SES130/SA130S25	SES146	-1.69617	-64.7087	-63.0126
BLOCK13/SES130/SA130S25	SES275	-1.6192	-64.6318	-63.0126
BLOCK13/SES130/SA130S28	SES127	-2.61691	-66.3591	-63.7422
BLOCK13/SES130/SA130S28	SES144	-1.03361	-64.7758	-63.7422
BLOCK13/SES130/SA130S28	SES146	-1.44073	-65.1829	-63.7422
BLOCK13/SES130/SA130S28	SES275	-1.05467	-64.7969	-63.7422
BLOCK13/SES131/SA131S13	SES002	-3.24287	-68.9844	-65.7415
BLOCK13/SES131/SA131S13	SES007	-4.98405	-70.7256	-65.7415
BLOCK13/SES131/SA131S13	SES099	-2.77536	-68.5169	-65.7415
BLOCK13/SES131/SA131S13	SES105	-3.37572	-69.1173	-65.7415
BLOCK13/SES131/SA131S14	SES104	-1.44335	-65.0311	-63.5877
BLOCK13/SES131/SA131S14	SES106	-1.10165	-64.6894	-63.5877
BLOCK13/SES131/SA131S14	SES125	-1.60653	-65.1943	-63.5877
BLOCK13/SES131/SA131S14	SES148	-2.38917	-65.9769	-63.5877
BLOCK13/SES131/SA131S20	SES104	-2.12965	-67.5554	-65.4258
BLOCK13/SES131/SA131S20	SES106	-1.10547	-66.5312	-65.4258
BLOCK13/SES131/SA131S20	SES125	-1.99889	-67.4247	-65.4258
BLOCK13/SES131/SA131S20	SES148	-3.04845	-68.4742	-65.4258
BLOCK13/SES131/SA131S22	SES099	-1.6412	-65.9523	-64.3111
BLOCK13/SES131/SA131S22	SES104	-1.80762	-66.1187	-64.3111
BLOCK13/SES131/SA131S22	SES125	-1.77276	-66.0839	-64.3111
BLOCK13/SES131/SA131S22	SES206	-2.01393	-66.325	-64.3111
BLOCK13/SES131/SA131S29	SES087	-1.44018	-66.4962	-65.056
BLOCK13/SES131/SA131S29	SES104	-2.74665	-67.8027	-65.056
BLOCK13/SES131/SA131S29	SES125	-2.05303	-67.109	-65.056
BLOCK13/SES131/SA131S29	SES206	-2.12926	-67.1853	-65.056
BLOCK13/SES132/SA132S11	SES083	-2.74997	-65.6852	-62.9352
BLOCK13/SES132/SA132S11	SES120	-0.631237	-63.5665	-62.9352
BLOCK13/SES132/SA132S11	SES127	-1.81295	-64.7482	-62.9352
BLOCK13/SES132/SA132S11	SES275	-1.97892	-64.9141	-62.9352
BLOCK13/SES132/SA132S12	SES083	-2.44952	-65.1076	-62.6581
BLOCK13/SES132/SA132S12	SES143	-2.01938	-64.6775	-62.6581
BLOCK13/SES132/SA132S12	SES144	-1.62325	-64.2814	-62.6581
BLOCK13/SES132/SA132S12	SES148	-1.92506	-64.5832	-62.6581
BLOCK13/SES132/SA132S22	SES062	-1.6634	-64.6886	-63.0252
BLOCK13/SES132/SA132S22	SES083	-1.53267	-64.5579	-63.0252
BLOCK13/SES132/SA132S22	SES127	-1.43054	-64.4558	-63.0252
BLOCK13/SES132/SA132S22	SES275	-1.78764	-64.8129	-63.0252
BLOCK13/SES132/SA132S24	SES007	-1.26163	-63.6931	-62.4315
BLOCK13/SES132/SA132S24	SES083	-2.74081	-65.1723	-62.4315
BLOCK13/SES132/SA132S24	SES127	-2.35965	-64.7911	-62.4315
BLOCK13/SES132/SA132S24	SES275	-2.11496	-64.5464	-62.4315
BLOCK13/SES132/SA132S27	SES083	-2.87474	-66.2925	-63.4178
BLOCK13/SES132/SA132S27	SES120	-0.785885	-64.2036	-63.4178
BLOCK13/SES132/SA132S27	SES127	-2.71536	-66.1331	-63.4178
BLOCK13/SES132/SA132S27	SES275	-2.60392	-66.0217	-63.4178
BLOCK14/SES141/SA141S09	SES143	-1.44119	-65.1858	-63.7446
BLOCK14/SES141/SA141S09	SES144	-1.22841	-64.973	-63.7446
BLOCK14/SES141/SA141S09	SES162	-1.50534	-65.2499	-63.7446
BLOCK14/SES141/SA141S09	SES180	-1.61506	-65.3596	-63.7446
BLOCK14/SES141/SA141S15	SES127	-1.96217	-65.48	-63.5179
BLOCK14/SES141/SA141S15	SES144	-1.6777	-65.1956	-63.5179
BLOCK14/SES141/SA141S15	SES162	-1.99437	-65.5122	-63.5179
BLOCK14/SES141/SA141S15	SES180	-1.13174	-64.6496	-63.5179
BLOCK14/SES141/SA141S24	SES127	-1.63485	-64.8321	-63.1973
BLOCK14/SES141/SA141S24	SES144	-2.56697	-65.7642	-63.1973
BLOCK14/SES141/SA141S24	SES162	-0.951191	-64.1485	-63.1973
BLOCK14/SES141/SA141S24	SES183	-2.72991	-65.9272	-63.1973
BLOCK14/SES141/SA141S26	SES142	-2.63393	-66.3031	-63.6692
BLOCK14/SES141/SA141S26	SES144	-2.30807	-65.9773	-63.6692
BLOCK14/SES141/SA141S26	SES172	-2.5552	-66.2244	-63.6692
BLOCK14/SES141/SA141S26	SES180	-1.25917	-64.9284	-63.6692
BLOCK14/SES141/SA141S29	SES127	-1.49905	-64.4626	-62.9635
BLOCK14/SES141/SA141S29	SES142	-0.68594	-63.6494	-62.9635
BLOCK14/SES141/SA141S29	SES144	-1.84604	-64.8095	-62.9635
BLOCK14/SES141/SA141S29	SES180	-1.16089	-64.1244	-62.9635
BLOCK15/SES157/SA157S08	SES083	-3.161	-66.8398	-63.6787
BLOCK15/SES157/SA157S08	SES127	-2.71508	-66.3938	-63.6787
BLOCK15/SES157/SA157S08	SES148	-1.38834	-65.0671	-63.6787
BLOCK15/SES157/SA157S08	SES292	-2.62547	-66.3042	-63.6787
BLOCK15/SES157/SA157S11	SES083	-3.10019	-66.4325	-63.3323
BLOCK15/SES157/SA157S11	SES127	-4.1204	-67.4527	-63.3323
BLOCK15/SES157/SA157S11	SES148	-1.6824	-65.0147	-63.3323
BLOCK15/SES157/SA157S11	SES292	-3.13214	-66.4644	-63.3323
BLOCK15/SES157/SA157S21	SES127	-3.4505	-66.5534	-63.1029
BLOCK15/SES157/SA157S21	SES148	-0.99427	-64.0972	-63.1029
BLOCK15/SES157/SA157S21	SES158	-6.81853	-69.9215	-63.1029
BLOCK15/SES157/SA157S21	SES292	-1.92679	-65.0297	-63.1029
BLOCK15/SES157/SA157S24	SES127	-3.31796	-66.2553	-62.9374
BLOCK15/SES157/SA157S24	SES148	-1.55888	-64.4962	-62.9374
BLOCK15/SES157/SA157S24	SES183	-2.99393	-65.9313	-62.9374
BLOCK15/SES157/SA157S24	SES292	-2.25748	-65.1948	-62.9374
BLOCK15/SES157/SA157S26	SES007	-1.1114	-64.4018	-63.2904
BLOCK15/SES157/SA157S26	SES127	-1.78625	-65.0767	-63.2904
BLOCK15/SES157/SA157S26	SES147	-5.76723	-69.0577	-63.2904
BLOCK15/SES157/SA157S26	SES148	-1.17559	-64.466	-63.2904
BLOCK16/SES161/SA161S10	SES007	-2.80718	-68.2935	-65.4863
BLOCK16/SES161/SA161S10	SES105	-1.83151	-67.3178	-65.4863
BLOCK16/SES161/SA161S10	SES158	-2.88397	-68.3703	-65.4863
BLOCK16/SES161/SA161S10	SES275	-2.47092	-67.9572	-65.4863
BLOCK16/SES161/SA161S12	SES007	-1.33924	-66.3838	-65.0446
BLOCK16/SES161/SA161S12	SES105	-2.06805	-67.1126	-65.0446
BLOCK16/SES161/SA161S12	SES158	-1.80875	-66.8533	-65.0446
BLOCK16/SES161/SA161S12	SES275	-1.91277	-66.9573	-65.0446
BLOCK16/SES161/SA161S20	SES007	-2.44826	-68.9875	-66.5392
BLOCK16/SES161/SA161S20	SES105	-2.26021	-68.7994	-66.5392
BLOCK16/SES161/SA161S20	SES158	-2.11541	-68.6546	-66.5392
BLOCK16/SES161/SA161S20	SES275	-2.68208	-69.2213	-66.5392
BLOCK16/SES161/SA161S23	SES007	-2.39009	-67.0657	-64.6756
BLOCK16/SES161/SA161S23	SES105	-1.65945	-66.3351	-64.6756
BLOCK16/SES161/SA161S23	SES148	-2.48341	-67.159	-64.6756
BLOCK16/SES161/SA161S23	SES158	-1.53626	-66.2119	-64.6756
BLOCK16/SES161/SA161S28	SES007	-2.71889	-67.5553	-64.8364
BLOCK16/SES161/SA161S28	SES105	-2.63897	-67.4754	-64.8364
BLOCK16/SES161/SA161S28	SES158	-0.977722	-65.8142	-64.8364
BLOCK16/SES161/SA161S28	SES206	-2.92204	-67.7585	-64.8364
BLOCK16/SES164/SA164S11	SES104	-2.29271	-64.5124	-62.2197
BLOCK16/SES164/SA164S11	SES125	-0.754711	-62.9744	-62.2197
BLOCK16/SES164/SA164S11	SES158	-0.699814	-62.9195	-62.2197
BLOCK16/SES164/SA164S11	SES206	-1.47182	-63.6915	-62.2197
BLOCK16/SES164/SA164S13	SES099	-0.985218	-64.575	-63.5898
BLOCK16/SES164/SA164S13	SES104	-2.71074	-66.3005	-63.5898
BLOCK16/SES164/SA164S13	SES125	-2.4702	-66.06	-63.5898
BLOCK16/SES164/SA164S13	SES206	-1.73616	-65.326	-63.5898
BLOCK16/SES164/SA164S24	SES002	-0.0397186	-63.1012	-63.0615
BLOCK16/SES164/SA164S24	SES099	-0.619656	-63.6812	-63.0615
BLOCK16/SES164/SA164S24	SES125	-2.00542	-65.0669	-63.0615
BLOCK16/SES164/SA164S24	SES226	-1.12698	-64.1885	-63.0615
BLOCK16/SES164/SA164S27	SES087	-2.34509	-65.4052	-63.0601
BLOCK16/SES164/SA164S27	SES125	-1.76928	-64.8293	-63.0601
BLOCK16/SES164/SA164S27	SES206	-1.46817	-64.5282	-63.0601
BLOCK16/SES164/SA164S27	SES226	-1.73071	-64.7908	-63.0601
BLOCK16/SES164/SA164S29	SES002	0.0929756	-62.8068	-62.8997
BLOCK16/SES164/SA164S29	SES019	-1.75781	-64.6575	-62.8997
BLOCK16/SES164/SA164S29	SES125	-1.37502	-64.2748	-62.8997
BLOCK16/SES164/SA164S29	SES226	-1.44701	-64.3467	-62.8997
BLOCK16/SES169/SA169S13	SES117	-2.73227	-66.5801	-63.8478
BLOCK16/SES169/SA169S13	SES144	-1.35729	-65.2051	-63.8478
BLOCK16/SES169/SA169S13	SES146	-2.07864	-65.9265	-63.8478
BLOCK16/SES169/SA169S13	SES162	-2.93635	-66.7842	-63.8478
BLOCK16/SES169/SA169S14	SES144	-1.37426	-63.8667	-62.4924
BLOCK16/SES169/SA169S14	SES148	-1.8318	-64.3242	-62.4924
BLOCK16/SES169/SA169S14	SES177	-2.26582	-64.7582	-62.4924
BLOCK16/SES169/SA169S14	SES180	-4.64336	-67.1358	-62.4924
BLOCK16/SES169/SA169S24	SES117	-1.99104	-66.4962	-64.5051
BLOCK16/SES169/SA169S24	SES144	-0.993149	-65.4983	-64.5051
BLOCK16/SES169/SA169S24	SES146	-1.92622	-66.4314	-64.5051
BLOCK16/SES169/SA169S24	SES162	-3.22752	-67.7327	-64.5051
BLOCK16/SES169/SA169S27	SES127	-2.27306	-65.9712	-63.6981
BLOCK16/SES169/SA169S27	SES129	-1.93413	-65.6323	-63.6981
BLOCK16/SES169/SA169S27	SES144	-2.11048	-65.8086	-63.6981
BLOCK16/SES169/SA169S27	SES146	-1.2719	-64.97	-63.6981
BLOCK16/SES169/SA169S29	SES144	-1.18705	-64.1363	-62.9493
BLOCK16/SES169/SA169S29	SES162	-2.35086	-65.3001	-62.9493
BLOCK16/SES169/SA169S29	SES177	-3.48841	-66.4377	-62.9493
BLOCK16/SES169/SA169S29	SES180	-2.56253	-65.5118	-62.9493
BLOCK17/SES171/SA171S12	SES083	-2.13058	-66.7527	-64.6221
BLOCK17/SES171/SA171S12	SES148	-1.79996	-66.422	-64.6221
BLOCK17/SES171/SA171S12	SES172	-2.77895	-67.401	-64.6221
BLOCK17/SES171/SA171S12	SES292	-3.30624	-67.9283	-64.6221
BLOCK17/SES171/SA171S15	SES148	-2.67808	-67.5407	-64.8627
BLOCK17/SES171/SA171S15	SES177	-2.38141	-67.2441	-64.8627
BLOCK17/SES171/SA171S15	SES180	-4.7048	-69.5675	-64.8627
BLOCK17/SES171/SA171S15	SES292	-5.90506	-70.7677	-64.8627
BLOCK17/SES171/SA171S22	SES007	-1.85025	-64.9582	-63.1079
BLOCK17/SES171/SA171S22	SES148	-1.39265	-64.5006	-63.1079
BLOCK17/SES171/SA171S22	SES177	-1.21115	-64.3191	-63.1079
BLOCK17/SES171/SA171S22	SES180	-2.72555	-65.8335	-63.1079
BLOCK17/SES171/SA171S25	SES101	-4.12747	-68.8125	-64.685
BLOCK17/SES171/SA171S25	SES120	-4.31171	-68.9967	-64.685
BLOCK17/SES171/SA171S25	SES177	-2.40273	-67.0877	-64.685
BLOCK17/SES171/SA171S25	SES180	-3.83562	-68.5206	-64.685
BLOCK17/SES171/SA171S27	SES177	-1.31617	-65.2783	-63.9621
BLOCK17/SES171/SA171S27	SES180	-3.43468	-67.3968	-63.9621
BLOCK17/SES171/SA171S27	SES189	-1.07867	-65.0408	-63.9621
BLOCK17/SES171/SA171S27	SES292	-4.53892	-68.501	-63.9621
BLOCK17/SES173/SA173S13	SES162	-4.06268	-69.1691	-65.1064
BLOCK17/SES173/SA173S13	SES177	-3.90403	-69.0105	-65.1064
BLOCK17/SES173/SA173S13	SES180	-3.04087	-68.1473	-65.1064
BLOCK17/SES173/SA173S13	SES292	-4.87431	-69.9808	-65.1064
BLOCK17/SES173/SA173S14	SES007	-3.91639	-69.5665	-65.6501
BLOCK17/SES173/SA173S14	SES162	-3.55829	-69.2084	-65.6501
BLOCK17/SES173/SA173S14	SES177	-2.43697	-68.0871	-65.6501
BLOCK17/SES173/SA173S14	SES180	-3.14101	-68.7911	-65.6501
BLOCK17/SES173/SA173S24	SES144	-2.89542	-68.6844	-65.789
BLOCK17/SES173/SA173S24	SES162	-4.51086	-70.2999	-65.789
BLOCK17/SES173/SA173S24	SES177	-3.12601	-68.915	-65.789
BLOCK17/SES173/SA173S24	SES180	-3.54277	-69.3318	-65.789
BLOCK17/SES173/SA173S27	SES162	-4.75846	-69.6031	-64.8446
BLOCK17/SES173/SA173S27	SES177	-3.03312	-67.8777	-64.8446
BLOCK17/SES173/SA173S27	SES180	-2.97034	-67.815	-64.8446
BLOCK17/SES173/SA173S27	SES292	-5.35127	-70.1959	-64.8446
BLOCK17/SES173/SA173S29	SES162	-3.85175	-68.749	-64.8972
BLOCK17/SES173/SA173S29	SES175	-1.53698	-66.4342	-64.8972
BLOCK17/SES173/SA173S29	SES177	-3.41238	-68.3096	-64.8972
BLOCK17/SES173/SA173S29	SES292	-6.1605	-71.0577	-64.8972
BLOCK18/SES182/SA182S10	SES144	-1.46588	-65.2861	-63.8202
BLOCK18/SES182/SA182S10	SES177	-1.99417	-65.8144	-63.8202
BLOCK18/SES182/SA182S10	SES180	-2.50965	-66.3299	-63.8202
BLOCK18/SES182/SA182S10	SES275	-1.80074	-65.621	-63.8202
BLOCK18/SES182/SA182S12	SES144	-1.54394	-64.5073	-62.9633
BLOCK18/SES182/SA182S12	SES177	-1.63913	-64.6025	-62.9633
BLOCK18/SES182/SA182S12	SES180	-2.02787	-64.9912	-62.9633
BLOCK18/SES182/SA182S12	SES275	-2.30251	-65.2659	-62.9633
BLOCK18/SES182/SA182S21	SES117	-1.68829	-66.1397	-64.4514
BLOCK18/SES182/SA182S21	SES144	-2.18423	-66.6356	-64.4514
BLOCK18/SES182/SA182S21	SES162	-1.59573	-66.0471	-64.4514
BLOCK18/SES182/SA182S21	SES180	-2.50855	-66.9599	-64.4514
BLOCK18/SES182/SA182S23	SES117	-1.27385	-65.3549	-64.0811
BLOCK18/SES182/SA182S23	SES144	-2.03184	-66.1129	-64.0811
BLOCK18/SES182/SA182S23	SES180	-2.37232	-66.4534	-64.0811
BLOCK18/SES182/SA182S23	SES275	-1.93542	-66.0165	-64.0811
BLOCK18/SES182/SA182S25	SES007	-1.67356	-65.3592	-63.6857
BLOCK18/SES182/SA182S25	SES162	-1.29876	-64.9844	-63.6857
BLOCK18/SES182/SA182S25	SES177	-1.52208	-65.2078	-63.6857
BLOCK18/SES182/SA182S25	SES180	-2.0578	-65.7435	-63.6857
BLOCK18/SES184/SA184S12	SES177	-1.95703	-65.8619	-63.9049
BLOCK18/SES184/SA184S12	SES180	-0.948677	-64.8536	-63.9049
BLOCK18/SES184/SA184S12	SES189	-3.00293	-66.9078	-63.9049
BLOCK18/SES184/SA184S12	SES292	-2.32189	-66.2268	-63.9049
BLOCK18/SES184/SA184S13	SES101	-2.69901	-66.4062	-63.7072
BLOCK18/SES184/SA184S13	SES177	-2.42535	-66.1326	-63.7072
BLOCK18/SES184/SA184S13	SES180	-2.40863	-66.1158	-63.7072
BLOCK18/SES184/SA184S13	SES292	-2.59445	-66.3017	-63.7072
BLOCK18/SES184/SA184S22	SES177	-2.36499	-65.0094	-62.6445
BLOCK18/SES184/SA184S22	SES180	-2.87416	-65.5186	-62.6445
BLOCK18/SES184/SA184S22	SES189	-3.68441	-66.3289	-62.6445
BLOCK18/SES184/SA184S22	SES292	-3.12371	-65.7682	-62.6445
BLOCK18/SES184/SA184S25	SES101	-1.50513	-63.454	-61.9489
BLOCK18/SES184/SA184S25	SES177	-2.47345	-64.4224	-61.9489
BLOCK18/SES184/SA184S25	SES180	-2.36364	-64.3126	-61.9489
BLOCK18/SES184/SA184S25	SES292	-1.89048	-63.8394	-61.9489
BLOCK18/SES184/SA184S27	SES083	-1.87265	-65.1292	-63.2566
BLOCK18/SES184/SA184S27	SES177	-1.96205	-65.2186	-63.2566
BLOCK18/SES184/SA184S27	SES202	-4.33209	-67.5887	-63.2566
BLOCK18/SES184/SA184S27	SES292	-2.36651	-65.6231	-63.2566
BLOCK20/SES204/SA204S12	SES062	-2.55515	-64.6654	-62.1103
BLOCK20/SES204/SA204S12	SES083	-2.72998	-64.8402	-62.1103
BLOCK20/SES204/SA204S12	SES206	-1.07389	-63.1841	-62.1103
BLOCK20/SES204/SA204S12	SES226	-2.10979	-64.22	-62.1103
BLOCK20/SES204/SA204S14	SES068	-3.84083	-65.3196	-61.4788
BLOCK20/SES204/SA204S14	SES087	-1.01756	-62.4963	-61.4788
BLOCK20/SES204/SA204S14	SES206	-1.8805	-63.3593	-61.4788
BLOCK20/SES204/SA204S14	SES226	-2.07435	-63.5531	-61.4788
BLOCK20/SES204/SA204S22	SES068	-4.30816	-66.2932	-61.985
BLOCK20/SES204/SA204S22	SES082	-3.39824	-65.3833	-61.985
BLOCK20/SES204/SA204S22	SES083	-3.47459	-65.4596	-61.985
BLOCK20/SES204/SA204S22	SES206	-1.58501	-63.57	-61.985
BLOCK20/SES204/SA204S25	SES062	-3.54316	-66.0069	-62.4638
BLOCK20/SES204/SA204S25	SES083	-3.57035	-66.0341	-62.4638
BLOCK20/SES204/SA204S25	SES206	-1.03996	-63.5037	-62.4638
BLOCK20/SES204/SA204S25	SES226	-1.919	-64.3828	-62.4638
BLOCK20/SES204/SA204S27	SES068	-4.6388	-67.3008	-62.662
BLOCK20/SES204/SA204S27	SES082	-2.58607	-65.2481	-62.662
BLOCK20/SES204/SA204S27	SES087	-1.06394	-63.7259	-62.662
BLOCK20/SES204/SA204S27	SES206	-1.06495	-63.7269	-62.662
BLOCK20/SES207/SA207S10	SES127	-1.37623	-65.1515	-63.7753
BLOCK20/SES207/SA207S10	SES183	-2.37052	-66.1458	-63.7753
BLOCK20/SES207/SA207S10	SES189	-1.884	-65.6593	-63.7753
BLOCK20/SES207/SA207S10	SES292	-2.50676	-66.282	-63.7753
BLOCK20/SES207/SA207S11	SES127	-4.07723	-67.4228	-63.3456
BLOCK20/SES207/SA207S11	SES183	-3.21029	-66.5558	-63.3456
BLOCK20/SES207/SA207S11	SES187	-2.08665	-65.4322	-63.3456
BLOCK20/SES207/SA207S11	SES292	-3.0757	-66.4213	-63.3456
BLOCK20/SES207/SA207S25	SES068	-2.9509	-66.6588	-63.7079
BLOCK20/SES207/SA207S25	SES083	-3.0699	-66.7778	-63.7079
BLOCK20/SES207/SA207S25	SES127	-2.40352	-66.1114	-63.7079
BLOCK20/SES207/SA207S25	SES187	-1.17402	-64.8819	-63.7079
BLOCK20/SES207/SA207S27	SES127	-2.76501	-67.2315	-64.4665
BLOCK20/SES207/SA207S27	SES183	-1.57736	-66.0439	-64.4665
BLOCK20/SES207/SA207S27	SES187	-1.54984	-66.0164	-64.4665
BLOCK20/SES207/SA207S27	SES292	-2.96305	-67.4296	-64.4665
BLOCK20/SES207/SA207S29	SES083	-2.89315	-66.0342	-63.1411
BLOCK20/SES207/SA207S29	SES085	-2.43873	-65.5798	-63.1411
BLOCK20/SES207/SA207S29	SES172	-3.65871	-66.7998	-63.1411
BLOCK20/SES207/SA207S29	SES189	-2.32181	-65.4629	-63.1411
BLOCK22/SES221/SA221S12	SES068	-3.40746	-66.9452	-63.5377
BLOCK22/SES221/SA221S12	SES143	-2.74301	-66.2807	-63.5377
BLOCK22/SES221/SA221S12	SES175	-2.09361	-65.6313	-63.5377
BLOCK22/SES221/SA221S12	SES202	-1.31886	-64.8566	-63.5377
BLOCK22/SES221/SA221S15	SES085	-5.37331	-70.3772	-65.0039
BLOCK22/SES221/SA221S15	SES143	-3.57012	-68.574	-65.0039
BLOCK22/SES221/SA221S15	SES175	-2.26986	-67.2737	-65.0039
BLOCK22/SES221/SA221S15	SES187	-1.74825	-66.7521	-65.0039
BLOCK22/SES221/SA221S23	SES068	-6.06963	-69.6351	-63.5654
BLOCK22/SES221/SA221S23	SES143	-3.39592	-66.9613	-63.5654
BLOCK22/SES221/SA221S23	SES175	-1.7603	-65.3257	-63.5654
BLOCK22/SES221/SA221S23	SES189	-0.240929	-63.8064	-63.5654
BLOCK22/SES221/SA221S27	SES085	-6.94403	-70.7364	-63.7923
BLOCK22/SES221/SA221S27	SES143	-3.27028	-67.0626	-63.7923
BLOCK22/SES221/SA221S27	SES175	-1.47473	-65.2671	-63.7923
BLOCK22/SES221/SA221S27	SES189	0.469734	-63.3226	-63.7923
BLOCK22/SES221/SA221S29	SES085	-9.82693	-75.0229	-65.196
BLOCK22/SES221/SA221S29	SES143	-4.99641	-70.1924	-65.196
BLOCK22/SES221/SA221S29	SES175	-2.22153	-67.4175	-65.196
BLOCK22/SES221/SA221S29	SES187	-2.4256	-67.6216	-65.196
BLOCK22/SES223/SA223S11	SES143	-2.89888	-67.5122	-64.6133
BLOCK22/SES223/SA223S11	SES144	-3.14537	-67.7587	-64.6133
BLOCK22/SES223/SA223S11	SES175	-1.93666	-66.55	-64.6133
BLOCK22/SES223/SA223S11	SES187	-2.46845	-67.0818	-64.6133
BLOCK22/SES223/SA223S13	SES068	-2.93646	-68.9277	-65.9912
BLOCK22/SES223/SA223S13	SES143	-3.53006	-69.5213	-65.9912
BLOCK22/SES223/SA223S13	SES146	-4.00636	-69.9976	-65.9912
BLOCK22/SES223/SA223S13	SES202	-2.96867	-68.9599	-65.9912
BLOCK22/SES223/SA223S22	SES143	-2.59861	-67.3454	-64.7468
BLOCK22/SES223/SA223S22	SES144	-3.49619	-68.243	-64.7468
BLOCK22/SES223/SA223S22	SES175	-1.8886	-66.6354	-64.7468
BLOCK22/SES223/SA223S22	SES187	-2.31104	-67.0579	-64.7468
BLOCK22/SES223/SA223S25	SES068	-3.11749	-67.8203	-64.7028
BLOCK22/SES223/SA223S25	SES143	-3.23455	-67.9374	-64.7028
BLOCK22/SES223/SA223S25	SES175	-1.97619	-66.679	-64.7028
BLOCK22/SES223/SA223S25	SES187	-1.8657	-66.5685	-64.7028
BLOCK22/SES223/SA223S27	SES143	-2.76617	-67.5361	-64.7699
BLOCK22/SES223/SA223S27	SES146	-3.50357	-68.2735	-64.7699
BLOCK22/SES223/SA223S27	SES187	-2.62536	-67.3953	-64.7699
BLOCK22/SES223/SA223S27	SES292	-6.67783	-71.4477	-64.7699
BLOCK27/SES273/SA273S12	SES099	-0.952351	-61.5653	-60.6129
BLOCK27/SES273/SA273S12	SES104	-0.568932	-61.1819	-60.6129
BLOCK27/SES273/SA273S12	SES125	-1.29517	-61.9081	-60.6129
BLOCK27/SES273/SA273S12	SES206	-0.333691	-60.9466	-60.6129
BLOCK27/SES273/SA273S13	SES099	-1.1176	-61.6768	-60.5592
BLOCK27/SES273/SA273S13	SES104	-1.18964	-61.7489	-60.5592
BLOCK27/SES273/SA273S13	SES206	-0.920986	-61.4802	-60.5592
BLOCK27/SES273/SA273S13	SES292	-4.08923	-64.6485	-60.5592
BLOCK27/SES273/SA273S21	SES099	-0.272461	-61.1669	-60.8944
BLOCK27/SES273/SA273S21	SES148	-3.46141	-64.3558	-60.8944
BLOCK27/SES273/SA273S21	SES149	-1.26097	-62.1554	-60.8944
BLOCK27/SES273/SA273S21	SES177	-4.5615	-65.4559	-60.8944
BLOCK27/SES273/SA273S25	SES104	-1.22433	-62.0791	-60.8548
BLOCK27/SES273/SA273S25	SES125	-1.50987	-62.3646	-60.8548
BLOCK27/SES273/SA273S25	SES158	-0.823341	-61.6781	-60.8548
BLOCK27/SES273/SA273S25	SES206	-0.299183	-61.1539	-60.8548
BLOCK27/SES273/SA273S27	SES099	-0.915379	-62.3376	-61.4222
BLOCK27/SES273/SA273S27	SES104	-1.21775	-62.64	-61.4222
BLOCK27/SES273/SA273S27	SES149	-1.38972	-62.8119	-61.4222
BLOCK27/SES273/SA273S27	SES275	-2.63419	-64.0564	-61.4222
BLOCK27/SES274/SA274S10	SES105	-1.68532	-64.3845	-62.6991
BLOCK27/SES274/SA274S10	SES125	-0.95208	-63.6512	-62.6991
BLOCK27/SES274/SA274S10	SES129	-1.1917	-63.8908	-62.6991
BLOCK27/SES274/SA274S10	SES158	-1.21752	-63.9167	-62.6991
BLOCK27/SES274/SA274S11	SES105	-2.3876	-65.0511	-62.6635
BLOCK27/SES274/SA274S11	SES149	-0.620899	-63.2844	-62.6635
BLOCK27/SES274/SA274S11	SES158	-1.50352	-64.167	-62.6635
BLOCK27/SES274/SA274S11	SES275	-2.77413	-65.4376	-62.6635
BLOCK27/SES274/SA274S21	SES105	-2.55529	-65.5339	-62.9786
BLOCK27/SES274/SA274S21	SES129	-1.56086	-64.5394	-62.9786
BLOCK27/SES274/SA274S21	SES149	-0.781868	-63.7604	-62.9786
BLOCK27/SES274/SA274S21	SES158	-2.00153	-64.9801	-62.9786
BLOCK27/SES274/SA274S24	SES105	-2.32738	-64.9017	-62.5743
BLOCK27/SES274/SA274S24	SES129	-1.80835	-64.3826	-62.5743
BLOCK27/SES274/SA274S24	SES149	-1.10072	-63.675	-62.5743
BLOCK27/SES274/SA274S24	SES158	-1.79015	-64.3644	-62.5743
BLOCK27/SES274/SA274S29	SES105	-2.63773	-65.1185	-62.4807
BLOCK27/SES274/SA274S29	SES106	-1.98405	-64.4648	-62.4807
BLOCK27/SES274/SA274S29	SES120	-2.52417	-65.0049	-62.4807
BLOCK27/SES274/SA274S29	SES275	-2.41594	-64.8967	-62.4807
BLOCK27/SES276/SA276S16	SES148	-2.35552	-66.2042	-63.8487
BLOCK27/SES276/SA276S16	SES172	-2.58117	-66.4299	-63.8487
BLOCK27/SES276/SA276S16	SES180	-4.5154	-68.3641	-63.8487
BLOCK27/SES276/SA276S16	SES292	-1.31664	-65.1654	-63.8487
BLOCK27/SES276/SA276S17	SES101	-2.18944	-65.595	-63.4055
BLOCK27/SES276/SA276S17	SES177	-2.94547	-66.351	-63.4055
BLOCK27/SES276/SA276S17	SES180	-3.35138	-66.7569	-63.4055
BLOCK27/SES276/SA276S17	SES292	-2.84282	-66.2483	-63.4055
BLOCK27/SES276/SA276S24	SES101	-1.15154	-63.4243	-62.2727
BLOCK27/SES276/SA276S24	SES177	-2.59324	-64.866	-62.2727
BLOCK27/SES276/SA276S24	SES180	-3.35194	-65.6247	-62.2727
BLOCK27/SES276/SA276S24	SES292	-2.75333	-65.0261	-62.2727
BLOCK27/SES276/SA276S26	SES101	-2.71443	-65.1414	-62.427
BLOCK27/SES276/SA276S26	SES177	-1.91015	-64.3371	-62.427
BLOCK27/SES276/SA276S26	SES180	-2.49418	-64.9212	-62.427
BLOCK27/SES276/SA276S26	SES292	-1.95844	-64.3854	-62.427
BLOCK27/SES276/SA276S28	SES101	-2.05681	-65.2222	-63.1654
BLOCK27/SES276/SA276S28	SES177	-2.79733	-65.9627	-63.1654
BLOCK27/SES276/SA276S28	SES180	-2.32719	-65.4926	-63.1654
BLOCK27/SES276/SA276S28	SES292	-2.7596	-65.925	-63.1654
BLOCK27/SES277/SA277S12	SES101	-1.8091	-66.2644	-64.4553
BLOCK27/SES277/SA277S12	SES177	-3.14631	-67.6016	-64.4553
BLOCK27/SES277/SA277S12	SES180	-2.94707	-67.4024	-64.4553
BLOCK27/SES277/SA277S12	SES292	-4.40252	-68.8578	-64.4553
BLOCK27/SES277/SA277S14	SES177	-1.82066	-66.6329	-64.8123
BLOCK27/SES277/SA277S14	SES180	-3.14964	-67.9619	-64.8123
BLOCK27/SES277/SA277S14	SES189	-0.841911	-65.6542	-64.8123
BLOCK27/SES277/SA277S14	SES292	-5.18594	-69.9982	-64.8123
BLOCK27/SES277/SA277S21	SES177	-0.899632	-64.426	-63.5264
BLOCK27/SES277/SA277S21	SES180	-3.45679	-66.9831	-63.5264
BLOCK27/SES277/SA277S21	SES189	-1.59108	-65.1174	-63.5264
BLOCK27/SES277/SA277S21	SES292	-4.82827	-68.3546	-63.5264
BLOCK27/SES277/SA277S24	SES144	-1.89423	-66.8646	-64.9704
BLOCK27/SES277/SA277S24	SES177	-2.34584	-67.3162	-64.9704
BLOCK27/SES277/SA277S24	SES180	-3.38858	-68.3589	-64.9704
BLOCK27/SES277/SA277S24	SES189	-1.0621	-66.0325	-64.9704
BLOCK27/SES277/SA277S29	SES177	-1.62786	-64.0646	-62.4367
BLOCK27/SES277/SA277S29	SES180	-2.2569	-64.6936	-62.4367
BLOCK27/SES277/SA277S29	SES202	-2.39732	-64.8341	-62.4367
BLOCK27/SES277/SA277S29	SES292	-2.82374	-65.2605	-62.4367
BLOCK27/SES279/SA279S09	SES120	-1.84245	-64.7503	-62.9079
BLOCK27/SES279/SA279S09	SES146	-1.84345	-64.7513	-62.9079
BLOCK27/SES279/SA279S09	SES206	-2.96359	-65.8715	-62.9079
BLOCK27/SES279/SA279S09	SES226	-3.34867	-66.2565	-62.9079
BLOCK27/SES279/SA279S10	SES099	-2.58839	-65.4429	-62.8545
BLOCK27/SES279/SA279S10	SES206	-1.90508	-64.7596	-62.8545
BLOCK27/SES279/SA279S10	SES226	-2.16138	-65.0159	-62.8545
BLOCK27/SES279/SA279S10	SES292	-1.26215	-64.1167	-62.8545
BLOCK27/SES279/SA279S20	SES099	-3.99624	-67.4284	-63.4321
BLOCK27/SES279/SA279S20	SES206	-2.52216	-65.9543	-63.4321
BLOCK27/SES279/SA279S20	SES226	-3.13625	-66.5684	-63.4321
BLOCK27/SES279/SA279S20	SES292	-0.559212	-63.9913	-63.4321
BLOCK27/SES279/SA279S26	SES099	-3.42171	-66.6511	-63.2294
BLOCK27/SES279/SA279S26	SES206	-1.82222	-65.0516	-63.2294
BLOCK27/SES279/SA279S26	SES226	-2.63292	-65.8623	-63.2294
BLOCK27/SES279/SA279S26	SES292	-1.57502	-64.8044	-63.2294
BLOCK27/SES279/SA279S28	SES099	-3.44406	-64.9324	-61.4883
BLOCK27/SES279/SA279S28	SES120	-2.08904	-63.5773	-61.4883
BLOCK27/SES279/SA279S28	SES177	-3.96337	-65.4517	-61.4883
BLOCK27/SES279/SA279S28	SES206	-3.16612	-64.6544	-61.4883
BLOCK29/SES290/SA290S12	SES162	-3.4956	-66.4073	-62.9117
BLOCK29/SES290/SA290S12	SES177	-3.3601	-66.2718	-62.9117
BLOCK29/SES290/SA290S12	SES180	-3.82418	-66.7359	-62.9117
BLOCK29/SES290/SA290S12	SES292	-5.077	-67.9887	-62.9117
BLOCK29/SES290/SA290S13	SES007	-4.35107	-68.4447	-64.0936
BLOCK29/SES290/SA290S13	SES162	-3.87605	-67.9696	-64.0936
BLOCK29/SES290/SA290S13	SES177	-1.93231	-66.0259	-64.0936
BLOCK29/SES290/SA290S13	SES180	-2.86222	-66.9558	-64.0936
BLOCK29/SES290/SA290S22	SES177	-1.9942	-65.6054	-63.6112
BLOCK29/SES290/SA290S22	SES180	-1.89333	-65.5046	-63.6112
BLOCK29/SES290/SA290S22	SES202	-1.94365	-65.5549	-63.6112
BLOCK29/SES290/SA290S22	SES292	-4.48397	-68.0952	-63.6112
BLOCK29/SES290/SA290S25	SES162	-2.4094	-65.7034	-63.294
BLOCK29/SES290/SA290S25	SES177	-2.0145	-65.3085	-63.294
BLOCK29/SES290/SA290S25	SES180	-2.32558	-65.6196	-63.294
BLOCK29/SES290/SA290S25	SES292	-4.00581	-67.2998	-63.294
BLOCK29/SES290/SA290S29	SES177	-0.680168	-63.6333	-62.9531
BLOCK29/SES290/SA290S29	SES180	-1.48296	-64.4361	-62.9531
BLOCK29/SES290/SA290S29	SES275	-3.0948	-66.0479	-62.9531
BLOCK29/SES290/SA290S29	SES292	-3.33292	-66.286	-62.9531
BLOCK29/SES291/SA291S11	SES105	-4.19006	-67.3898	-63.1997
BLOCK29/SES291/SA291S11	SES125	-1.21442	-64.4141	-63.1997
BLOCK29/SES291/SA291S11	SES158	-1.76336	-64.9631	-63.1997
BLOCK29/SES291/SA291S11	SES275	-5.56365	-68.7634	-63.1997
BLOCK29/SES291/SA291S12	SES158	-0.490353	-62.9631	-62.4728
BLOCK29/SES291/SA291S12	SES226	-1.7458	-64.2186	-62.4728
BLOCK29/SES291/SA291S12	SES270	0.226009	-62.2468	-62.4728
BLOCK29/SES291/SA291S12	SES275	-5.8104	-68.2832	-62.4728
BLOCK29/SES291/SA291S22	SES082	-1.52044	-63.9347	-62.4142
BLOCK29/SES291/SA291S22	SES158	-1.3698	-63.784	-62.4142
BLOCK29/SES291/SA291S22	SES259	-2.10324	-64.5175	-62.4142
BLOCK29/SES291/SA291S22	SES275	-5.17192	-67.5861	-62.4142
BLOCK29/SES291/SA291S24	SES104	-0.922421	-62.1594	-61.237
BLOCK29/SES291/SA291S24	SES125	-0.814678	-62.0517	-61.237
BLOCK29/SES291/SA291S24	SES158	-0.911461	-62.1485	-61.237
BLOCK29/SES291/SA291S24	SES275	-5.44689	-66.6839	-61.237
BLOCK29/SES291/SA291S27	SES158	-0.735138	-62.2375	-61.5024
BLOCK29/SES291/SA291S27	SES172	-6.39381	-67.8962	-61.5024
BLOCK29/SES291/SA291S27	SES275	-5.62725	-67.1296	-61.5024
BLOCK29/SES291/SA291S27	SES292	-5.01984	-66.5222	-61.5024
