BLOCK00/SES002/SA002S12	SES002	1.03768	-3.61611	-4.6538
BLOCK00/SES002/SA002S13	SES002	1.06898	-5.05136	-6.12033
BLOCK00/SES002/SA002S23	SES002	0.0494595	-4.59907	-4.64853
BLOCK00/SES002/SA002S26	SES002	-0.0867476	-7.80371	-7.71697
BLOCK00/SES002/SA002S28	SES002	-0.939163	-7.19959	-6.26043
BLOCK00/SES007/SA007S14	SES007	0.314471	-3.47087	-3.78534
BLOCK00/SES007/SA007S15	SES007	0.0437198	-4.62151	-4.66523
BLOCK00/SES007/SA007S24	SES007	-0.0316391	-4.00079	-3.96915
BLOCK00/SES007/SA007S27	SES007	-0.361351	-6.88055	-6.5192
BLOCK00/SES007/SA007S29	SES007	-0.756987	-3.99475	-3.23776
BLOCK00/SES008/SA008S11	SES008	1.54418	-1.08372	-2.62791
BLOCK00/SES008/SA008S12	SES008	0.472194	-2.00692	-2.47911
BLOCK00/SES008/SA008S19	SES008	1.49776	-1.585	-3.08276
BLOCK00/SES008/SA008S22	SES008	0.278164	-3.66731	-3.94547
BLOCK00/SES008/SA008S29	SES008	1.22577	-0.993448	-2.21921
BLOCK01/SES014/SA014S10	SES014	-0.233939	-3.95405	-3.72011
BLOCK01/SES014/SA014S12	SES014	1.82471	-2.41224	-4.23695
BLOCK01/SES014/SA014S24	SES014	1.56972	-3.15706	-4.72678
BLOCK01/SES014/SA014S26	SES014	1.16064	-4.52429	-5.68493
BLOCK01/SES014/SA014S28	SES014	2.68974	-0.177083	-2.86682
BLOCK01/SES016/SA016S12	SES016	-0.360122	-7.16176	-6.80164
BLOCK01/SES016/SA016S13	SES016	0.53406	-5.01602	-5.55008
BLOCK01/SES016/SA016S22	SES016	0.325666	-5.29476	-5.62043
BLOCK01/SES016/SA016S25	SES016	0.888044	-2.87452	-3.76256
BLOCK01/SES016/SA016S27	SES016	0.191208	-6.71448	-6.90569
BLOCK01/SES019/SA019S13	SES019	1.70003	-4.73351	-6.43354
BLOCK01/SES019/SA019S14	SES019	1.35644	-4.40875	-5.76519
BLOCK01/SES019/SA019S22	SES019	2.18313	-2.45479	-4.63792
BLOCK01/SES019/SA019S25	SES019	1.12232	-5.39132	-6.51364
BLOCK01/SES019/SA019S29	SES019	2.11555	-5.41146	-7.52701
BLOCK02/SES029/SA029S11	SES029	0.268237	-3.25483	-3.52307
BLOCK02/SES029/SA029S12	SES029	-0.531663	-4.93127	-4.3996
BLOCK02/SES029/SA029S20	SES029	-0.062778	-2.71742	-2.65464
BLOCK02/SES029/SA029S25	SES029	-0.527818	-4.72245	-4.19463
BLOCK02/SES029/SA029S28	SES029	-0.398711	-4.18292	-3.78421
BLOCK04/SES042/SA042S12	SES042	1.00764	-4.10315	-5.11079
BLOCK04/SES042/SA042S15	SES042	0.373769	-5.39099	-5.76476
BLOCK04/SES042/SA042S22	SES042	2.2691	-8.74999	-11.0191
BLOCK04/SES042/SA042S25	SES042	0.88952	-7.6172	-8.50672
BLOCK04/SES042/SA042S27	SES042	1.69895	-7.25611	-8.95506
BLOCK04/SES048/SA048S11	SES048	0.791185	-2.32026	-3.11145
BLOCK04/SES048/SA048S12	SES048	-0.189104	-5.044	-4.8549
BLOCK04/SES048/SA048S20	SES048	0.169394	-4.01953	-4.18893
BLOCK04/SES048/SA048S23	SES048	0.986232	-2.1913	-3.17753
BLOCK04/SES048/SA048S27	SES048	-0.192506	-4.612	-4.41949
BLOCK06/SES060/SA060S11	SES060	0.621066	-4.88619	-5.50726
BLOCK06/SES060/SA060S12	SES060	-0.315609	-7.86161	-7.546
BLOCK06/SES060/SA060S22	SES060	-2.26697	-7.80352	-5.53654
BLOCK06/SES060/SA060S24	SES060	0.322366	-2.08975	-2.41211
BLOCK06/SES060/SA060S28	SES060	0.4333	-1.40249	-1.83579
BLOCK06/SES062/SA062S10	SES062	-0.528273	-4.86348	-4.33521
BLOCK06/SES062/SA062S11	SES062	0.0913324	-6.25993	-6.35127
BLOCK06/SES062/SA062S21	SES062	0.222485	-0.375754	-0.598239
BLOCK06/SES062/SA062S26	SES062	-0.553479	-4.1509	-3.59742
BLOCK06/SES062/SA062S29	SES062	0.859211	-1.74273	-2.60194
BLOCK06/SES068/SA068S14	SES068	-0.119429	-3.5375	-3.41807
BLOCK06/SES068/SA068S15	SES068	0.521459	-3.93828	-4.45973
BLOCK06/SES068/SA068S23	SES068	-0.355665	-5.13706	-4.78139
BLOCK06/SES068/SA068S27	SES068	0.814578	-3.41475	-4.22933
BLOCK06/SES068/SA068S29	SES068	-0.282754	-4.9987	-4.71594
BLOCK08/SES082/SA082S12	SES082	-1.27248	-5.49179	-4.21931
BLOCK08/SES082/SA082S14	SES082	-0.144361	-4.00016	-3.8558
BLOCK08/SES082/SA082S21	SES082	-0.380897	-3.43261	-3.05171
BLOCK08/SES082/SA082S24	SES082	0.261156	-5.12805	-5.3892
BLOCK08/SES082/SA082S28	SES082	-0.177707	-5.32887	-5.15117
BLOCK08/SES083/SA083S14	SES083	-0.175246	-3.3272	-3.15196
BLOCK08/SES083/SA083S15	SES083	-0.169193	-5.43427	-5.26508
BLOCK08/SES083/SA083S24	SES083	-0.0288525	-4.25769	-4.22883
BLOCK08/SES083/SA083S26	SES083	-0.316286	-6.94344	-6.62715
BLOCK08/SES083/SA083S29	SES083	-0.380345	-5.14734	-4.76699
BLOCK08/SES085/SA085S10	SES085	0.548904	-2.6009	-3.14981
BLOCK08/SES085/SA085S13	SES085	-0.7494	-6.47861	-5.72921
BLOCK08/SES085/SA085S22	SES085	0.199138	-2.77343	-2.97257
BLOCK08/SES085/SA085S26	SES085	-1.02433	-7.59161	-6.56729
BLOCK08/SES085/SA085S28	SES085	0.623889	-3.12488	-3.74877
BLOCK08/SES087/SA087S15	SES087	0.568581	-4.69691	-5.26549
BLOCK08/SES087/SA087S16	SES087	1.23115	-3.34141	-4.57256
BLOCK08/SES087/SA087S24	SES087	0.391834	-8.47348	-8.86532
BLOCK08/SES087/SA087S26	SES087	0.388581	-4.24708	-4.63566
BLOCK08/SES087/SA087S29	SES087	1.18151	-2.36365	-3.54517
BLOCK09/SES099/SA099S15	SES099	1.1474	-4.75042	-5.89782
BLOCK09/SES099/SA099S16	SES099	1.06249	-1.72898	-2.79147
BLOCK09/SES099/SA099S24	SES099	1.28911	-3.52058	-4.80969
BLOCK09/SES099/SA099S26	SES099	0.635911	-4.64991	-5.28582
BLOCK09/SES099/SA099S29	SES099	1.77973	-4.75579	-6.53552
BLOCK10/SES101/SA101S11	SES101	-0.378776	-4.25643	-3.87766
BLOCK10/SES101/SA101S13	SES101	0.356851	-0.20439	-0.561241
BLOCK10/SES101/SA101S22	SES101	0.509478	-4.1479	-4.65738
BLOCK10/SES101/SA101S24	SES101	0.0699148	-4.03836	-4.10827
BLOCK10/SES101/SA101S28	SES101	0.226081	-4.0627	-4.28878
BLOCK10/SES104/SA104S11	SES104	0.678426	-2.50583	-3.18425
BLOCK10/SES104/SA104S12	SES104	0.188838	-4.20419	-4.39302
BLOCK10/SES104/SA104S21	SES104	0.374388	-4.23211	-4.60649
BLOCK10/SES104/SA104S24	SES104	-1.31353	-7.7178	-6.40428
BLOCK10/SES104/SA104S28	SES104	0.0799575	-6.67	-6.74995
BLOCK10/SES105/SA105S12	SES105	0.60596	-5.62054	-6.2265
BLOCK10/SES105/SA105S13	SES105	-0.753372	-6.2453	-5.49193
BLOCK10/SES105/SA105S22	SES105	0.14639	-5.57828	-5.72467
BLOCK10/SES105/SA105S26	SES105	-0.10828	-6.51021	-6.40193
BLOCK10/SES105/SA105S29	SES105	0.93707	-2.74604	-3.68311
BLOCK10/SES106/SA106S09	SES106	-0.00821924	-7.91073	-7.90251
BLOCK10/SES106/SA106S11	SES106	1.3938	-2.92864	-4.32244
BLOCK10/SES106/SA106S22	SES106	2.0703	-6.65021	-8.72051
BLOCK10/SES106/SA106S27	SES106	1.08463	-3.66221	-4.74684
BLOCK10/SES106/SA106S29	SES106	1.02119	-4.11706	-5.13825
BLOCK11/SES117/SA117S12	SES117	0.193754	-5.66177	-5.85553
BLOCK11/SES117/SA117S13	SES117	-0.844946	-4.57102	-3.72607
BLOCK11/SES117/SA117S23	SES117	0.641624	-7.62035	-8.26197
BLOCK11/SES117/SA117S25	SES117	0.502072	-4.48795	-4.99003
BLOCK11/SES117/SA117S28	SES117	0.794328	-7.21186	-8.00619
BLOCK12/SES120/SA120S08	SES120	0.365344	-7.53617	-7.90151
BLOCK12/SES120/SA120S11	SES120	0.364953	-11.8463	-12.2112
BLOCK12/SES120/SA120S22	SES120	-0.0954614	-4.6648	-4.56934
BLOCK12/SES120/SA120S24	SES120	-0.459444	-9.44352	-8.98408
BLOCK12/SES120/SA120S28	SES120	-0.524099	-7.99663	-7.47253
BLOCK12/SES125/SA125S13	SES125	0.893561	-6.97866	-7.87222
BLOCK12/SES125/SA125S14	SES125	0.632532	-8.28161	-8.91414
BLOCK12/SES125/SA125S25	SES125	1.90434	-5.07096	-6.9753
BLOCK12/SES125/SA125S27	SES125	0.78232	-6.00241	-6.78473
BLOCK12/SES125/SA125S29	SES125	0.446727	-4.39446	-4.84118
BLOCK12/SES127/SA127S11	SES127	0.649565	-3.272	-3.92157
BLOCK12/SES127/SA127S12	SES127	0.39237	-0.676571	-1.06894
BLOCK12/SES127/SA127S23	SES127	-0.0115986	-2.36202	-2.35042
BLOCK12/SES127/SA127S25	SES127	-0.790525	-2.53976	-1.74923
BLOCK12/SES127/SA127S27	SES127	0.302392	-2.40448	-2.70687
BLOCK12/SES129/SA129S11	SES129	0.502081	-2.08529	-2.58737
BLOCK12/SES129/SA129S12	SES129	0.659305	-1.36354	-2.02285
BLOCK12/SES129/SA129S22	SES129	1.05949	-1.98634	-3.04583
BLOCK12/SES129/SA129S27	SES129	0.81489	-2.43005	-3.24494
BLOCK12/SES129/SA129S29	SES129	-0.149295	-7.4303	-7.28101
BLOCK14/SES142/SA142S11	SES142	0.852994	-2.87615	-3.72914
BLOCK14/SES142/SA142S12	SES142	0.705094	-7.43813	-8.14323
BLOCK14/SES142/SA142S24	SES142	0.413172	-5.90836	-6.32153
BLOCK14/SES142/SA142S27	SES142	0.581017	-5.3024	-5.88342
BLOCK14/SES142/SA142S29	SES142	0.445621	-5.64246	-6.08808
BLOCK14/SES143/SA143S12	SES143	0.426237	-3.85372	-4.27995
BLOCK14/SES143/SA143S13	SES143	0.581263	-3.64438	-4.22564
BLOCK14/SES143/SA143S23	SES143	-0.413237	-4.50948	-4.09624
BLOCK14/SES143/SA143S25	SES143	-0.149293	-6.65426	-6.50497
BLOCK14/SES143/SA143S28	SES143	0.265277	-5.69203	-5.95731
BLOCK14/SES144/SA144S09	SES144	0.10508	-3.65015	-3.75523
BLOCK14/SES144/SA144S11	SES144	0.0812106	-3.60056	-3.68177
BLOCK14/SES144/SA144S21	SES144	-0.819086	-3.7937	-2.97461
BLOCK14/SES144/SA144S25	SES144	0.0080328	-4.17988	-4.18791
BLOCK14/SES144/SA144S29	SES144	-1.56423	-6.12503	-4.5608
BLOCK14/SES146/SA146S14	SES146	-0.244122	-4.95434	-4.71022
BLOCK14/SES146/SA146S15	SES146	-0.164645	-5.30612	-5.14148
BLOCK14/SES146/SA146S24	SES146	-0.0119867	-5.94457	-5.93259
BLOCK14/SES146/SA146S26	SES146	0.299965	-5.00545	-5.30542
BLOCK14/SES146/SA146S29	SES146	0.0222478	-6.2998	-6.32204
BLOCK14/SES147/SA147S11	SES147	-0.20993	-5.47042	-5.26049
BLOCK14/SES147/SA147S13	SES147	0.5749	-2.24546	-2.82036
BLOCK14/SES147/SA147S23	SES147	0.263791	-2.93036	-3.19415
BLOCK14/SES147/SA147S26	SES147	0.7434	-2.64586	-3.38926
BLOCK14/SES147/SA147S28	SES147	1.21571	-0.78013	-1.99584
BLOCK14/SES148/SA148S10	SES148	0.205734	-2.22069	-2.42643
BLOCK14/SES148/SA148S12	SES148	-0.230294	-4.04935	-3.81906
BLOCK14/SES148/SA148S22	SES148	0.645119	-1.66017	-2.30529
BLOCK14/SES148/SA148S26	SES148	-0.175921	-1.38391	-1.20799
BLOCK14/SES148/SA148S29	SES148	-0.857941	-5.02606	-4.16811
BLOCK14/SES149/SA149S13	SES149	-0.499798	-4.20569	-3.70589
BLOCK14/SES149/SA149S14	SES149	-0.158566	-2.24247	-2.0839
BLOCK14/SES149/SA149S24	SES149	0.43149	-2.77669	-3.20818
BLOCK14/SES149/SA149S26	SES149	0.332978	-3.68758	-4.02056
BLOCK14/SES149/SA149S28	SES149	1.07617	1.15188	0.0757094
BLOCK15/SES158/SA158S13	SES158	1.19121	-7.41979	-8.611
BLOCK15/SES158/SA158S14	SES158	1.74254	-7.72163	-9.46417
BLOCK15/SES158/SA158S23	SES158	0.726279	-5.31395	-6.04023
BLOCK15/SES158/SA158S26	SES158	1.32094	-7.36236	-8.6833
BLOCK15/SES158/SA158S28	SES158	0.271518	-6.79266	-7.06418
BLOCK16/SES162/SA162S10	SES162	0.142762	-6.41484	-6.5576
BLOCK16/SES162/SA162S11	SES162	-0.0891311	-2.93986	-2.85073
BLOCK16/SES162/SA162S21	SES162	0.402127	-3.36672	-3.76885
BLOCK16/SES162/SA162S24	SES162	0.967871	-2.91848	-3.88635
BLOCK16/SES162/SA162S27	SES162	1.07682	-6.66957	-7.7464
BLOCK16/SES167/SA167S14	SES167	0.836078	-1.08722	-1.92329
BLOCK16/SES167/SA167S15	SES167	0.776284	-0.702341	-1.47862
BLOCK16/SES167/SA167S21	SES167	1.45882	0.652034	-0.80679
BLOCK16/SES167/SA167S25	SES167	1.35074	-2.25722	-3.60797
BLOCK16/SES167/SA167S29	SES167	1.93286	0.839024	-1.09383
BLOCK17/SES172/SA172S12	SES172	0.297005	-5.17526	-5.47226
BLOCK17/SES172/SA172S13	SES172	0.373859	-5.42836	-5.80222
BLOCK17/SES172/SA172S23	SES172	0.450171	-2.26057	-2.71074
BLOCK17/SES172/SA172S27	SES172	-0.412333	-6.35933	-5.947
BLOCK17/SES172/SA172S29	SES172	0.881454	-2.85171	-3.73316
BLOCK17/SES175/SA175S11	SES175	-0.00738001	-6.05932	-6.05194
BLOCK17/SES175/SA175S13	SES175	0.569118	-0.509579	-1.0787
BLOCK17/SES175/SA175S23	SES175	0.748455	-1.85399	-2.60245
BLOCK17/SES175/SA175S25	SES175	0.14384	-4.88062	-5.02446
BLOCK17/SES175/SA175S28	SES175	0.451182	-3.60881	-4.05999
BLOCK17/SES177/SA177S15	SES177	-0.40904	-5.58401	-5.17497
BLOCK17/SES177/SA177S17	SES177	-0.182703	-5.01922	-4.83652
BLOCK17/SES177/SA177S23	SES177	-0.604143	-4.73624	-4.13209
BLOCK17/SES177/SA177S26	SES177	0.498007	-0.976214	-1.47422
BLOCK17/SES177/SA177S28	SES177	-0.148728	-6.3383	-6.18957
BLOCK18/SES180/SA180S13	SES180	-0.164587	-7.39671	-7.23212
BLOCK18/SES180/SA180S15	SES180	-0.17022	-2.94557	-2.77535
BLOCK18/SES180/SA180S24	SES180	-0.0311775	-2.73623	-2.70505
BLOCK18/SES180/SA180S26	SES180	-0.801036	-4.53014	-3.7291
BLOCK18/SES180/SA180S29	SES180	-0.370599	-6.80216	-6.43156
BLOCK18/SES183/SA183S13	SES183	0.437336	-4.41915	-4.85649
BLOCK18/SES183/SA183S14	SES183	-0.679795	-4.97808	-4.29829
BLOCK18/SES183/SA183S24	SES183	0.337314	-5.84583	-6.18314
BLOCK18/SES183/SA183S27	SES183	0.649237	-4.82022	-5.46946
BLOCK18/SES183/SA183S29	SES183	0.845603	-3.03995	-3.88555
BLOCK18/SES187/SA187S13	SES187	-0.143644	-6.48252	-6.33887
BLOCK18/SES187/SA187S14	SES187	-1.00908	-7.12102	-6.11193
BLOCK18/SES187/SA187S24	SES187	0.468635	-4.47177	-4.9404
BLOCK18/SES187/SA187S27	SES187	0.768063	-3.18532	-3.95338
BLOCK18/SES187/SA187S29	SES187	-0.72015	-8.5425	-7.82235
BLOCK18/SES189/SA189S10	SES189	0.600399	-6.04532	-6.64572
BLOCK18/SES189/SA189S13	SES189	0.78575	-9.73072	-10.5165
BLOCK18/SES189/SA189S24	SES189	1.12861	-5.28536	-6.41397
BLOCK18/SES189/SA189S26	SES189	0.940555	-5.28237	-6.22292
BLOCK18/SES189/SA189S29	SES189	1.07484	-4.96701	-6.04185
BLOCK20/SES202/SA202S12	SES202	0.787087	-8.20208	-8.98916
BLOCK20/SES202/SA202S14	SES202	0.98538	-5.78971	-6.77509
BLOCK20/SES202/SA202S24	SES202	-0.1545	-7.27292	-7.11842
BLOCK20/SES202/SA202S27	SES202	0.682645	-3.82135	-4.50399
BLOCK20/SES202/SA202S29	SES202	0.999623	-4.82175	-5.82137
BLOCK20/SES206/SA206S15	SES206	-0.752878	-3.04412	-2.29124
BLOCK20/SES206/SA206S17	SES206	1.08675	-4.92878	-6.01553
BLOCK20/SES206/SA206S24	SES206	0.694135	-2.93636	-3.6305
BLOCK20/SES206/SA206S27	SES206	1.55645	-5.60079	-7.15724
BLOCK20/SES206/SA206S29	SES206	0.997836	-6.02041	-7.01825
BLOCK22/SES226/SA226S12	SES226	0.883843	-3.52769	-4.41153
BLOCK22/SES226/SA226S13	SES226	-1.17048	-4.77216	-3.60168
BLOCK22/SES226/SA226S20	SES226	0.302957	-3.54802	-3.85098
BLOCK22/SES226/SA226S23	SES226	-0.177957	-3.3362	-3.15825
BLOCK22/SES226/SA226S28	SES226	0.783818	-2.8969	-3.68072
BLOCK25/SES259/SA259S13	SES259	2.04589	-4.23939	-6.28529
BLOCK25/SES259/SA259S14	SES259	1.25917	-4.08306	-5.34223
BLOCK25/SES259/SA259S22	SES259	1.03095	-4.12852	-5.15947
BLOCK25/SES259/SA259S24	SES259	0.865798	-5.09051	-5.9563
BLOCK25/SES259/SA259S28	SES259	0.752418	-4.72765	-5.48007
BLOCK27/SES270/SA270S14	SES270	1.64721	-3.49701	-5.14422
BLOCK27/SES270/SA270S16	SES270	0.501232	-2.78061	-3.28184
BLOCK27/SES270/SA270S22	SES270	1.60376	-3.05041	-4.65417
BLOCK27/SES270/SA270S26	SES270	1.51696	-4.50006	-6.01702
BLOCK27/SES270/SA270S28	SES270	1.75994	-1.29307	-3.05301
BLOCK27/SES275/SA275S17	SES275	0.0794592	-3.6636	-3.74306
BLOCK27/SES275/SA275S18	SES275	-0.0818944	-4.56732	-4.48543
BLOCK27/SES275/SA275S24	SES275	-0.259803	-4.85015	-4.59035
BLOCK27/SES275/SA275S26	SES275	0.666469	-3.54944	-4.21591
BLOCK27/SES275/SA275S28	SES275	0.0982404	-4.08516	-4.1834
BLOCK29/SES292/SA292S10	SES292	-0.818204	-4.45163	-3.63343
BLOCK29/SES292/SA292S12	SES292	0.470769	-5.33635	-5.80712
BLOCK29/SES292/SA292S22	SES292	-0.409004	-4.84034	-4.43134
BLOCK29/SES292/SA292S24	SES292	0.329143	-2.23554	-2.56468
BLOCK29/SES292/SA292S27	SES292	-0.664336	-3.63931	-2.97497
BLOCK00/SES001/SA001S14	SES062	-4.02363	-10.9353	-6.91163
BLOCK00/SES001/SA001S14	SES082	-1.31389	-8.22552	-6.91163
BLOCK00/SES001/SA001S14	SES106	-1.35605	-8.26767	-6.91163
BLOCK00/SES001/SA001S14	SES206	-1.984	-8.89562	-6.91163
BLOCK00/SES001/SA001S15	SES062	-2.91236	-8.21191	-5.29955
BLOCK00/SES001/SA001S15	SES104	-1.33778	-6.63733	-5.29955
BLOCK00/SES001/SA001S15	SES106	-0.73685	-6.0364	-5.29955
BLOCK00/SES001/SA001S15	SES206	-1.82713	-7.12668	-5.29955
BLOCK00/SES001/SA001S24	SES062	-4.34198	-11.205	-6.86301
BLOCK00/SES001/SA001S24	SES082	-2.56211	-9.42512	-6.86301
BLOCK00/SES001/SA001S24	SES087	-4.94109	-11.8041	-6.86301
BLOCK00/SES001/SA001S24	SES206	-1.98136	-8.84437	-6.86301
BLOCK00/SES001/SA001S27	SES062	-1.85242	-4.21465	-2.36223
BLOCK00/SES001/SA001S27	SES082	-1.14353	-3.50576	-2.36223
BLOCK00/SES001/SA001S27	SES087	-1.11507	-3.4773	-2.36223
BLOCK00/SES001/SA001S27	SES206	-2.09304	-4.45527	-2.36223
BLOCK00/SES001/SA001S29	SES062	-3.25181	-9.3775	-6.12569
BLOCK00/SES001/SA001S29	SES082	-1.59989	-7.72558	-6.12569
BLOCK00/SES001/SA001S29	SES158	-1.32122	-7.44691	-6.12569
BLOCK00/SES001/SA001S29	SES206	-2.82567	-8.95136	-6.12569
BLOCK00/SES003/SA003S11	SES002	-0.160698	-3.14599	-2.98529
BLOCK00/SES003/SA003S11	SES019	-1.60455	-4.58984	-2.98529
BLOCK00/SES003/SA003S11	SES082	-1.07147	-4.05676	-2.98529
BLOCK00/SES003/SA003S11	SES125	-1.48749	-4.47278	-2.98529
BLOCK00/SES003/SA003S15	SES016	-1.40955	-5.95073	-4.54118
BLOCK00/SES003/SA003S15	SES019	-3.43303	-7.97421	-4.54118
BLOCK00/SES003/SA003S15	SES062	0.244663	-4.29652	-4.54118
BLOCK00/SES003/SA003S15	SES206	-1.04984	-5.59102	-4.54118
BLOCK00/SES003/SA003S22	SES002	-1.29056	-4.96134	-3.67079
BLOCK00/SES003/SA003S22	SES062	-1.37797	-5.04876	-3.67079
BLOCK00/SES003/SA003S22	SES082	-1.17763	-4.84842	-3.67079
BLOCK00/SES003/SA003S22	SES087	-1.91735	-5.58814	-3.67079
BLOCK00/SES003/SA003S25	SES062	-1.90405	-7.98075	-6.07671
BLOCK00/SES003/SA003S25	SES082	-1.59238	-7.66908	-6.07671
BLOCK00/SES003/SA003S25	SES087	-0.459424	-6.53613	-6.07671
BLOCK00/SES003/SA003S25	SES206	-2.35708	-8.43379	-6.07671
BLOCK00/SES003/SA003S29	SES002	-1.02784	-4.80961	-3.78178
BLOCK00/SES003/SA003S29	SES062	-2.10872	-5.8905	-3.78178
BLOCK00/SES003/SA003S29	SES082	-1.92069	-5.70247	-3.78178
BLOCK00/SES003/SA003S29	SES087	-1.42375	-5.20553	-3.78178
BLOCK00/SES004/SA004S12	SES083	-1.62072	-3.93269	-2.31198
BLOCK00/SES004/SA004S12	SES148	-2.01198	-4.32395	-2.31198
BLOCK00/SES004/SA004S12	SES172	-0.427898	-2.73987	-2.31198
BLOCK00/SES004/SA004S12	SES292	-2.13341	-4.44538	-2.31198
BLOCK00/SES004/SA004S17	SES083	-1.43537	-4.81108	-3.37571
BLOCK00/SES004/SA004S17	SES162	-0.467637	-3.84335	-3.37571
BLOCK00/SES004/SA004S17	SES172	-0.322407	-3.69812	-3.37571
BLOCK00/SES004/SA004S17	SES292	-1.64724	-5.02295	-3.37571
BLOCK00/SES004/SA004S24	SES083	-1.83403	-5.48066	-3.64663
BLOCK00/SES004/SA004S24	SES148	-2.9631	-6.60973	-3.64663
BLOCK00/SES004/SA004S24	SES172	-0.596967	-4.2436	-3.64663
BLOCK00/SES004/SA004S24	SES292	-1.78511	-5.43174	-3.64663
BLOCK00/SES004/SA004S26	SES083	-1.40522	-6.13897	-4.73375
BLOCK00/SES004/SA004S26	SES127	-2.54902	-7.28277	-4.73375
BLOCK00/SES004/SA004S26	SES148	-3.66769	-8.40144	-4.73375
BLOCK00/SES004/SA004S26	SES292	-2.59572	-7.32947	-4.73375
BLOCK00/SES004/SA004S28	SES083	-1.48901	-1.79942	-0.310407
BLOCK00/SES004/SA004S28	SES127	-0.447582	-0.757989	-0.310407
BLOCK00/SES004/SA004S28	SES187	-0.416865	-0.727271	-0.310407
BLOCK00/SES004/SA004S28	SES292	-1.71821	-2.02862	-0.310407
BLOCK00/SES006/SA006S10	SES014	-5.80763	-14.9068	-9.0992
BLOCK00/SES006/SA006S10	SES158	-4.49721	-13.5964	-9.0992
BLOCK00/SES006/SA006S10	SES226	-7.58559	-16.6848	-9.0992
BLOCK00/SES006/SA006S10	SES270	-4.7638	-13.863	-9.0992
BLOCK00/SES006/SA006S11	SES158	-3.63956	-11.4254	-7.78582
BLOCK00/SES006/SA006S11	SES226	-4.33672	-12.1225	-7.78582
BLOCK00/SES006/SA006S11	SES270	-2.78475	-10.5706	-7.78582
BLOCK00/SES006/SA006S11	SES275	-1.79112	-9.57694	-7.78582
BLOCK00/SES006/SA006S23	SES062	-4.41534	-11.4215	-7.0062
BLOCK00/SES006/SA006S23	SES105	-3.58615	-10.5924	-7.0062
BLOCK00/SES006/SA006S23	SES158	-4.49177	-11.498	-7.0062
BLOCK00/SES006/SA006S23	SES275	-2.76196	-9.76816	-7.0062
BLOCK00/SES006/SA006S26	SES104	-6.36659	-14.4194	-8.05281
BLOCK00/SES006/SA006S26	SES158	-4.49273	-12.5455	-8.05281
BLOCK00/SES006/SA006S26	SES270	-3.00685	-11.0597	-8.05281
BLOCK00/SES006/SA006S26	SES275	-1.44257	-9.49538	-8.05281
BLOCK00/SES006/SA006S28	SES007	-2.72024	-10.2157	-7.49549
BLOCK00/SES006/SA006S28	SES105	-3.01654	-10.512	-7.49549
BLOCK00/SES006/SA006S28	SES158	-2.54556	-10.041	-7.49549
BLOCK00/SES006/SA006S28	SES275	-2.8831	-10.3786	-7.49549
BLOCK00/SES009/SA009S12	SES083	-2.89504	-8.60823	-5.71319
BLOCK00/SES009/SA009S12	SES148	-5.39177	-11.105	-5.71319
BLOCK00/SES009/SA009S12	SES177	-1.40157	-7.11476	-5.71319
BLOCK00/SES009/SA009S12	SES292	-2.15264	-7.86584	-5.71319
BLOCK00/SES009/SA009S15	SES007	-1.51982	-6.72998	-5.21016
BLOCK00/SES009/SA009S15	SES099	-3.66492	-8.87509	-5.21016
BLOCK00/SES009/SA009S15	SES148	-5.86867	-11.0788	-5.21016
BLOCK00/SES009/SA009S15	SES172	-1.20406	-6.41423	-5.21016
BLOCK00/SES009/SA009S24	SES146	-1.62371	-7.80419	-6.18048
BLOCK00/SES009/SA009S24	SES148	-4.9556	-11.1361	-6.18048
BLOCK00/SES009/SA009S24	SES177	-1.09914	-7.27962	-6.18048
BLOCK00/SES009/SA009S24	SES292	-1.83295	-8.01343	-6.18048
BLOCK00/SES009/SA009S26	SES083	-2.38112	-6.99659	-4.61546
BLOCK00/SES009/SA009S26	SES101	-2.94686	-7.56232	-4.61546
BLOCK00/SES009/SA009S26	SES120	-1.57166	-6.18713	-4.61546
BLOCK00/SES009/SA009S26	SES177	-1.22839	-5.84385	-4.61546
BLOCK00/SES009/SA009S29	SES083	-2.10844	-6.78902	-4.68058
BLOCK00/SES009/SA009S29	SES101	-2.90968	-7.59026	-4.68058
BLOCK00/SES009/SA009S29	SES177	-1.12319	-5.80377	-4.68058
BLOCK00/SES009/SA009S29	SES292	-1.76203	-6.44261	-4.68058
BLOCK01/SES011/SA011S10	SES019	-5.58277	-14.1085	-8.52578
BLOCK01/SES011/SA011S10	SES042	-1.6347	-10.1605	-8.52578
BLOCK01/SES011/SA011S10	SES082	-2.91248	-11.4383	-8.52578
BLOCK01/SES011/SA011S10	SES206	-1.25621	-9.78199	-8.52578
BLOCK01/SES011/SA011S11	SES019	-2.10243	-9.70074	-7.59832
BLOCK01/SES011/SA011S11	SES042	-1.35004	-8.94835	-7.59832
BLOCK01/SES011/SA011S11	SES082	-0.79237	-8.39069	-7.59832
BLOCK01/SES011/SA011S11	SES206	-2.33345	-9.93177	-7.59832
BLOCK01/SES011/SA011S22	SES019	-2.83918	-10.9268	-8.08763
BLOCK01/SES011/SA011S22	SES042	0.35877	-7.72886	-8.08763
BLOCK01/SES011/SA011S22	SES082	-1.31711	-9.40474	-8.08763
BLOCK01/SES011/SA011S22	SES206	-1.29086	-9.37849	-8.08763
BLOCK01/SES011/SA011S24	SES019	-3.46932	-10.5729	-7.10362
BLOCK01/SES011/SA011S24	SES042	-0.36592	-7.46954	-7.10362
BLOCK01/SES011/SA011S24	SES104	-1.24108	-8.3447	-7.10362
BLOCK01/SES011/SA011S24	SES206	-0.60182	-7.70544	-7.10362
BLOCK01/SES011/SA011S27	SES082	-1.64085	-7.5704	-5.92955
BLOCK01/SES011/SA011S27	SES087	-3.92759	-9.85714	-5.92955
BLOCK01/SES011/SA011S27	SES125	-2.24152	-8.17108	-5.92955
BLOCK01/SES011/SA011S27	SES206	-1.84093	-7.77049	-5.92955
BLOCK01/SES012/SA012S11	SES007	-1.33533	-5.09376	-3.75843
BLOCK01/SES012/SA012S11	SES082	-1.14935	-4.90779	-3.75843
BLOCK01/SES012/SA012S11	SES083	-1.49859	-5.25703	-3.75843
BLOCK01/SES012/SA012S11	SES206	-0.623599	-4.38203	-3.75843
BLOCK01/SES012/SA012S14	SES082	-1.61802	-7.84948	-6.23146
BLOCK01/SES012/SA012S14	SES087	-2.68411	-8.91557	-6.23146
BLOCK01/SES012/SA012S14	SES206	-0.708159	-6.93962	-6.23146
BLOCK01/SES012/SA012S14	SES292	-1.18487	-7.41633	-6.23146
BLOCK01/SES012/SA012S24	SES082	-1.45818	-9.26277	-7.80459
BLOCK01/SES012/SA012S24	SES087	-2.83479	-10.6394	-7.80459
BLOCK01/SES012/SA012S24	SES120	-2.05018	-9.85477	-7.80459
BLOCK01/SES012/SA012S24	SES206	-1.84504	-9.64964	-7.80459
BLOCK01/SES012/SA012S26	SES019	-7.05005	-15.3711	-8.32107
BLOCK01/SES012/SA012S26	SES082	-1.82056	-10.1416	-8.32107
BLOCK01/SES012/SA012S26	SES206	-0.156383	-8.47745	-8.32107
BLOCK01/SES012/SA012S26	SES292	-1.69789	-10.019	-8.32107
BLOCK01/SES012/SA012S29	SES062	-1.58059	-3.54673	-1.96614
BLOCK01/SES012/SA012S29	SES082	-0.896892	-2.86303	-1.96614
BLOCK01/SES012/SA012S29	SES083	-2.03469	-4.00083	-1.96614
BLOCK01/SES012/SA012S29	SES206	0.0243016	-1.94184	-1.96614
BLOCK01/SES013/SA013S16	SES062	-4.28151	-11.6654	-7.38388
BLOCK01/SES013/SA013S16	SES106	-2.33549	-9.71938	-7.38388
BLOCK01/SES013/SA013S16	SES206	-2.70886	-10.0927	-7.38388
BLOCK01/SES013/SA013S16	SES226	-3.12739	-10.5113	-7.38388
BLOCK01/SES013/SA013S17	SES062	-2.43692	-6.99024	-4.55332
BLOCK01/SES013/SA013S17	SES106	-2.41661	-6.96993	-4.55332
BLOCK01/SES013/SA013S17	SES206	-1.54675	-6.10007	-4.55332
BLOCK01/SES013/SA013S17	SES226	-1.3593	-5.91262	-4.55332
BLOCK01/SES013/SA013S23	SES104	-0.937824	-6.30732	-5.3695
BLOCK01/SES013/SA013S23	SES106	-1.14531	-6.51481	-5.3695
BLOCK01/SES013/SA013S23	SES206	-1.96604	-7.33554	-5.3695
BLOCK01/SES013/SA013S23	SES270	-2.11184	-7.48134	-5.3695
BLOCK01/SES013/SA013S25	SES042	-3.79261	-9.61228	-5.81968
BLOCK01/SES013/SA013S25	SES104	0.339056	-5.48062	-5.81968
BLOCK01/SES013/SA013S25	SES106	-0.377186	-6.19686	-5.81968
BLOCK01/SES013/SA013S25	SES206	-1.14926	-6.96894	-5.81968
BLOCK01/SES013/SA013S29	SES062	-3.71972	-10.4561	-6.73634
BLOCK01/SES013/SA013S29	SES104	-0.123618	-6.85996	-6.73634
BLOCK01/SES013/SA013S29	SES106	-0.745615	-7.48196	-6.73634
BLOCK01/SES013/SA013S29	SES206	-1.74132	-8.47766	-6.73634
BLOCK02/SES021/SA021S13	SES016	-2.72409	-6.93637	-4.21228
BLOCK02/SES021/SA021S13	SES029	-2.65661	-6.86889	-4.21228
BLOCK02/SES021/SA021S13	SES087	-2.98224	-7.19452	-4.21228
BLOCK02/SES021/SA021S13	SES206	-2.15663	-6.36891	-4.21228
BLOCK02/SES021/SA021S15	SES087	-0.930164	-5.55431	-4.62414
BLOCK02/SES021/SA021S15	SES125	-0.821627	-5.44577	-4.62414
BLOCK02/SES021/SA021S15	SES206	-2.01414	-6.63829	-4.62414
BLOCK02/SES021/SA021S15	SES226	-1.26932	-5.89347	-4.62414
BLOCK02/SES021/SA021S23	SES062	-4.43711	-9.85767	-5.42056
BLOCK02/SES021/SA021S23	SES087	-1.20458	-6.62514	-5.42056
BLOCK02/SES021/SA021S23	SES206	-1.55237	-6.97293	-5.42056
BLOCK02/SES021/SA021S23	SES226	-1.9601	-7.38066	-5.42056
BLOCK02/SES021/SA021S27	SES002	-2.37477	-5.10179	-2.72702
BLOCK02/SES021/SA021S27	SES016	-4.82178	-7.5488	-2.72702
BLOCK02/SES021/SA021S27	SES019	-2.51132	-5.23834	-2.72702
BLOCK02/SES021/SA021S27	SES062	-1.96322	-4.69024	-2.72702
BLOCK02/SES021/SA021S29	SES087	-1.43211	-6.10257	-4.67046
BLOCK02/SES021/SA021S29	SES125	-1.44744	-6.1179	-4.67046
BLOCK02/SES021/SA021S29	SES206	-0.68178	-5.35224	-4.67046
BLOCK02/SES021/SA021S29	SES226	-1.38063	-6.05109	-4.67046
BLOCK04/SES043/SA043S09	SES083	-0.788926	-7.19911	-6.41018
BLOCK04/SES043/SA043S09	SES101	-0.962606	-7.37279	-6.41018
BLOCK04/SES043/SA043S09	SES144	-0.761103	-7.17128	-6.41018
BLOCK04/SES043/SA043S09	SES172	-1.64425	-8.05443	-6.41018
BLOCK04/SES043/SA043S11	SES083	-0.394618	-3.39406	-2.99944
BLOCK04/SES043/SA043S11	SES101	-0.918182	-3.91762	-2.99944
BLOCK04/SES043/SA043S11	SES144	-0.424512	-3.42395	-2.99944
BLOCK04/SES043/SA043S11	SES172	-1.64629	-4.64573	-2.99944
BLOCK04/SES043/SA043S23	SES083	-1.06049	-4.77943	-3.71894
BLOCK04/SES043/SA043S23	SES144	-0.17108	-3.89002	-3.71894
BLOCK04/SES043/SA043S23	SES177	-1.73179	-5.45073	-3.71894
BLOCK04/SES043/SA043S23	SES275	-1.12515	-4.84409	-3.71894
BLOCK04/SES043/SA043S26	SES083	-0.759968	-9.65627	-8.8963
BLOCK04/SES043/SA043S26	SES101	-0.744949	-9.64125	-8.8963
BLOCK04/SES043/SA043S26	SES144	-1.03218	-9.92848	-8.8963
BLOCK04/SES043/SA043S26	SES177	-2.03364	-10.9299	-8.8963
BLOCK04/SES043/SA043S28	SES016	-2.3311	-6.86334	-4.53224
BLOCK04/SES043/SA043S28	SES083	-1.31489	-5.84713	-4.53224
BLOCK04/SES043/SA043S28	SES101	-1.19822	-5.73046	-4.53224
BLOCK04/SES043/SA043S28	SES144	-1.99708	-6.52932	-4.53224
BLOCK04/SES044/SA044S10	SES127	-5.60377	-15.1432	-9.53943
BLOCK04/SES044/SA044S10	SES144	-1.55061	-11.09	-9.53943
BLOCK04/SES044/SA044S10	SES147	-5.59103	-15.1305	-9.53943
BLOCK04/SES044/SA044S10	SES148	-4.93818	-14.4776	-9.53943
BLOCK04/SES044/SA044S11	SES101	-1.1533	-8.13278	-6.97947
BLOCK04/SES044/SA044S11	SES144	-0.892739	-7.87221	-6.97947
BLOCK04/SES044/SA044S11	SES147	-2.71896	-9.69843	-6.97947
BLOCK04/SES044/SA044S11	SES177	-1.97485	-8.95432	-6.97947
BLOCK04/SES044/SA044S24	SES007	-2.88948	-9.54148	-6.652
BLOCK04/SES044/SA044S24	SES101	-0.786175	-7.43817	-6.652
BLOCK04/SES044/SA044S24	SES147	-2.42701	-9.07901	-6.652
BLOCK04/SES044/SA044S24	SES177	-1.84451	-8.49651	-6.652
BLOCK04/SES044/SA044S26	SES007	-1.66649	-5.20509	-3.5386
BLOCK04/SES044/SA044S26	SES016	-1.5536	-5.0922	-3.5386
BLOCK04/SES044/SA044S26	SES101	-2.05667	-5.59527	-3.5386
BLOCK04/SES044/SA044S26	SES147	-1.50307	-5.04167	-3.5386
BLOCK04/SES044/SA044S29	SES007	-2.62779	-6.96012	-4.33232
BLOCK04/SES044/SA044S29	SES101	-2.79399	-7.12631	-4.33232
BLOCK04/SES044/SA044S29	SES147	-2.11836	-6.45069	-4.33232
BLOCK04/SES044/SA044S29	SES177	-2.49775	-6.83007	-4.33232
BLOCK04/SES046/SA046S13	SES101	-1.24074	-7.60745	-6.36671
BLOCK04/SES046/SA046S13	SES144	-1.67245	-8.03916	-6.36671
BLOCK04/SES046/SA046S13	SES147	-2.02856	-8.39527	-6.36671
BLOCK04/SES046/SA046S13	SES177	-1.73757	-8.10428	-6.36671
BLOCK04/SES046/SA046S15	SES048	-0.386616	-2.95754	-2.57093
BLOCK04/SES046/SA046S15	SES083	-1.42151	-3.99244	-2.57093
BLOCK04/SES046/SA046S15	SES120	-2.66202	-5.23294	-2.57093
BLOCK04/SES046/SA046S15	SES148	-1.8598	-4.43072	-2.57093
BLOCK04/SES046/SA046S22	SES101	-1.56102	-7.09861	-5.53759
BLOCK04/SES046/SA046S22	SES144	-0.453428	-5.99102	-5.53759
BLOCK04/SES046/SA046S22	SES147	-1.50748	-7.04507	-5.53759
BLOCK04/SES046/SA046S22	SES172	-0.70769	-6.24528	-5.53759
BLOCK04/SES046/SA046S25	SES083	-0.909987	-4.16685	-3.25686
BLOCK04/SES046/SA046S25	SES127	-1.43476	-4.69162	-3.25686
BLOCK04/SES046/SA046S25	SES144	-0.862235	-4.11909	-3.25686
BLOCK04/SES046/SA046S25	SES148	-0.916175	-4.17303	-3.25686
BLOCK04/SES046/SA046S28	SES007	-1.93139	-6.24539	-4.314
BLOCK04/SES046/SA046S28	SES105	-2.72899	-7.04299	-4.314
BLOCK04/SES046/SA046S28	SES147	-1.89798	-6.21198	-4.314
BLOCK04/SES046/SA046S28	SES148	-2.52759	-6.84159	-4.314
BLOCK04/SES049/SA049S16	SES104	-1.03603	-7.97823	-6.9422
BLOCK04/SES049/SA049S16	SES106	-2.6234	-9.5656	-6.9422
BLOCK04/SES049/SA049S16	SES120	-2.02238	-8.96459	-6.9422
BLOCK04/SES049/SA049S16	SES206	-1.82709	-8.7693	-6.9422
BLOCK04/SES049/SA049S18	SES099	-0.0406981	-6.62861	-6.58792
BLOCK04/SES049/SA049S18	SES104	-0.949288	-7.5372	-6.58792
BLOCK04/SES049/SA049S18	SES125	-2.22653	-8.81444	-6.58792
BLOCK04/SES049/SA049S18	SES206	-1.58007	-8.16799	-6.58792
BLOCK04/SES049/SA049S25	SES087	-1.6971	-7.92898	-6.23188
BLOCK04/SES049/SA049S25	SES104	-0.885819	-7.1177	-6.23188
BLOCK04/SES049/SA049S25	SES125	-2.23061	-8.4625	-6.23188
BLOCK04/SES049/SA049S25	SES206	-1.3884	-7.62028	-6.23188
BLOCK04/SES049/SA049S27	SES099	-1.54558	-2.94641	-1.40083
BLOCK04/SES049/SA049S27	SES104	-0.413892	-1.81473	-1.40083
BLOCK04/SES049/SA049S27	SES125	-1.9033	-3.30413	-1.40083
BLOCK04/SES049/SA049S27	SES206	-2.07939	-3.48023	-1.40083
BLOCK04/SES049/SA049S29	SES099	0.111687	-2.55367	-2.66536
BLOCK04/SES049/SA049S29	SES104	0.224069	-2.44129	-2.66536
BLOCK04/SES049/SA049S29	SES125	-0.477739	-3.1431	-2.66536
BLOCK04/SES049/SA049S29	SES206	-1.29567	-3.96103	-2.66536
BLOCK06/SES063/SA063S09	SES068	-2.36368	-9.17236	-6.80867
BLOCK06/SES063/SA063S09	SES083	-1.04318	-7.85186	-6.80867
BLOCK06/SES063/SA063S09	SES177	-1.45988	-8.26855	-6.80867
BLOCK06/SES063/SA063S09	SES187	-2.27566	-9.08434	-6.80867
BLOCK06/SES063/SA063S10	SES068	-2.76803	-8.86481	-6.09679
BLOCK06/SES063/SA063S10	SES083	-1.77127	-7.86806	-6.09679
BLOCK06/SES063/SA063S10	SES172	-2.05611	-8.15289	-6.09679
BLOCK06/SES063/SA063S10	SES187	-1.75789	-7.85468	-6.09679
BLOCK06/SES063/SA063S20	SES068	-2.55649	-9.83406	-7.27757
BLOCK06/SES063/SA063S20	SES083	-1.02092	-8.29849	-7.27757
BLOCK06/SES063/SA063S20	SES172	-1.40847	-8.68604	-7.27757
BLOCK06/SES063/SA063S20	SES187	-1.23256	-8.51013	-7.27757
BLOCK06/SES063/SA063S24	SES029	-2.95363	-10.1268	-7.17314
BLOCK06/SES063/SA063S24	SES083	0.07867	-7.09447	-7.17314
BLOCK06/SES063/SA063S24	SES177	-1.54501	-8.71816	-7.17314
BLOCK06/SES063/SA063S24	SES189	-1.46604	-8.63919	-7.17314
BLOCK06/SES063/SA063S27	SES083	-0.74629	-7.97824	-7.23195
BLOCK06/SES063/SA063S27	SES172	-1.94173	-9.17368	-7.23195
BLOCK06/SES063/SA063S27	SES187	-2.19541	-9.42736	-7.23195
BLOCK06/SES063/SA063S27	SES292	-2.14447	-9.37642	-7.23195
BLOCK06/SES067/SA067S12	SES083	-1.75482	-5.85928	-4.10447
BLOCK06/SES067/SA067S12	SES172	-1.77571	-5.88017	-4.10447
BLOCK06/SES067/SA067S12	SES202	-1.44571	-5.55018	-4.10447
BLOCK06/SES067/SA067S12	SES292	-1.79851	-5.90298	-4.10447
BLOCK06/SES067/SA067S14	SES085	-1.32031	-2.8841	-1.56379
BLOCK06/SES067/SA067S14	SES177	-2.12965	-3.69344	-1.56379
BLOCK06/SES067/SA067S14	SES183	-0.133359	-1.69715	-1.56379
BLOCK06/SES067/SA067S14	SES202	-1.8036	-3.36739	-1.56379
BLOCK06/SES067/SA067S21	SES144	-1.2724	-6.03339	-4.76099
BLOCK06/SES067/SA067S21	SES177	-1.81752	-6.57851	-4.76099
BLOCK06/SES067/SA067S21	SES183	-0.487287	-5.24827	-4.76099
BLOCK06/SES067/SA067S21	SES189	-1.44281	-6.2038	-4.76099
BLOCK06/SES067/SA067S25	SES085	-2.79131	-8.24785	-5.45653
BLOCK06/SES067/SA067S25	SES177	-1.74703	-7.20357	-5.45653
BLOCK06/SES067/SA067S25	SES183	-1.35889	-6.81542	-5.45653
BLOCK06/SES067/SA067S25	SES202	-2.16894	-7.62547	-5.45653
BLOCK06/SES067/SA067S29	SES085	-3.41945	-10.0199	-6.6004
BLOCK06/SES067/SA067S29	SES177	-3.14265	-9.74306	-6.6004
BLOCK06/SES067/SA067S29	SES183	-0.0399375	-6.64034	-6.6004
BLOCK06/SES067/SA067S29	SES202	-2.34624	-8.94664	-6.6004
BLOCK06/SES069/SA069S12	SES029	-2.19852	-5.51737	-3.31885
BLOCK06/SES069/SA069S12	SES082	-0.714772	-4.03362	-3.31885
BLOCK06/SES069/SA069S12	SES087	-1.26866	-4.5875	-3.31885
BLOCK06/SES069/SA069S12	SES206	-0.862447	-4.18129	-3.31885
BLOCK06/SES069/SA069S13	SES029	-2.29749	-4.70153	-2.40405
BLOCK06/SES069/SA069S13	SES087	-1.06164	-3.46569	-2.40405
BLOCK06/SES069/SA069S13	SES206	-1.79158	-4.19563	-2.40405
BLOCK06/SES069/SA069S13	SES226	-0.308648	-2.71269	-2.40405
BLOCK06/SES069/SA069S23	SES029	-0.263754	-1.51429	-1.25053
BLOCK06/SES069/SA069S23	SES087	0.728307	-0.522226	-1.25053
BLOCK06/SES069/SA069S23	SES206	-0.140578	-1.39111	-1.25053
BLOCK06/SES069/SA069S23	SES226	0.757061	-0.493473	-1.25053
BLOCK06/SES069/SA069S25	SES087	-0.754832	-4.22712	-3.47228
BLOCK06/SES069/SA069S25	SES206	-2.32838	-5.80067	-3.47228
BLOCK06/SES069/SA069S25	SES226	-0.468921	-3.94121	-3.47228
BLOCK06/SES069/SA069S25	SES270	-1.85581	-5.3281	-3.47228
BLOCK06/SES069/SA069S27	SES087	-1.34421	-5.47696	-4.13275
BLOCK06/SES069/SA069S27	SES206	-0.75076	-4.88351	-4.13275
BLOCK06/SES069/SA069S27	SES226	-0.444637	-4.57739	-4.13275
BLOCK06/SES069/SA069S27	SES270	-1.38597	-5.51872	-4.13275
BLOCK08/SES081/SA081S11	SES060	-2.50584	-9.13931	-6.63347
BLOCK08/SES081/SA081S11	SES062	-2.36879	-9.00227	-6.63347
BLOCK08/SES081/SA081S11	SES117	-2.13125	-8.76473	-6.63347
BLOCK08/SES081/SA081S11	SES162	-3.03408	-9.66755	-6.63347
BLOCK08/SES081/SA081S13	SES016	-2.79555	-6.99728	-4.20173
BLOCK08/SES081/SA081S13	SES060	-1.62642	-5.82815	-4.20173
BLOCK08/SES081/SA081S13	SES068	-1.92499	-6.12672	-4.20173
BLOCK08/SES081/SA081S13	SES129	-3.97032	-8.17205	-4.20173
BLOCK08/SES081/SA081S24	SES060	-1.26087	-5.95159	-4.69072
BLOCK08/SES081/SA081S24	SES068	-1.30035	-5.99108	-4.69072
BLOCK08/SES081/SA081S24	SES117	-1.56549	-6.25621	-4.69072
BLOCK08/SES081/SA081S24	SES275	-2.16322	-6.85394	-4.69072
BLOCK08/SES081/SA081S27	SES007	-2.51883	-11.5434	-9.02461
BLOCK08/SES081/SA081S27	SES060	-3.452	-12.4766	-9.02461
BLOCK08/SES081/SA081S27	SES117	-3.04577	-12.0704	-9.02461
BLOCK08/SES081/SA081S27	SES275	-4.57752	-13.6021	-9.02461
BLOCK08/SES081/SA081S29	SES007	-0.911458	-9.45081	-8.53935
BLOCK08/SES081/SA081S29	SES060	-2.03606	-10.5754	-8.53935
BLOCK08/SES081/SA081S29	SES117	-1.8643	-10.4037	-8.53935
BLOCK08/SES081/SA081S29	SES275	-3.32172	-11.8611	-8.53935
BLOCK08/SES086/SA086S11	SES029	-4.18376	-13.0247	-8.84093
BLOCK08/SES086/SA086S11	SES082	-1.90255	-10.7435	-8.84093
BLOCK08/SES086/SA086S11	SES087	-0.16211	-9.00304	-8.84093
BLOCK08/SES086/SA086S11	SES206	-1.84808	-10.689	-8.84093
BLOCK08/SES086/SA086S12	SES029	-2.93637	-9.6829	-6.74653
BLOCK08/SES086/SA086S12	SES082	-1.85029	-8.59682	-6.74653
BLOCK08/SES086/SA086S12	SES087	0.0367894	-6.70974	-6.74653
BLOCK08/SES086/SA086S12	SES206	-2.11862	-8.86515	-6.74653
BLOCK08/SES086/SA086S20	SES029	-2.78854	-9.42568	-6.63714
BLOCK08/SES086/SA086S20	SES082	-1.77837	-8.41551	-6.63714
BLOCK08/SES086/SA086S20	SES087	0.188159	-6.44898	-6.63714
BLOCK08/SES086/SA086S20	SES206	-1.1427	-7.77983	-6.63714
BLOCK08/SES086/SA086S24	SES087	-0.664636	-7.67538	-7.01074
BLOCK08/SES086/SA086S24	SES104	-1.01712	-8.02786	-7.01074
BLOCK08/SES086/SA086S24	SES120	-0.757836	-7.76858	-7.01074
BLOCK08/SES086/SA086S24	SES206	-0.231245	-7.24199	-7.01074
BLOCK08/SES086/SA086S28	SES029	-2.48121	-6.998	-4.51679
BLOCK08/SES086/SA086S28	SES082	-1.20744	-5.72423	-4.51679
BLOCK08/SES086/SA086S28	SES087	-0.189101	-4.70589	-4.51679
BLOCK08/SES086/SA086S28	SES206	-0.856676	-5.37346	-4.51679
BLOCK08/SES089/SA089S13	SES087	-1.17915	-7.91723	-6.73809
BLOCK08/SES089/SA089S13	SES206	-2.4107	-9.14879	-6.73809
BLOCK08/SES089/SA089S13	SES226	-1.47363	-8.21171	-6.73809
BLOCK08/SES089/SA089S13	SES270	-1.31749	-8.05557	-6.73809
BLOCK08/SES089/SA089S14	SES062	-2.81004	-8.46507	-5.65503
BLOCK08/SES089/SA089S14	SES087	-0.236146	-5.89118	-5.65503
BLOCK08/SES089/SA089S14	SES206	-1.79433	-7.44936	-5.65503
BLOCK08/SES089/SA089S14	SES226	-2.02855	-7.68358	-5.65503
BLOCK08/SES089/SA089S23	SES087	-1.71219	-10.6132	-8.90105
BLOCK08/SES089/SA089S23	SES206	-2.18137	-11.0824	-8.90105
BLOCK08/SES089/SA089S23	SES226	-2.16801	-11.0691	-8.90105
BLOCK08/SES089/SA089S23	SES270	-2.72746	-11.6285	-8.90105
BLOCK08/SES089/SA089S25	SES062	-2.53181	-8.81916	-6.28735
BLOCK08/SES089/SA089S25	SES087	-0.534287	-6.82163	-6.28735
BLOCK08/SES089/SA089S25	SES206	-2.35939	-8.64674	-6.28735
BLOCK08/SES089/SA089S25	SES226	-0.881041	-7.16839	-6.28735
BLOCK08/SES089/SA089S28	SES062	-2.77838	-7.93201	-5.15362
BLOCK08/SES089/SA089S28	SES087	-0.632267	-5.78589	-5.15362
BLOCK08/SES089/SA089S28	SES206	-2.3526	-7.50623	-5.15362
BLOCK08/SES089/SA089S28	SES226	-1.05758	-6.2112	-5.15362
BLOCK09/SES097/SA097S11	SES099	0.269083	-4.60937	-4.87846
BLOCK09/SES097/SA097S11	SES125	-1.31854	-6.197	-4.87846
BLOCK09/SES097/SA097S11	SES206	-1.18473	-6.06318	-4.87846
BLOCK09/SES097/SA097S11	SES226	-0.039474	-4.91793	-4.87846
BLOCK09/SES097/SA097S14	SES062	-2.47374	-6.31333	-3.83959
BLOCK09/SES097/SA097S14	SES099	-1.45423	-5.29382	-3.83959
BLOCK09/SES097/SA097S14	SES104	-1.87027	-5.70986	-3.83959
BLOCK09/SES097/SA097S14	SES206	-2.64231	-6.4819	-3.83959
BLOCK09/SES097/SA097S22	SES099	0.479175	-4.4724	-4.95157
BLOCK09/SES097/SA097S22	SES206	-1.60273	-6.5543	-4.95157
BLOCK09/SES097/SA097S22	SES226	-1.6231	-6.57468	-4.95157
BLOCK09/SES097/SA097S22	SES270	-1.44245	-6.39403	-4.95157
BLOCK09/SES097/SA097S26	SES099	-0.0108933	-6.35186	-6.34096
BLOCK09/SES097/SA097S26	SES120	-1.56635	-7.90731	-6.34096
BLOCK09/SES097/SA097S26	SES206	-2.52797	-8.86893	-6.34096
BLOCK09/SES097/SA097S26	SES226	-0.753038	-7.094	-6.34096
BLOCK09/SES097/SA097S28	SES099	0.83158	-3.89818	-4.72976
BLOCK09/SES097/SA097S28	SES120	-1.35703	-6.08679	-4.72976
BLOCK09/SES097/SA097S28	SES206	-1.62501	-6.35477	-4.72976
BLOCK09/SES097/SA097S28	SES226	-1.2635	-5.99326	-4.72976
BLOCK09/SES098/SA098S11	SES127	-2.65138	-7.28202	-4.63064
BLOCK09/SES098/SA098S11	SES144	-2.15544	-6.78608	-4.63064
BLOCK09/SES098/SA098S11	SES147	-1.59301	-6.22365	-4.63064
BLOCK09/SES098/SA098S11	SES148	-3.63409	-8.26473	-4.63064
BLOCK09/SES098/SA098S12	SES127	-3.74292	-10.7622	-7.0193
BLOCK09/SES098/SA098S12	SES144	-2.56001	-9.57931	-7.0193
BLOCK09/SES098/SA098S12	SES147	-2.10286	-9.12216	-7.0193
BLOCK09/SES098/SA098S12	SES189	-2.5402	-9.5595	-7.0193
BLOCK09/SES098/SA098S20	SES127	-5.94921	-14.5672	-8.61796
BLOCK09/SES098/SA098S20	SES147	-4.01971	-12.6377	-8.61796
BLOCK09/SES098/SA098S20	SES148	-7.05952	-15.6775	-8.61796
BLOCK09/SES098/SA098S20	SES292	-1.17484	-9.7928	-8.61796
BLOCK09/SES098/SA098S23	SES127	-2.64049	-8.59498	-5.95448
BLOCK09/SES098/SA098S23	SES147	-2.20591	-8.1604	-5.95448
BLOCK09/SES098/SA098S23	SES187	-1.70453	-7.65902	-5.95448
BLOCK09/SES098/SA098S23	SES292	-1.88532	-7.8398	-5.95448
BLOCK09/SES098/SA098S27	SES127	-4.27335	-11.0114	-6.73801
BLOCK09/SES098/SA098S27	SES147	-2.8727	-9.6107	-6.73801
BLOCK09/SES098/SA098S27	SES148	-3.88094	-10.6189	-6.73801
BLOCK09/SES098/SA098S27	SES292	-1.53159	-8.2696	-6.73801
BLOCK10/SES102/SA102S13	SES101	-1.51888	-9.77638	-8.2575
BLOCK10/SES102/SA102S13	SES105	-1.91722	-10.1747	-8.2575
BLOCK10/SES102/SA102S13	SES120	-2.4754	-10.7329	-8.2575
BLOCK10/SES102/SA102S13	SES158	-1.12366	-9.38116	-8.2575
BLOCK10/SES102/SA102S14	SES007	-0.258899	-3.87198	-3.61308
BLOCK10/SES102/SA102S14	SES101	-1.64463	-5.25771	-3.61308
BLOCK10/SES102/SA102S14	SES105	-1.60783	-5.22091	-3.61308
BLOCK10/SES102/SA102S14	SES147	-2.87148	-6.48455	-3.61308
BLOCK10/SES102/SA102S22	SES007	-1.81802	-6.34967	-4.53164
BLOCK10/SES102/SA102S22	SES101	-2.19371	-6.72536	-4.53164
BLOCK10/SES102/SA102S22	SES105	-1.73176	-6.2634	-4.53164
BLOCK10/SES102/SA102S22	SES158	-1.92709	-6.45873	-4.53164
BLOCK10/SES102/SA102S25	SES007	-1.23076	-5.63376	-4.403
BLOCK10/SES102/SA102S25	SES101	-1.24126	-5.64426	-4.403
BLOCK10/SES102/SA102S25	SES105	-1.51536	-5.91836	-4.403
BLOCK10/SES102/SA102S25	SES147	-2.74444	-7.14744	-4.403
BLOCK10/SES102/SA102S27	SES007	-0.833436	-4.5501	-3.71666
BLOCK10/SES102/SA102S27	SES101	-0.444819	-4.16148	-3.71666
BLOCK10/SES102/SA102S27	SES105	-2.15759	-5.87425	-3.71666
BLOCK10/SES102/SA102S27	SES147	-2.52482	-6.24148	-3.71666
BLOCK10/SES103/SA103S14	SES105	-2.30694	-11.7948	-9.48789
BLOCK10/SES103/SA103S14	SES106	-2.49112	-11.979	-9.48789
BLOCK10/SES103/SA103S14	SES120	-2.67598	-12.1639	-9.48789
BLOCK10/SES103/SA103S14	SES206	-2.06728	-11.5552	-9.48789
BLOCK10/SES103/SA103S15	SES099	-3.88933	-13.8895	-10.0002
BLOCK10/SES103/SA103S15	SES101	-2.88991	-12.8901	-10.0002
BLOCK10/SES103/SA103S15	SES104	-1.76237	-11.7626	-10.0002
BLOCK10/SES103/SA103S15	SES125	-4.27719	-14.2774	-10.0002
BLOCK10/SES103/SA103S24	SES104	-1.55819	-7.14239	-5.58419
BLOCK10/SES103/SA103S24	SES125	-4.14424	-9.72843	-5.58419
BLOCK10/SES103/SA103S24	SES148	-3.55558	-9.13978	-5.58419
BLOCK10/SES103/SA103S24	SES158	-2.17162	-7.75581	-5.58419
BLOCK10/SES103/SA103S26	SES104	-1.39374	-9.75387	-8.36012
BLOCK10/SES103/SA103S26	SES106	-0.813133	-9.17326	-8.36012
BLOCK10/SES103/SA103S26	SES125	-2.82887	-11.189	-8.36012
BLOCK10/SES103/SA103S26	SES148	-6.92568	-15.2858	-8.36012
BLOCK10/SES103/SA103S28	SES104	-2.54425	-12.2419	-9.69764
BLOCK10/SES103/SA103S28	SES106	-2.79941	-12.4971	-9.69764
BLOCK10/SES103/SA103S28	SES125	-4.15589	-13.8535	-9.69764
BLOCK10/SES103/SA103S28	SES206	-3.33621	-13.0339	-9.69764
BLOCK12/SES121/SA121S12	SES042	-2.4142	-8.97062	-6.55642
BLOCK12/SES121/SA121S12	SES087	-1.74607	-8.30248	-6.55642
BLOCK12/SES121/SA121S12	SES105	-0.645773	-7.20219	-6.55642
BLOCK12/SES121/SA121S12	SES206	-0.902133	-7.45855	-6.55642
BLOCK12/SES121/SA121S14	SES007	-1.99028	-12.7867	-10.7964
BLOCK12/SES121/SA121S14	SES105	-2.68921	-13.4856	-10.7964
BLOCK12/SES121/SA121S14	SES106	-2.00021	-12.7966	-10.7964
BLOCK12/SES121/SA121S14	SES206	-1.21288	-12.0093	-10.7964
BLOCK12/SES121/SA121S23	SES105	-2.45682	-11.2895	-8.83267
BLOCK12/SES121/SA121S23	SES106	-2.36047	-11.1931	-8.83267
BLOCK12/SES121/SA121S23	SES120	-2.1201	-10.9528	-8.83267
BLOCK12/SES121/SA121S23	SES206	-0.00837898	-8.84105	-8.83267
BLOCK12/SES121/SA121S25	SES007	-1.33239	-12.2787	-10.9463
BLOCK12/SES121/SA121S25	SES105	-2.43606	-13.3824	-10.9463
BLOCK12/SES121/SA121S25	SES106	-1.04086	-11.9872	-10.9463
BLOCK12/SES121/SA121S25	SES206	-0.739298	-11.6856	-10.9463
BLOCK12/SES121/SA121S27	SES087	-0.676559	-11.4111	-10.7346
BLOCK12/SES121/SA121S27	SES105	-3.24384	-13.9784	-10.7346
BLOCK12/SES121/SA121S27	SES120	-0.75661	-11.4912	-10.7346
BLOCK12/SES121/SA121S27	SES206	-0.719696	-11.4542	-10.7346
BLOCK12/SES124/SA124S16	SES042	-0.807696	-5.23376	-4.42606
BLOCK12/SES124/SA124S16	SES082	-1.52828	-5.95434	-4.42606
BLOCK12/SES124/SA124S16	SES183	-0.882648	-5.30871	-4.42606
BLOCK12/SES124/SA124S16	SES206	-1.81442	-6.24048	-4.42606
BLOCK12/SES124/SA124S17	SES105	-2.10336	-8.89782	-6.79446
BLOCK12/SES124/SA124S17	SES149	-1.74776	-8.54222	-6.79446
BLOCK12/SES124/SA124S17	SES158	-2.97618	-9.77064	-6.79446
BLOCK12/SES124/SA124S17	SES275	-2.06388	-8.85834	-6.79446
BLOCK12/SES124/SA124S23	SES105	-2.45156	-5.72343	-3.27187
BLOCK12/SES124/SA124S23	SES125	0.943978	-2.32789	-3.27187
BLOCK12/SES124/SA124S23	SES129	-2.36885	-5.64072	-3.27187
BLOCK12/SES124/SA124S23	SES158	-1.31566	-4.58753	-3.27187
BLOCK12/SES124/SA124S26	SES105	-2.86226	-8.54313	-5.68087
BLOCK12/SES124/SA124S26	SES125	-0.8316	-6.51247	-5.68087
BLOCK12/SES124/SA124S26	SES129	-2.36137	-8.04224	-5.68087
BLOCK12/SES124/SA124S26	SES158	-1.90158	-7.58245	-5.68087
BLOCK12/SES124/SA124S28	SES104	-0.489268	-5.26143	-4.77216
BLOCK12/SES124/SA124S28	SES106	-0.256096	-5.02825	-4.77216
BLOCK12/SES124/SA124S28	SES125	0.863425	-3.90873	-4.77216
BLOCK12/SES124/SA124S28	SES275	-1.67108	-6.44324	-4.77216
BLOCK12/SES126/SA126S13	SES007	-1.48981	-8.21038	-6.72057
BLOCK12/SES126/SA126S13	SES162	-2.42949	-9.15006	-6.72057
BLOCK12/SES126/SA126S13	SES177	-1.50349	-8.22406	-6.72057
BLOCK12/SES126/SA126S13	SES180	-2.12246	-8.84303	-6.72057
BLOCK12/SES126/SA126S14	SES144	-1.76842	-6.5204	-4.75198
BLOCK12/SES126/SA126S14	SES148	-2.40466	-7.15665	-4.75198
BLOCK12/SES126/SA126S14	SES177	-1.08997	-5.84195	-4.75198
BLOCK12/SES126/SA126S14	SES180	-1.81511	-6.56709	-4.75198
BLOCK12/SES126/SA126S20	SES007	-1.18041	-3.84177	-2.66136
BLOCK12/SES126/SA126S20	SES162	-1.39607	-4.05744	-2.66136
BLOCK12/SES126/SA126S20	SES172	-1.22919	-3.89055	-2.66136
BLOCK12/SES126/SA126S20	SES180	-0.881975	-3.54334	-2.66136
BLOCK12/SES126/SA126S24	SES120	-1.00555	-5.11708	-4.11153
BLOCK12/SES126/SA126S24	SES162	-1.85747	-5.969	-4.11153
BLOCK12/SES126/SA126S24	SES177	-0.702604	-4.81414	-4.11153
BLOCK12/SES126/SA126S24	SES180	-1.53726	-5.64879	-4.11153
BLOCK12/SES126/SA126S26	SES120	-0.922998	-4.65965	-3.73665
BLOCK12/SES126/SA126S26	SES177	-1.91531	-5.65196	-3.73665
BLOCK12/SES126/SA126S26	SES180	-1.08489	-4.82154	-3.73665
BLOCK12/SES126/SA126S26	SES202	-1.40172	-5.13837	-3.73665
BLOCK12/SES128/SA128S10	SES087	-1.46521	-6.32163	-4.85642
BLOCK12/SES128/SA128S10	SES206	-0.959169	-5.81559	-4.85642
BLOCK12/SES128/SA128S10	SES226	-1.0239	-5.88032	-4.85642
BLOCK12/SES128/SA128S10	SES270	-1.63868	-6.4951	-4.85642
BLOCK12/SES128/SA128S12	SES120	-0.627072	-7.25003	-6.62296
BLOCK12/SES128/SA128S12	SES158	-2.47932	-9.10227	-6.62296
BLOCK12/SES128/SA128S12	SES206	-1.01003	-7.63299	-6.62296
BLOCK12/SES128/SA128S12	SES226	-2.94568	-9.56864	-6.62296
BLOCK12/SES128/SA128S21	SES106	-3.54486	-8.46811	-4.92326
BLOCK12/SES128/SA128S21	SES120	-1.89004	-6.8133	-4.92326
BLOCK12/SES128/SA128S21	SES206	-2.20683	-7.13009	-4.92326
BLOCK12/SES128/SA128S21	SES226	-2.17166	-7.09491	-4.92326
BLOCK12/SES128/SA128S24	SES087	-1.07907	-8.04617	-6.9671
BLOCK12/SES128/SA128S24	SES120	-1.02851	-7.99562	-6.9671
BLOCK12/SES128/SA128S24	SES206	-1.33167	-8.29878	-6.9671
BLOCK12/SES128/SA128S24	SES226	-2.21842	-9.18552	-6.9671
BLOCK12/SES128/SA128S27	SES099	-1.13118	-6.52073	-5.38956
BLOCK12/SES128/SA128S27	SES120	-0.988874	-6.37843	-5.38956
BLOCK12/SES128/SA128S27	SES206	-1.12494	-6.51449	-5.38956
BLOCK12/SES128/SA128S27	SES226	-1.58808	-6.97764	-5.38956
BLOCK13/SES130/SA130S13	SES143	-0.338436	-6.2651	-5.92666
BLOCK13/SES130/SA130S13	SES144	-0.0858793	-6.01254	-5.92666
BLOCK13/SES130/SA130S13	SES146	-2.01329	-7.93995	-5.92666
BLOCK13/SES130/SA130S13	SES275	-2.23542	-8.16208	-5.92666
BLOCK13/SES130/SA130S15	SES143	-0.923725	-4.46377	-3.54004
BLOCK13/SES130/SA130S15	SES144	-0.720625	-4.26067	-3.54004
BLOCK13/SES130/SA130S15	SES146	-1.0525	-4.59255	-3.54004
BLOCK13/SES130/SA130S15	SES275	-1.63076	-5.17081	-3.54004
BLOCK13/SES130/SA130S23	SES127	-1.23876	-4.67926	-3.4405
BLOCK13/SES130/SA130S23	SES144	0.217104	-3.22339	-3.4405
BLOCK13/SES130/SA130S23	SES146	-1.15231	-4.59281	-3.4405
BLOCK13/SES130/SA130S23	SES162	-0.459971	-3.90047	-3.4405
BLOCK13/SES130/SA130S25	SES127	-1.26293	-2.45328	-1.19035
BLOCK13/SES130/SA130S25	SES144	-0.475989	-1.66634	-1.19035
BLOCK13/SES130/SA130S25	SES146	-0.646693	-1.83704	-1.19035
BLOCK13/SES130/SA130S25	SES275	-1.57232	-2.76267	-1.19035
BLOCK13/SES130/SA130S28	SES127	-0.957545	-5.11413	-4.15659
BLOCK13/SES130/SA130S28	SES144	-1.71502	-5.8716	-4.15659
BLOCK13/SES130/SA130S28	SES146	-1.19909	-5.35567	-4.15659
BLOCK13/SES130/SA130S28	SES275	-1.08521	-5.2418	-4.15659
BLOCK13/SES131/SA131S13	SES002	-2.42879	-8.33577	-5.90699
BLOCK13/SES131/SA131S13	SES007	-1.84872	-7.7557	-5.90699
BLOCK13/SES131/SA131S13	SES099	-0.889174	-6.79616	-5.90699
BLOCK13/SES131/SA131S13	SES105	-0.888753	-6.79574	-5.90699
BLOCK13/SES131/SA131S14	SES104	-0.701177	-2.32779	-1.62661
BLOCK13/SES131/SA131S14	SES106	-2.74582	-4.37243	-1.62661
BLOCK13/SES131/SA131S14	SES125	-1.82035	-3.44696	-1.62661
BLOCK13/SES131/SA131S14	SES148	-0.224781	-1.85139	-1.62661
BLOCK13/SES131/SA131S20	SES104	-3.30967	-10.5343	-7.22462
BLOCK13/SES131/SA131S20	SES106	-2.6915	-9.91611	-7.22462
BLOCK13/SES131/SA131S20	SES125	-2.7084	-9.93301	-7.22462
BLOCK13/SES131/SA131S20	SES148	-3.25479	-10.4794	-7.22462
BLOCK13/SES131/SA131S22	SES099	-1.57717	-6.27281	-4.69564
BLOCK13/SES131/SA131S22	SES104	-0.671861	-5.3675	-4.69564
BLOCK13/SES131/SA131S22	SES125	-0.849155	-5.5448	-4.69564
BLOCK13/SES131/SA131S22	SES206	-1.80352	-6.49917	-4.69564
BLOCK13/SES131/SA131S29	SES087	-2.53034	-8.84211	-6.31177
BLOCK13/SES131/SA131S29	SES104	-3.90031	-10.2121	-6.31177
BLOCK13/SES131/SA131S29	SES125	-5.02027	-11.332	-6.31177
BLOCK13/SES131/SA131S29	SES206	-4.22199	-10.5338	-6.31177
BLOCK13/SES132/SA132S11	SES083	-1.42072	-8.70035	-7.27964
BLOCK13/SES132/SA132S11	SES120	-0.322029	-7.60166	-7.27964
BLOCK13/SES132/SA132S11	SES127	-3.3918	-10.6714	-7.27964
BLOCK13/SES132/SA132S11	SES275	-1.87013	-9.14976	-7.27964
BLOCK13/SES132/SA132S12	SES083	-2.31382	-6.17332	-3.8595
BLOCK13/SES132/SA132S12	SES143	-2.54208	-6.40158	-3.8595
BLOCK13/SES132/SA132S12	SES144	-1.74118	-5.60068	-3.8595
BLOCK13/SES132/SA132S12	SES148	-1.87312	-5.73263	-3.8595
BLOCK13/SES132/SA132S22	SES062	-1.79143	-7.33997	-5.54854
BLOCK13/SES132/SA132S22	SES083	-1.61996	-7.1685	-5.54854
BLOCK13/SES132/SA132S22	SES127	-2.57528	-8.12382	-5.54854
BLOCK13/SES132/SA132S22	SES275	-1.209	-6.75753	-5.54854
BLOCK13/SES132/SA132S24	SES007	-1.34017	-5.43128	-4.09111
BLOCK13/SES132/SA132S24	SES083	-2.04841	-6.13953	-4.09111
BLOCK13/SES132/SA132S24	SES127	-3.61011	-7.70123	-4.09111
BLOCK13/SES132/SA132S24	SES275	-1.88577	-5.97689	-4.09111
BLOCK13/SES132/SA132S27	SES083	-3.14123	-10.4762	-7.33498
BLOCK13/SES132/SA132S27	SES120	-0.0234332	-7.35842	-7.33498
BLOCK13/SES132/SA132S27	SES127	-6.13878	-13.4738	-7.33498
BLOCK13/SES132/SA132S27	SES275	-2.90068	-10.2357	-7.33498
BLOCK14/SES141/SA141S09	SES143	-1.44504	-5.03805	-3.59301
BLOCK14/SES141/SA141S09	SES144	-0.7584	-4.35141	-3.59301
BLOCK14/SES141/SA141S09	SES162	-1.29827	-4.89128	-3.59301
BLOCK14/SES141/SA141S09	SES180	-0.752867	-4.34587	-3.59301
BLOCK14/SES141/SA141S15	SES127	-1.50409	-6.45032	-4.94623
BLOCK14/SES141/SA141S15	SES144	-1.51624	-6.46247	-4.94623
BLOCK14/SES141/SA141S15	SES162	-2.0476	-6.99382	-4.94623
BLOCK14/SES141/SA141S15	SES180	-1.06744	-6.01367	-4.94623
BLOCK14/SES141/SA141S24	SES127	-2.07488	-7.70393	-5.62905
BLOCK14/SES141/SA141S24	SES144	-2.83175	-8.4608	-5.62905
BLOCK14/SES141/SA141S24	SES162	-0.870636	-6.49968	-5.62905
BLOCK14/SES141/SA141S24	SES183	-1.57001	-7.19906	-5.62905
BLOCK14/SES141/SA141S26	SES142	-0.431549	-6.06277	-5.63122
BLOCK14/SES141/SA141S26	SES144	-1.76017	-7.3914	-5.63122
BLOCK14/SES141/SA141S26	SES172	-1.38455	-7.01577	-5.63122
BLOCK14/SES141/SA141S26	SES180	-0.926841	-6.55806	-5.63122
BLOCK14/SES141/SA141S29	SES127	-0.750988	-4.34678	-3.59579
BLOCK14/SES141/SA141S29	SES142	-0.382961	-3.97875	-3.59579
BLOCK14/SES141/SA141S29	SES144	-0.942104	-4.5379	-3.59579
BLOCK14/SES141/SA141S29	SES180	-0.717661	-4.31345	-3.59579
BLOCK15/SES157/SA157S08	SES083	-1.35666	-4.96461	-3.60795
BLOCK15/SES157/SA157S08	SES127	-1.4667	-5.07466	-3.60795
BLOCK15/SES157/SA157S08	SES148	-1.73054	-5.33849	-3.60795
BLOCK15/SES157/SA157S08	SES292	-1.55503	-5.16298	-3.60795
BLOCK15/SES157/SA157S11	SES083	-2.1617	-5.84981	-3.68811
BLOCK15/SES157/SA157S11	SES127	-2.515	-6.20311	-3.68811
BLOCK15/SES157/SA157S11	SES148	-3.36639	-7.05451	-3.68811
BLOCK15/SES157/SA157S11	SES292	-1.96953	-5.65764	-3.68811
BLOCK15/SES157/SA157S21	SES127	-0.770947	-2.35038	-1.57943
BLOCK15/SES157/SA157S21	SES148	-0.658535	-2.23797	-1.57943
BLOCK15/SES157/SA157S21	SES158	-5.17915	-6.75858	-1.57943
BLOCK15/SES157/SA157S21	SES292	-1.59123	-3.17066	-1.57943
BLOCK15/SES157/SA157S24	SES127	-1.72051	-6.99245	-5.27195
BLOCK15/SES157/SA157S24	SES148	-2.25654	-7.52849	-5.27195
BLOCK15/SES157/SA157S24	SES183	-1.64393	-6.91588	-5.27195
BLOCK15/SES157/SA157S24	SES292	-1.94823	-7.22017	-5.27195
BLOCK15/SES157/SA157S26	SES007	-1.42736	-4.87789	-3.45053
BLOCK15/SES157/SA157S26	SES127	-0.630483	-4.08102	-3.45053
BLOCK15/SES157/SA157S26	SES147	-1.24089	-4.69142	-3.45053
BLOCK15/SES157/SA157S26	SES148	-1.6829	-5.13343	-3.45053
BLOCK16/SES161/SA161S10	SES007	-1.45021	-7.10799	-5.65778
BLOCK16/SES161/SA161S10	SES105	-1.23673	-6.89452	-5.65778
BLOCK16/SES161/SA161S10	SES158	-1.60868	-7.26646	-5.65778
BLOCK16/SES161/SA161S10	SES275	-1.77411	-7.43189	-5.65778
BLOCK16/SES161/SA161S12	SES007	-2.94731	-11.8762	-8.92885
BLOCK16/SES161/SA161S12	SES105	-3.21314	-12.142	-8.92885
BLOCK16/SES161/SA161S12	SES158	-2.678	-11.6068	-8.92885
BLOCK16/SES161/SA161S12	SES275	-3.48681	-12.4157	-8.92885
BLOCK16/SES161/SA161S20	SES007	-1.74006	-11.1974	-9.45736
BLOCK16/SES161/SA161S20	SES105	-2.07084	-11.5282	-9.45736
BLOCK16/SES161/SA161S20	SES158	-0.668925	-10.1263	-9.45736
BLOCK16/SES161/SA161S20	SES275	-3.69384	-13.1512	-9.45736
BLOCK16/SES161/SA161S23	SES007	-3.94172	-13.445	-9.50327
BLOCK16/SES161/SA161S23	SES105	-2.32241	-11.8257	-9.50327
BLOCK16/SES161/SA161S23	SES148	-3.9935	-13.4968	-9.50327
BLOCK16/SES161/SA161S23	SES158	-4.27936	-13.7826	-9.50327
BLOCK16/SES161/SA161S28	SES007	-1.65241	-10.5329	-8.88054
BLOCK16/SES161/SA161S28	SES105	-3.5092	-12.3897	-8.88054
BLOCK16/SES161/SA161S28	SES158	-0.638642	-9.51918	-8.88054
BLOCK16/SES161/SA161S28	SES206	-1.09857	-9.9791	-8.88054
BLOCK16/SES164/SA164S11	SES104	-0.642773	-4.49683	-3.85405
BLOCK16/SES164/SA164S11	SES125	-0.31058	-4.16463	-3.85405
BLOCK16/SES164/SA164S11	SES158	-3.76114	-7.6152	-3.85405
BLOCK16/SES164/SA164S11	SES206	-1.95483	-5.80889	-3.85405
BLOCK16/SES164/SA164S13	SES099	-2.63947	-7.39531	-4.75585
BLOCK16/SES164/SA164S13	SES104	-2.27938	-7.03522	-4.75585
BLOCK16/SES164/SA164S13	SES125	-2.79534	-7.55118	-4.75585
BLOCK16/SES164/SA164S13	SES206	-3.05794	-7.81379	-4.75585
BLOCK16/SES164/SA164S24	SES002	-0.00333548	-4.01228	-4.00895
BLOCK16/SES164/SA164S24	SES099	-1.46187	-5.47081	-4.00895
BLOCK16/SES164/SA164S24	SES125	-0.967912	-4.97686	-4.00895
BLOCK16/SES164/SA164S24	SES226	-0.0590005	-4.06795	-4.00895
BLOCK16/SES164/SA164S27	SES087	-1.34439	-6.36286	-5.01847
BLOCK16/SES164/SA164S27	SES125	-1.82055	-6.83902	-5.01847
BLOCK16/SES164/SA164S27	SES206	-2.32522	-7.34369	-5.01847
BLOCK16/SES164/SA164S27	SES226	-1.91932	-6.93779	-5.01847
BLOCK16/SES164/SA164S29	SES002	-1.11266	-4.68933	-3.57667
BLOCK16/SES164/SA164S29	SES019	-3.12823	-6.7049	-3.57667
BLOCK16/SES164/SA164S29	SES125	-1.62347	-5.20015	-3.57667
BLOCK16/SES164/SA164S29	SES226	-1.05278	-4.62945	-3.57667
BLOCK16/SES169/SA169S13	SES117	-2.02177	-7.54398	-5.52221
BLOCK16/SES169/SA169S13	SES144	-2.06085	-7.58307	-5.52221
BLOCK16/SES169/SA169S13	SES146	-1.83332	-7.35553	-5.52221
BLOCK16/SES169/SA169S13	SES162	-2.05474	-7.57695	-5.52221
BLOCK16/SES169/SA169S14	SES144	-1.76046	-4.0857	-2.32524
BLOCK16/SES169/SA169S14	SES148	-1.42464	-3.74988	-2.32524
BLOCK16/SES169/SA169S14	SES177	-1.1326	-3.45783	-2.32524
BLOCK16/SES169/SA169S14	SES180	-1.60023	-3.92547	-2.32524
BLOCK16/SES169/SA169S24	SES117	-0.432102	-5.79957	-5.36747
BLOCK16/SES169/SA169S24	SES144	-0.92363	-6.2911	-5.36747
BLOCK16/SES169/SA169S24	SES146	-0.851052	-6.21852	-5.36747
BLOCK16/SES169/SA169S24	SES162	-0.713107	-6.08057	-5.36747
BLOCK16/SES169/SA169S27	SES127	-1.47768	-6.67149	-5.19381
BLOCK16/SES169/SA169S27	SES129	-1.1352	-6.32901	-5.19381
BLOCK16/SES169/SA169S27	SES144	-1.55842	-6.75223	-5.19381
BLOCK16/SES169/SA169S27	SES146	-1.39212	-6.58593	-5.19381
BLOCK16/SES169/SA169S29	SES144	-1.11686	-3.38665	-2.26979
BLOCK16/SES169/SA169S29	SES162	-1.22776	-3.49755	-2.26979
BLOCK16/SES169/SA169S29	SES177	-1.70537	-3.97516	-2.26979
BLOCK16/SES169/SA169S29	SES180	-1.24451	-3.5143	-2.26979
BLOCK17/SES171/SA171S12	SES083	-2.5676	-7.34764	-4.78004
BLOCK17/SES171/SA171S12	SES148	-2.42633	-7.20638	-4.78004
BLOCK17/SES171/SA171S12	SES172	-2.31201	-7.09205	-4.78004
BLOCK17/SES171/SA171S12	SES292	-3.09414	-7.87419	-4.78004
BLOCK17/SES171/SA171S15	SES148	-3.77863	-8.96366	-5.18503
BLOCK17/SES171/SA171S15	SES177	-2.24074	-7.42577	-5.18503
BLOCK17/SES171/SA171S15	SES180	-4.44112	-9.62615	-5.18503
BLOCK17/SES171/SA171S15	SES292	-2.8621	-8.04713	-5.18503
BLOCK17/SES171/SA171S22	SES007	-1.17786	-2.81123	-1.63338
BLOCK17/SES171/SA171S22	SES148	-0.728507	-2.36188	-1.63338
BLOCK17/SES171/SA171S22	SES177	-0.650137	-2.28351	-1.63338
BLOCK17/SES171/SA171S22	SES180	-2.66141	-4.29479	-1.63338
BLOCK17/SES171/SA171S25	SES101	-2.60215	-8.30263	-5.70048
BLOCK17/SES171/SA171S25	SES120	-4.39418	-10.0947	-5.70048
BLOCK17/SES171/SA171S25	SES177	-2.0025	-7.70298	-5.70048
BLOCK17/SES171/SA171S25	SES180	-2.06508	-7.76556	-5.70048
BLOCK17/SES171/SA171S27	SES177	-1.64016	-7.45463	-5.81447
BLOCK17/SES171/SA171S27	SES180	-2.92342	-8.73789	-5.81447
BLOCK17/SES171/SA171S27	SES189	-1.76855	-7.58302	-5.81447
BLOCK17/SES171/SA171S27	SES292	-1.99537	-7.80984	-5.81447
BLOCK17/SES173/SA173S13	SES162	-3.71476	-9.01337	-5.29861
BLOCK17/SES173/SA173S13	SES177	-1.50665	-6.80527	-5.29861
BLOCK17/SES173/SA173S13	SES180	-1.98222	-7.28083	-5.29861
BLOCK17/SES173/SA173S13	SES292	-0.632292	-5.93091	-5.29861
BLOCK17/SES173/SA173S14	SES007	-1.97059	-6.68411	-4.71351
BLOCK17/SES173/SA173S14	SES162	-2.58603	-7.29955	-4.71351
BLOCK17/SES173/SA173S14	SES177	-1.34551	-6.05903	-4.71351
BLOCK17/SES173/SA173S14	SES180	-1.69883	-6.41235	-4.71351
BLOCK17/SES173/SA173S24	SES144	-2.58191	-8.04279	-5.46089
BLOCK17/SES173/SA173S24	SES162	-2.37536	-7.83625	-5.46089
BLOCK17/SES173/SA173S24	SES177	-0.627401	-6.08829	-5.46089
BLOCK17/SES173/SA173S24	SES180	-2.41941	-7.88029	-5.46089
BLOCK17/SES173/SA173S27	SES162	-3.46789	-9.82406	-6.35617
BLOCK17/SES173/SA173S27	SES177	-1.77932	-8.13549	-6.35617
BLOCK17/SES173/SA173S27	SES180	-2.04311	-8.39928	-6.35617
BLOCK17/SES173/SA173S27	SES292	-0.985368	-7.34154	-6.35617
BLOCK17/SES173/SA173S29	SES162	-2.47776	-5.52633	-3.04858
BLOCK17/SES173/SA173S29	SES175	-1.88702	-4.93559	-3.04858
BLOCK17/SES173/SA173S29	SES177	-0.946064	-3.99464	-3.04858
BLOCK17/SES173/SA173S29	SES292	-1.39839	-4.44696	-3.04858
BLOCK18/SES182/SA182S10	SES144	-2.54101	-7.53908	-4.99808
BLOCK18/SES182/SA182S10	SES177	-1.84887	-6.84695	-4.99808
BLOCK18/SES182/SA182S10	SES180	-3.10678	-8.10486	-4.99808
BLOCK18/SES182/SA182S10	SES275	-2.53026	-7.52834	-4.99808
BLOCK18/SES182/SA182S12	SES144	-3.16295	-8.05722	-4.89427
BLOCK18/SES182/SA182S12	SES177	-2.08663	-6.9809	-4.89427
BLOCK18/SES182/SA182S12	SES180	-3.57439	-8.46866	-4.89427
BLOCK18/SES182/SA182S12	SES275	-2.1871	-7.08137	-4.89427
BLOCK18/SES182/SA182S21	SES117	-1.43323	-8.601	-7.16778
BLOCK18/SES182/SA182S21	SES144	-2.28671	-9.45449	-7.16778
BLOCK18/SES182/SA182S21	SES162	-1.57023	-8.73801	-7.16778
BLOCK18/SES182/SA182S21	SES180	-3.22939	-10.3972	-7.16778
BLOCK18/SES182/SA182S23	SES117	-3.05834	-11.7381	-8.67978
BLOCK18/SES182/SA182S23	SES144	-6.57762	-15.2574	-8.67978
BLOCK18/SES182/SA182S23	SES180	-5.99888	-14.6787	-8.67978
BLOCK18/SES182/SA182S23	SES275	-3.9667	-12.6465	-8.67978
BLOCK18/SES182/SA182S25	SES007	-0.541748	-6.38404	-5.84229
BLOCK18/SES182/SA182S25	SES162	-1.58766	-7.42995	-5.84229
BLOCK18/SES182/SA182S25	SES177	-0.99294	-6.83523	-5.84229
BLOCK18/SES182/SA182S25	SES180	-3.55074	-9.39303	-5.84229
BLOCK18/SES184/SA184S12	SES177	-0.824892	-4.46808	-3.64319
BLOCK18/SES184/SA184S12	SES180	-0.603433	-4.24662	-3.64319
BLOCK18/SES184/SA184S12	SES189	-3.19368	-6.83687	-3.64319
BLOCK18/SES184/SA184S12	SES292	-1.09132	-4.7345	-3.64319
BLOCK18/SES184/SA184S13	SES101	-1.24978	-5.63557	-4.38578
BLOCK18/SES184/SA184S13	SES177	-1.30947	-5.69526	-4.38578
BLOCK18/SES184/SA184S13	SES180	-0.920418	-5.3062	-4.38578
BLOCK18/SES184/SA184S13	SES292	-1.39772	-5.7835	-4.38578
BLOCK18/SES184/SA184S22	SES177	-1.47682	-4.81774	-3.34092
BLOCK18/SES184/SA184S22	SES180	-1.10771	-4.44863	-3.34092
BLOCK18/SES184/SA184S22	SES189	-2.52683	-5.86775	-3.34092
BLOCK18/SES184/SA184S22	SES292	-2.23906	-5.57998	-3.34092
BLOCK18/SES184/SA184S25	SES101	-1.2378	-4.14299	-2.90519
BLOCK18/SES184/SA184S25	SES177	-1.86735	-4.77254	-2.90519
BLOCK18/SES184/SA184S25	SES180	-1.10325	-4.00844	-2.90519
BLOCK18/SES184/SA184S25	SES292	-1.20167	-4.10686	-2.90519
BLOCK18/SES184/SA184S27	SES083	-1.95344	-5.08409	-3.13064
BLOCK18/SES184/SA184S27	SES177	-1.89772	-5.02836	-3.13064
BLOCK18/SES184/SA184S27	SES202	-1.99958	-5.13023	-3.13064
BLOCK18/SES184/SA184S27	SES292	-1.97799	-5.10863	-3.13064
BLOCK20/SES204/SA204S12	SES062	-1.79941	-6.0429	-4.24349
BLOCK20/SES204/SA204S12	SES083	-2.23403	-6.47751	-4.24349
BLOCK20/SES204/SA204S12	SES206	-1.38199	-5.62548	-4.24349
BLOCK20/SES204/SA204S12	SES226	-1.62613	-5.86962	-4.24349
BLOCK20/SES204/SA204S14	SES068	-0.831771	-3.5812	-2.74942
BLOCK20/SES204/SA204S14	SES087	0.0550737	-2.69435	-2.74942
BLOCK20/SES204/SA204S14	SES206	-1.69279	-4.44222	-2.74942
BLOCK20/SES204/SA204S14	SES226	-1.76647	-4.5159	-2.74942
BLOCK20/SES204/SA204S22	SES068	-1.80363	-6.04444	-4.24081
BLOCK20/SES204/SA204S22	SES082	-1.99843	-6.23924	-4.24081
BLOCK20/SES204/SA204S22	SES083	-2.83519	-7.076	-4.24081
BLOCK20/SES204/SA204S22	SES206	-1.15929	-5.4001	-4.24081
BLOCK20/SES204/SA204S25	SES062	-1.73305	-6.27958	-4.54653
BLOCK20/SES204/SA204S25	SES083	-2.78289	-7.32942	-4.54653
BLOCK20/SES204/SA204S25	SES206	-1.59633	-6.14286	-4.54653
BLOCK20/SES204/SA204S25	SES226	-1.49518	-6.04171	-4.54653
BLOCK20/SES204/SA204S27	SES068	-1.89936	-6.91641	-5.01705
BLOCK20/SES204/SA204S27	SES082	-2.44057	-7.45762	-5.01705
BLOCK20/SES204/SA204S27	SES087	-0.461676	-5.47872	-5.01705
BLOCK20/SES204/SA204S27	SES206	-2.10462	-7.12167	-5.01705
BLOCK20/SES207/SA207S10	SES127	-2.41976	-6.28515	-3.86539
BLOCK20/SES207/SA207S10	SES183	-1.20931	-5.0747	-3.86539
BLOCK20/SES207/SA207S10	SES189	-0.977831	-4.84322	-3.86539
BLOCK20/SES207/SA207S10	SES292	-1.64187	-5.50726	-3.86539
BLOCK20/SES207/SA207S11	SES127	-2.22063	-5.80656	-3.58593
BLOCK20/SES207/SA207S11	SES183	-1.97079	-5.55672	-3.58593
BLOCK20/SES207/SA207S11	SES187	-1.54562	-5.13155	-3.58593
BLOCK20/SES207/SA207S11	SES292	-1.93808	-5.52401	-3.58593
BLOCK20/SES207/SA207S25	SES068	-1.45233	-7.01089	-5.55856
BLOCK20/SES207/SA207S25	SES083	-1.96139	-7.51995	-5.55856
BLOCK20/SES207/SA207S25	SES127	-1.0861	-6.64466	-5.55856
BLOCK20/SES207/SA207S25	SES187	-1.58813	-7.14669	-5.55856
BLOCK20/SES207/SA207S27	SES127	-2.60478	-8.98234	-6.37757
BLOCK20/SES207/SA207S27	SES183	-1.70419	-8.08176	-6.37757
BLOCK20/SES207/SA207S27	SES187	-1.43233	-7.80989	-6.37757
BLOCK20/SES207/SA207S27	SES292	-2.04896	-8.42652	-6.37757
BLOCK20/SES207/SA207S29	SES083	-2.51054	-5.5718	-3.06127
BLOCK20/SES207/SA207S29	SES085	-1.57301	-4.63428	-3.06127
BLOCK20/SES207/SA207S29	SES172	-0.572198	-3.63346	-3.06127
BLOCK20/SES207/SA207S29	SES189	-4.107	-7.16826	-3.06127
BLOCK22/SES221/SA221S12	SES068	-0.290326	-4.32769	-4.03736
BLOCK22/SES221/SA221S12	SES143	-1.23813	-5.27549	-4.03736
BLOCK22/SES221/SA221S12	SES175	-0.829396	-4.86676	-4.03736
BLOCK22/SES221/SA221S12	SES202	-0.807708	-4.84507	-4.03736
BLOCK22/SES221/SA221S15	SES085	-0.97776	-5.53461	-4.55685
BLOCK22/SES221/SA221S15	SES143	-1.42156	-5.97841	-4.55685
BLOCK22/SES221/SA221S15	SES175	-1.19556	-5.75241	-4.55685
BLOCK22/SES221/SA221S15	SES187	-1.92338	-6.48023	-4.55685
BLOCK22/SES221/SA221S23	SES068	-0.32341	-5.06442	-4.74101
BLOCK22/SES221/SA221S23	SES143	-2.03035	-6.77136	-4.74101
BLOCK22/SES221/SA221S23	SES175	-1.20745	-5.94846	-4.74101
BLOCK22/SES221/SA221S23	SES189	-2.07367	-6.81468	-4.74101
BLOCK22/SES221/SA221S27	SES085	-0.160116	-5.14762	-4.9875
BLOCK22/SES221/SA221S27	SES143	-1.24152	-6.22902	-4.9875
BLOCK22/SES221/SA221S27	SES175	-0.935688	-5.92319	-4.9875
BLOCK22/SES221/SA221S27	SES189	-2.26343	-7.25093	-4.9875
BLOCK22/SES221/SA221S29	SES085	-1.34928	-8.62706	-7.27778
BLOCK22/SES221/SA221S29	SES143	-1.18662	-8.4644	-7.27778
BLOCK22/SES221/SA221S29	SES175	-1.13305	-8.41083	-7.27778
BLOCK22/SES221/SA221S29	SES187	-2.41001	-9.68779	-7.27778
BLOCK22/SES223/SA223S11	SES143	-1.3071	-7.57217	-6.26507
BLOCK22/SES223/SA223S11	SES144	-3.31283	-9.57789	-6.26507
BLOCK22/SES223/SA223S11	SES175	-1.40833	-7.6734	-6.26507
BLOCK22/SES223/SA223S11	SES187	-2.25762	-8.52269	-6.26507
BLOCK22/SES223/SA223S13	SES068	-1.41415	-8.98964	-7.57549
BLOCK22/SES223/SA223S13	SES143	-2.59278	-10.1683	-7.57549
BLOCK22/SES223/SA223S13	SES146	-1.85342	-9.4289	-7.57549
BLOCK22/SES223/SA223S13	SES202	-1.90796	-9.48344	-7.57549
BLOCK22/SES223/SA223S22	SES143	-1.6824	-6.01385	-4.33145
BLOCK22/SES223/SA223S22	SES144	-3.27737	-7.60883	-4.33145
BLOCK22/SES223/SA223S22	SES175	-1.60627	-5.93772	-4.33145
BLOCK22/SES223/SA223S22	SES187	-1.33482	-5.66627	-4.33145
BLOCK22/SES223/SA223S25	SES068	-1.44206	-6.60962	-5.16756
BLOCK22/SES223/SA223S25	SES143	-1.54628	-6.71385	-5.16756
BLOCK22/SES223/SA223S25	SES175	-1.15904	-6.3266	-5.16756
BLOCK22/SES223/SA223S25	SES187	-1.72781	-6.89537	-5.16756
BLOCK22/SES223/SA223S27	SES143	-0.955323	-7.89927	-6.94394
BLOCK22/SES223/SA223S27	SES146	-2.52318	-9.46712	-6.94394
BLOCK22/SES223/SA223S27	SES187	-1.4064	-8.35035	-6.94394
BLOCK22/SES223/SA223S27	SES292	-1.38883	-8.33277	-6.94394
BLOCK27/SES273/SA273S12	SES099	-0.714139	-6.263	-5.54886
BLOCK27/SES273/SA273S12	SES104	-0.784751	-6.33361	-5.54886
BLOCK27/SES273/SA273S12	SES125	-1.35508	-6.90394	-5.54886
BLOCK27/SES273/SA273S12	SES206	-0.216403	-5.76526	-5.54886
BLOCK27/SES273/SA273S13	SES099	-1.42023	-3.33311	-1.91288
BLOCK27/SES273/SA273S13	SES104	-1.4708	-3.38368	-1.91288
BLOCK27/SES273/SA273S13	SES206	-1.91857	-3.83146	-1.91288
BLOCK27/SES273/SA273S13	SES292	-1.07114	-2.98403	-1.91288
BLOCK27/SES273/SA273S21	SES099	-1.2283	-4.60874	-3.38044
BLOCK27/SES273/SA273S21	SES148	-3.76149	-7.14193	-3.38044
BLOCK27/SES273/SA273S21	SES149	-2.34527	-5.72571	-3.38044
BLOCK27/SES273/SA273S21	SES177	-1.91582	-5.29625	-3.38044
BLOCK27/SES273/SA273S25	SES104	-0.691275	-6.88543	-6.19415
BLOCK27/SES273/SA273S25	SES125	-1.61746	-7.81161	-6.19415
BLOCK27/SES273/SA273S25	SES158	-0.679432	-6.87359	-6.19415
BLOCK27/SES273/SA273S25	SES206	-0.882345	-7.0765	-6.19415
BLOCK27/SES273/SA273S27	SES099	-1.3901	-2.7618	-1.3717
BLOCK27/SES273/SA273S27	SES104	-1.74568	-3.11738	-1.3717
BLOCK27/SES273/SA273S27	SES149	-1.52207	-2.89377	-1.3717
BLOCK27/SES273/SA273S27	SES275	-1.6146	-2.9863	-1.3717
BLOCK27/SES274/SA274S10	SES105	-2.95405	-5.03634	-2.08229
BLOCK27/SES274/SA274S10	SES125	-3.53904	-5.62134	-2.08229
BLOCK27/SES274/SA274S10	SES129	-0.930032	-3.01232	-2.08229
BLOCK27/SES274/SA274S10	SES158	-5.41321	-7.4955	-2.08229
BLOCK27/SES274/SA274S11	SES105	-1.91104	-6.07298	-4.16194
BLOCK27/SES274/SA274S11	SES149	-1.94849	-6.11043	-4.16194
BLOCK27/SES274/SA274S11	SES158	-2.57727	-6.73921	-4.16194
BLOCK27/SES274/SA274S11	SES275	-1.27551	-5.43746	-4.16194
BLOCK27/SES274/SA274S21	SES105	-2.35789	-6.66014	-4.30226
BLOCK27/SES274/SA274S21	SES129	-0.765154	-5.06741	-4.30226
BLOCK27/SES274/SA274S21	SES149	-2.24493	-6.54719	-4.30226
BLOCK27/SES274/SA274S21	SES158	-3.17231	-7.47456	-4.30226
BLOCK27/SES274/SA274S24	SES105	-2.38385	-6.65179	-4.26795
BLOCK27/SES274/SA274S24	SES129	-0.932109	-5.20005	-4.26795
BLOCK27/SES274/SA274S24	SES149	-2.64656	-6.91451	-4.26795
BLOCK27/SES274/SA274S24	SES158	-4.24319	-8.51113	-4.26795
BLOCK27/SES274/SA274S29	SES105	-2.40879	-6.10461	-3.69583
BLOCK27/SES274/SA274S29	SES106	-2.88545	-6.58128	-3.69583
BLOCK27/SES274/SA274S29	SES120	-1.77103	-5.46686	-3.69583
BLOCK27/SES274/SA274S29	SES275	-1.45376	-5.14958	-3.69583
BLOCK27/SES276/SA276S16	SES148	-3.43453	-7.91495	-4.48042
BLOCK27/SES276/SA276S16	SES172	-0.0872254	-4.56765	-4.48042
BLOCK27/SES276/SA276S16	SES180	-0.69656	-5.17698	-4.48042
BLOCK27/SES276/SA276S16	SES292	-0.88998	-5.3704	-4.48042
BLOCK27/SES276/SA276S17	SES101	-1.56227	-5.93298	-4.37071
BLOCK27/SES276/SA276S17	SES177	-1.28312	-5.65383	-4.37071
BLOCK27/SES276/SA276S17	SES180	-1.04569	-5.4164	-4.37071
BLOCK27/SES276/SA276S17	SES292	-0.989904	-5.36061	-4.37071
BLOCK27/SES276/SA276S24	SES101	-1.52862	-4.65142	-3.1228
BLOCK27/SES276/SA276S24	SES177	-0.952557	-4.07535	-3.1228
BLOCK27/SES276/SA276S24	SES180	-1.37167	-4.49446	-3.1228
BLOCK27/SES276/SA276S24	SES292	-1.44689	-4.56968	-3.1228
BLOCK27/SES276/SA276S26	SES101	-2.39336	-3.23049	-0.837136
BLOCK27/SES276/SA276S26	SES177	-1.40572	-2.24285	-0.837136
BLOCK27/SES276/SA276S26	SES180	-1.24725	-2.08438	-0.837136
BLOCK27/SES276/SA276S26	SES292	-0.805823	-1.64296	-0.837136
BLOCK27/SES276/SA276S28	SES101	-1.13567	-3.05827	-1.9226
BLOCK27/SES276/SA276S28	SES177	-1.30282	-3.22542	-1.9226
BLOCK27/SES276/SA276S28	SES180	-0.146509	-2.06911	-1.9226
BLOCK27/SES276/SA276S28	SES292	-0.835165	-2.75776	-1.9226
BLOCK27/SES277/SA277S12	SES101	-1.19076	-8.11674	-6.92597
BLOCK27/SES277/SA277S12	SES177	-2.23744	-9.16342	-6.92597
BLOCK27/SES277/SA277S12	SES180	-2.32136	-9.24734	-6.92597
BLOCK27/SES277/SA277S12	SES292	-1.42051	-8.34649	-6.92597
BLOCK27/SES277/SA277S14	SES177	-2.00591	-8.2526	-6.24669
BLOCK27/SES277/SA277S14	SES180	-2.3764	-8.62309	-6.24669
BLOCK27/SES277/SA277S14	SES189	-0.967862	-7.21456	-6.24669
BLOCK27/SES277/SA277S14	SES292	-2.81051	-9.05721	-6.24669
BLOCK27/SES277/SA277S21	SES177	-1.59039	-7.29252	-5.70213
BLOCK27/SES277/SA277S21	SES180	-1.77834	-7.48047	-5.70213
BLOCK27/SES277/SA277S21	SES189	-1.29166	-6.99379	-5.70213
BLOCK27/SES277/SA277S21	SES292	-2.16493	-7.86706	-5.70213
BLOCK27/SES277/SA277S24	SES144	-1.98742	-9.12686	-7.13944
BLOCK27/SES277/SA277S24	SES177	-2.26037	-9.39981	-7.13944
BLOCK27/SES277/SA277S24	SES180	-2.29234	-9.43178	-7.13944
BLOCK27/SES277/SA277S24	SES189	-1.03208	-8.17153	-7.13944
BLOCK27/SES277/SA277S29	SES177	-1.26715	-3.31942	-2.05228
BLOCK27/SES277/SA277S29	SES180	-1.51851	-3.57079	-2.05228
BLOCK27/SES277/SA277S29	SES202	-1.32847	-3.38075	-2.05228
BLOCK27/SES277/SA277S29	SES292	-1.93171	-3.98399	-2.05228
BLOCK27/SES279/SA279S09	SES120	-1.2426	-4.73703	-3.49443
BLOCK27/SES279/SA279S09	SES146	-1.674	-5.16843	-3.49443
BLOCK27/SES279/SA279S09	SES206	-0.785069	-4.2795	-3.49443
BLOCK27/SES279/SA279S09	SES226	-2.70003	-6.19446	-3.49443
BLOCK27/SES279/SA279S10	SES099	-0.687662	-4.93337	-4.24571
BLOCK27/SES279/SA279S10	SES206	-1.3534	-5.59911	-4.24571
BLOCK27/SES279/SA279S10	SES226	-2.87814	-7.12385	-4.24571
BLOCK27/SES279/SA279S10	SES292	-0.282817	-4.52853	-4.24571
BLOCK27/SES279/SA279S20	SES099	-3.0033	-8.87775	-5.87445
BLOCK27/SES279/SA279S20	SES206	-0.686545	-6.561	-5.87445
BLOCK27/SES279/SA279S20	SES226	-3.33408	-9.20853	-5.87445
BLOCK27/SES279/SA279S20	SES292	-0.322206	-6.19666	-5.87445
BLOCK27/SES279/SA279S26	SES099	-0.98752	-7.76342	-6.7759
BLOCK27/SES279/SA279S26	SES206	-0.788187	-7.56409	-6.7759
BLOCK27/SES279/SA279S26	SES226	-2.72753	-9.50343	-6.7759
BLOCK27/SES279/SA279S26	SES292	0.213907	-6.562	-6.7759
BLOCK27/SES279/SA279S28	SES099	-0.691523	-2.0062	-1.31468
BLOCK27/SES279/SA279S28	SES120	-1.45522	-2.7699	-1.31468
BLOCK27/SES279/SA279S28	SES177	-1.67516	-2.98985	-1.31468
BLOCK27/SES279/SA279S28	SES206	-1.09178	-2.40646	-1.31468
BLOCK29/SES290/SA290S12	SES162	-1.07471	-5.22777	-4.15307
BLOCK29/SES290/SA290S12	SES177	-1.61371	-5.76678	-4.15307
BLOCK29/SES290/SA290S12	SES180	-1.33655	-5.48962	-4.15307
BLOCK29/SES290/SA290S12	SES292	-1.73381	-5.88688	-4.15307
BLOCK29/SES290/SA290S13	SES007	-1.12546	-5.20249	-4.07703
BLOCK29/SES290/SA290S13	SES162	-1.82389	-5.90092	-4.07703
BLOCK29/SES290/SA290S13	SES177	-1.49015	-5.56718	-4.07703
BLOCK29/SES290/SA290S13	SES180	-1.19488	-5.27192	-4.07703
BLOCK29/SES290/SA290S22	SES177	-1.50728	-5.30623	-3.79895
BLOCK29/SES290/SA290S22	SES180	-2.05934	-5.8583	-3.79895
BLOCK29/SES290/SA290S22	SES202	-1.00454	-4.80349	-3.79895
BLOCK29/SES290/SA290S22	SES292	-2.01502	-5.81397	-3.79895
BLOCK29/SES290/SA290S25	SES162	-1.49208	-6.05205	-4.55997
BLOCK29/SES290/SA290S25	SES177	-1.31329	-5.87325	-4.55997
BLOCK29/SES290/SA290S25	SES180	-1.99657	-6.55653	-4.55997
BLOCK29/SES290/SA290S25	SES292	-1.48369	-6.04366	-4.55997
BLOCK29/SES290/SA290S29	SES177	-0.68086	-2.55282	-1.87196
BLOCK29/SES290/SA290S29	SES180	-0.487634	-2.3596	-1.87196
BLOCK29/SES290/SA290S29	SES275	-0.288007	-2.15997	-1.87196
BLOCK29/SES290/SA290S29	SES292	-1.12423	-2.9962	-1.87196
BLOCK29/SES291/SA291S11	SES105	-1.613	-7.8164	-6.2034
BLOCK29/SES291/SA291S11	SES125	-1.59899	-7.80239	-6.2034
BLOCK29/SES291/SA291S11	SES158	-1.73217	-7.93558	-6.2034
BLOCK29/SES291/SA291S11	SES275	-1.89634	-8.09974	-6.2034
BLOCK29/SES291/SA291S12	SES158	0.405354	-7.34427	-7.74962
BLOCK29/SES291/SA291S12	SES226	-2.64402	-10.3936	-7.74962
BLOCK29/SES291/SA291S12	SES270	-1.67684	-9.42647	-7.74962
BLOCK29/SES291/SA291S12	SES275	-3.69221	-11.4418	-7.74962
BLOCK29/SES291/SA291S22	SES082	-1.82917	-6.67679	-4.84762
BLOCK29/SES291/SA291S22	SES158	-0.874439	-5.72206	-4.84762
BLOCK29/SES291/SA291S22	SES259	-1.16881	-6.01643	-4.84762
BLOCK29/SES291/SA291S22	SES275	-2.41561	-7.26323	-4.84762
BLOCK29/SES291/SA291S24	SES104	-0.397432	-5.92752	-5.53009
BLOCK29/SES291/SA291S24	SES125	-1.1516	-6.68168	-5.53009
BLOCK29/SES291/SA291S24	SES158	-0.596495	-6.12658	-5.53009
BLOCK29/SES291/SA291S24	SES275	-2.79231	-8.3224	-5.53009
BLOCK29/SES291/SA291S27	SES158	-0.363672	-4.02045	-3.65677
BLOCK29/SES291/SA291S27	SES172	-3.047	-6.70377	-3.65677
BLOCK29/SES291/SA291S27	SES275	-2.02533	-5.68211	-3.65677
BLOCK29/SES291/SA291S27	SES292	-1.17238	-4.82915	-3.65677
