spk_ver/v00/v0000	SES146	0.710508	20.6711	19.9606
spk_ver/v00/v0001	SES002	-9.81356	10.9568	20.7703
spk_ver/v00/v0002	SES002	-7.83395	12.0246	19.8585
spk_ver/v00/v0003	SES002	-14.6268	6.20329	20.8301
spk_ver/v00/v0004	SES002	-5.06978	14.9775	20.0473
spk_ver/v00/v0005	SES002	-5.41468	13.0473	18.462
spk_ver/v00/v0006	SES002	-7.64219	14.7277	22.3699
spk_ver/v00/v0007	SES002	-7.15032	12.0819	19.2322
spk_ver/v00/v0008	SES146	0.155149	19.9493	19.7941
spk_ver/v00/v0009	SES002	-3.17845	19.2596	22.438
spk_ver/v00/v0010	SES002	-6.74074	12.0231	18.7638
spk_ver/v00/v0011	SES002	-3.59458	15.3314	18.9259
spk_ver/v00/v0012	SES002	-5.69256	16.8506	22.5431
spk_ver/v00/v0013	SES002	-5.47489	16.7722	22.2471
spk_ver/v00/v0014	SES002	-2.94661	18.0944	21.041
spk_ver/v00/v0015	SES002	-3.60905	17.2964	20.9055
spk_ver/v00/v0016	SES275	0.119219	19.3569	19.2377
spk_ver/v00/v0017	SES002	-2.80316	20.6129	23.4161
spk_ver/v00/v0018	SES002	-14.712	5.12854	19.8405
spk_ver/v00/v0019	SES002	-3.79731	16.727	20.5243
spk_ver/v00/v0020	SES002	-13.4398	6.43591	19.8758
spk_ver/v00/v0021	SES002	-8.4206	11.5991	20.0197
spk_ver/v00/v0022	SES002	-5.0545	16.6842	21.7387
spk_ver/v00/v0023	SES002	-8.40317	14.9062	23.3093
spk_ver/v00/v0024	SES002	-11.3395	8.86058	20.2001
spk_ver/v00/v0025	SES002	-10.6474	11.1123	21.7597
spk_ver/v00/v0026	SES002	-6.38979	14.2258	20.6156
spk_ver/v00/v0027	SES129	1.41164	21.8627	20.4511
spk_ver/v00/v0028	SES007	-3.35048	18.3136	21.6641
spk_ver/v00/v0029	SES083	-0.741781	21.4622	22.2039
spk_ver/v00/v0030	SES019	2.26896	22.3686	20.0997
spk_ver/v00/v0031	SES007	-3.58675	16.2037	19.7905
spk_ver/v00/v0032	SES270	0.602644	21.7365	21.1338
spk_ver/v00/v0033	SES007	-3.65986	17.6427	21.3026
spk_ver/v00/v0034	SES007	-4.60748	15.8398	20.4473
spk_ver/v00/v0035	SES007	-2.06651	19.6946	21.7611
spk_ver/v00/v0036	SES007	-2.48028	15.3368	17.8171
spk_ver/v00/v0037	SES007	-4.70704	18.1551	22.8622
spk_ver/v00/v0038	SES259	2.47674	24.7198	22.2431
spk_ver/v00/v0039	SES007	-4.14387	13.0264	17.1703
spk_ver/v00/v0040	SES007	-4.7324	19.4043	24.1367
spk_ver/v00/v0041	SES007	-3.21608	18.1073	21.3234
spk_ver/v00/v0042	SES007	-2.69657	15.1684	17.865
spk_ver/v00/v0043	SES007	-2.46939	17.7338	20.2031
spk_ver/v00/v0044	SES007	-3.77965	20.283	24.0627
spk_ver/v00/v0045	SES007	-2.79814	19.8148	22.613
spk_ver/v00/v0046	SES007	-2.56107	18.9879	21.5489
spk_ver/v00/v0047	SES172	-0.267191	21.5453	21.8125
spk_ver/v00/v0048	SES105	1.19038	21.3135	20.1231
spk_ver/v00/v0049	SES007	-2.23693	20.0096	22.2466
spk_ver/v00/v0050	SES292	-1.12714	19.8876	21.0147
spk_ver/v00/v0051	SES007	-2.64269	18.3775	21.0202
spk_ver/v00/v0052	SES068	0.324171	23.007	22.6828
spk_ver/v00/v0053	SES008	-2.51692	19.5868	22.1037
spk_ver/v00/v0054	SES008	-7.75	11.6814	19.4314
spk_ver/v00/v0055	SES008	-3.1814	17.8698	21.0512
spk_ver/v00/v0056	SES008	-7.41767	13.7293	21.147
spk_ver/v00/v0057	SES008	-5.62006	15.6141	21.2341
spk_ver/v00/v0058	SES083	0.401386	22.4105	22.0091
spk_ver/v00/v0059	SES158	1.71972	22.6626	20.9428
spk_ver/v00/v0060	SES008	-5.16985	14.609	19.7789
spk_ver/v00/v0061	SES101	-0.681124	21.6192	22.3003
spk_ver/v00/v0062	SES008	-5.06348	15.2762	20.3396
spk_ver/v00/v0063	SES008	-4.42451	16.9161	21.3406
spk_ver/v00/v0064	SES117	0.673063	20.7902	20.1171
spk_ver/v00/v0065	SES149	1.76373	24.2722	22.5085
spk_ver/v00/v0066	SES008	-2.01414	20.1265	22.1406
spk_ver/v00/v0067	SES008	-3.77088	15.652	19.4229
spk_ver/v00/v0068	SES162	0.381147	21.0508	20.6697
spk_ver/v00/v0069	SES008	-9.95025	12.5925	22.5427
spk_ver/v00/v0070	SES008	-2.37962	18.4993	20.879
spk_ver/v00/v0071	SES008	-5.62262	16.1052	21.7278
spk_ver/v00/v0072	SES008	-2.74971	20.3407	23.0904
spk_ver/v00/v0073	SES008	-3.497	18.8024	22.2994
spk_ver/v00/v0074	SES008	-5.42442	14.3454	19.7698
spk_ver/v00/v0075	SES008	-10.1408	9.74516	19.886
spk_ver/v00/v0076	SES167	1.6074	22.2217	20.6143
spk_ver/v00/v0077	SES008	-3.51347	18.9083	22.4218
spk_ver/v00/v0078	SES177	0.379658	22.4069	22.0273
spk_ver/v00/v0079	SES008	-3.65121	17.462	21.1132
spk_ver/v00/v0080	SES008	-4.19248	16.3762	20.5687
spk_ver/v00/v0081	SES008	-6.92519	11.815	18.7402
spk_ver/v00/v0082	SES008	-4.21122	17.004	21.2153
spk_ver/v00/v0083	SES008	-7.8168	10.9175	18.7343
spk_ver/v00/v0084	SES144	1.22521	22.06	20.8348
spk_ver/v00/v0085	SES008	-4.09892	17.4512	21.5502
spk_ver/v00/v0086	SES008	-3.98912	19.1672	23.1563
spk_ver/v00/v0087	SES008	-7.69789	13.2116	20.9095
spk_ver/v00/v0088	SES008	-4.71259	18.4249	23.1375
spk_ver/v00/v0089	SES008	-2.90934	15.9114	18.8207
spk_ver/v00/v0090	SES142	1.50291	21.9146	20.4117
spk_ver/v00/v0091	SES008	-7.2153	15.5073	22.7226
spk_ver/v00/v0092	SES158	1.27278	21.034	19.7612
spk_ver/v00/v0093	SES014	-4.27649	17.6416	21.9181
spk_ver/v00/v0094	SES014	-6.44773	11.5117	17.9594
spk_ver/v00/v0095	SES014	-2.87436	21.0805	23.9548
spk_ver/v00/v0096	SES014	-12.4102	7.82619	20.2364
spk_ver/v00/v0097	SES014	-3.37295	16.585	19.958
spk_ver/v00/v0098	SES014	-3.90518	18.3574	22.2625
spk_ver/v00/v0099	SES014	-6.20391	13.2001	19.404
spk_ver/v01/v0100	SES127	-0.23012	20.9192	21.1493
spk_ver/v01/v0101	SES014	-10.7973	7.67755	18.4749
spk_ver/v01/v0102	SES014	-13.9037	5.9174	19.8211
spk_ver/v01/v0103	SES014	-8.24921	11.6402	19.8894
spk_ver/v01/v0104	SES014	-12.0264	8.38304	20.4094
spk_ver/v01/v0105	SES014	-5.97554	12.7854	18.761
spk_ver/v01/v0106	SES014	-5.48482	14.6858	20.1706
spk_ver/v01/v0107	SES014	-10.6731	11.9781	22.6511
spk_ver/v01/v0108	SES014	-15.3637	5.66367	21.0274
spk_ver/v01/v0109	SES014	-7.59062	10.5653	18.1559
spk_ver/v01/v0110	SES014	-5.86166	13.7227	19.5844
spk_ver/v01/v0111	SES014	-3.00755	20.1831	23.1906
spk_ver/v01/v0112	SES014	-9.64909	13.0395	22.6886
spk_ver/v01/v0113	SES104	-1.0751	20.9526	22.0277
spk_ver/v01/v0114	SES082	0.418268	23.3737	22.9555
spk_ver/v01/v0115	SES087	1.03239	22.2268	21.1944
spk_ver/v01/v0116	SES014	-4.41404	16.149	20.563
spk_ver/v01/v0117	SES177	-0.534664	20.7841	21.3188
spk_ver/v01/v0118	SES014	-9.70024	9.1876	18.8878
spk_ver/v01/v0119	SES014	-3.25528	18.442	21.6973
spk_ver/v01/v0120	SES014	-16.9011	3.80048	20.7016
spk_ver/v01/v0121	SES146	-0.173712	20.3842	20.558
spk_ver/v01/v0122	SES014	2.60595	25.6098	23.0038
spk_ver/v01/v0123	SES014	-4.7824	17.6223	22.4047
spk_ver/v01/v0124	SES014	-16.092	4.9187	21.0107
spk_ver/v01/v0125	SES014	-9.09966	11.1671	20.2668
spk_ver/v01/v0126	SES016	-3.85424	16.1667	20.021
spk_ver/v01/v0127	SES016	-5.17567	13.0279	18.2036
spk_ver/v01/v0128	SES106	2.00425	23.4715	21.4673
spk_ver/v01/v0129	SES016	-4.78985	17.0932	21.883
spk_ver/v01/v0130	SES016	-4.20793	16.9644	21.1724
spk_ver/v01/v0131	SES016	-6.3866	13.6772	20.0638
spk_ver/v01/v0132	SES016	-3.34914	17.8715	21.2206
spk_ver/v01/v0133	SES016	-4.60106	17.8399	22.4409
spk_ver/v01/v0134	SES016	-2.98909	18.8944	21.8835
spk_ver/v01/v0135	SES016	-7.63799	13.8262	21.4642
spk_ver/v01/v0136	SES016	-6.91907	13.9726	20.8917
spk_ver/v01/v0137	SES007	0.117405	20.1927	20.0753
spk_ver/v01/v0138	SES016	-2.91528	18.5827	21.4979
spk_ver/v01/v0139	SES016	-3.44939	18.3833	21.8327
spk_ver/v01/v0140	SES016	1.08627	23.0073	21.921
spk_ver/v01/v0141	SES016	-8.64458	8.57067	17.2152
spk_ver/v01/v0142	SES016	-7.56119	14.711	22.2722
spk_ver/v01/v0143	SES016	-6.66191	11.7432	18.4051
spk_ver/v01/v0144	SES016	-6.18008	16.0989	22.279
spk_ver/v01/v0145	SES016	-9.02928	10.1267	19.156
spk_ver/v01/v0146	SES016	-2.97396	18.3224	21.2964
spk_ver/v01/v0147	SES016	-3.20059	18.9112	22.1118
spk_ver/v01/v0148	SES127	-0.0661106	20.9762	21.0423
spk_ver/v01/v0149	SES016	-4.38493	16.5748	20.9597
spk_ver/v01/v0150	SES016	-3.56097	17.0092	20.5701
spk_ver/v01/v0151	SES147	0.575304	19.0287	18.4534
spk_ver/v01/v0152	SES016	-3.83146	16.9558	20.7872
spk_ver/v01/v0153	SES104	1.31674	24.6611	23.3443
spk_ver/v01/v0154	SES016	-5.69619	14.4549	20.1511
spk_ver/v01/v0155	SES016	-4.20299	15.5335	19.7365
spk_ver/v01/v0156	SES019	-1.93839	17.9328	19.8712
spk_ver/v01/v0157	SES019	-5.05776	17.7525	22.8103
spk_ver/v01/v0158	SES019	-1.39683	20.5383	21.9351
spk_ver/v01/v0159	SES007	0.514603	21.6039	21.0893
spk_ver/v01/v0160	SES019	-3.77089	18.5127	22.2836
spk_ver/v01/v0161	SES019	-5.29304	15.0425	20.3355
spk_ver/v01/v0162	SES019	-6.88975	15.5504	22.4402
spk_ver/v01/v0163	SES189	0.937038	20.6034	19.6664
spk_ver/v01/v0164	SES019	-3.18686	18.8303	22.0172
spk_ver/v01/v0165	SES019	-1.915	18.1555	20.0705
spk_ver/v01/v0166	SES019	-7.72027	14.8159	22.5362
spk_ver/v01/v0167	SES019	-7.4583	12.242	19.7003
spk_ver/v01/v0168	SES019	-3.34649	12.9663	16.3128
spk_ver/v01/v0169	SES019	-6.68828	12.3954	19.0837
spk_ver/v01/v0170	SES270	0.970135	22.059	21.0889
spk_ver/v01/v0171	SES019	-3.83143	16.4211	20.2525
spk_ver/v01/v0172	SES019	-8.78464	11.424	20.2086
spk_ver/v01/v0173	SES206	1.22141	23.074	21.8526
spk_ver/v01/v0174	SES019	-4.15352	16.8455	20.9991
spk_ver/v01/v0175	SES014	2.74456	25.874	23.1294
spk_ver/v01/v0176	SES019	-7.05286	14.5954	21.6482
spk_ver/v01/v0177	SES120	0.679041	20.4812	19.8022
spk_ver/v01/v0178	SES019	-2.82119	16.4124	19.2336
spk_ver/v01/v0179	SES019	-8.64225	15.2565	23.8987
spk_ver/v01/v0180	SES175	-0.0040741	20.9303	20.9344
spk_ver/v01/v0181	SES019	-7.56507	11.7943	19.3594
spk_ver/v01/v0182	SES019	-6.01122	16.1557	22.167
spk_ver/v01/v0183	SES029	-3.86108	16.7802	20.6413
spk_ver/v01/v0184	SES029	-8.3281	13.9115	22.2396
spk_ver/v01/v0185	SES029	-3.88795	18.3461	22.2341
spk_ver/v01/v0186	SES068	0.540491	23.3382	22.7977
spk_ver/v01/v0187	SES029	-5.2337	16.226	21.4597
spk_ver/v01/v0188	SES029	-3.65188	18.7606	22.4125
spk_ver/v01/v0189	SES149	2.45462	24.4351	21.9805
spk_ver/v01/v0190	SES029	-4.84668	17.9106	22.7573
spk_ver/v01/v0191	SES029	-5.04093	15.7804	20.8214
spk_ver/v01/v0192	SES183	1.07056	23.0294	21.9588
spk_ver/v01/v0193	SES029	-3.50789	17.668	21.1759
spk_ver/v01/v0194	SES016	0.991917	23.1381	22.1462
spk_ver/v01/v0195	SES029	-4.36117	16.8064	21.1675
spk_ver/v01/v0196	SES029	-3.05227	17.603	20.6553
spk_ver/v01/v0197	SES029	-5.24585	17.8047	23.0505
spk_ver/v01/v0198	SES146	0.484808	20.4215	19.9367
spk_ver/v01/v0199	SES029	-5.09345	13.4284	18.5219
spk_ver/v02/v0200	SES029	-4.15294	17.3782	21.5311
spk_ver/v02/v0201	SES068	0.599993	23.0278	22.4278
spk_ver/v02/v0202	SES148	1.68861	21.2427	19.5541
spk_ver/v02/v0203	SES029	-4.07191	17.0792	21.1511
spk_ver/v02/v0204	SES029	-2.80785	18.3352	21.1431
spk_ver/v02/v0205	SES060	0.771412	24.4661	23.6947
spk_ver/v02/v0206	SES127	0.994513	23.4132	22.4187
spk_ver/v02/v0207	SES029	-4.97476	16.5036	21.4784
spk_ver/v02/v0208	SES048	1.52313	21.6258	20.1027
spk_ver/v02/v0209	SES029	-3.06033	18.475	21.5353
spk_ver/v02/v0210	SES029	-3.95543	16.3094	20.2648
spk_ver/v02/v0211	SES029	-3.96536	18.103	22.0683
spk_ver/v02/v0212	SES042	-9.66345	10.6863	20.3498
spk_ver/v02/v0213	SES085	0.588877	21.8067	21.2179
spk_ver/v02/v0214	SES206	1.56767	24.929	23.3614
spk_ver/v02/v0215	SES144	0.382215	21.2046	20.8224
spk_ver/v02/v0216	SES042	-4.61219	16.9468	21.559
spk_ver/v02/v0217	SES042	-3.56037	10.8182	14.3786
spk_ver/v02/v0218	SES042	-3.59809	18.8908	22.4889
spk_ver/v02/v0219	SES206	1.32546	25.2118	23.8864
spk_ver/v02/v0220	SES019	4.07197	24.3361	20.2641
spk_ver/v02/v0221	SES007	0.121305	21.1633	21.042
spk_ver/v02/v0222	SES042	-10.321	10.146	20.467
spk_ver/v02/v0223	SES147	0.572414	19.8182	19.2458
spk_ver/v02/v0224	SES105	1.27274	21.3859	20.1132
spk_ver/v02/v0225	SES042	-2.77276	18.4171	21.1899
spk_ver/v02/v0226	SES275	1.1833	21.2057	20.0224
spk_ver/v02/v0227	SES042	-5.74097	14.3632	20.1042
spk_ver/v02/v0228	SES042	-6.37928	15.5265	21.9058
spk_ver/v02/v0229	SES042	-8.1464	14.4455	22.5919
spk_ver/v02/v0230	SES085	0.0205212	23.045	23.0245
spk_ver/v02/v0231	SES014	2.71568	26.141	23.4254
spk_ver/v02/v0232	SES042	-2.45217	19.9158	22.368
spk_ver/v02/v0233	SES048	-6.18653	15.7378	21.9243
spk_ver/v02/v0234	SES048	-9.55469	11.6566	21.2113
spk_ver/v02/v0235	SES029	0.458277	22.9675	22.5093
spk_ver/v02/v0236	SES048	-4.41792	17.487	21.9049
spk_ver/v02/v0237	SES048	-6.06868	14.3437	20.4124
spk_ver/v02/v0238	SES048	-4.03773	17.2131	21.2509
spk_ver/v02/v0239	SES060	0.855305	22.7036	21.8483
spk_ver/v02/v0240	SES048	-7.81191	12.5105	20.3224
spk_ver/v02/v0241	SES048	-7.05452	14.888	21.9425
spk_ver/v02/v0242	SES189	2.08942	21.459	19.3696
spk_ver/v02/v0243	SES162	0.842596	21.4425	20.5999
spk_ver/v02/v0244	SES048	-7.31604	15.8514	23.1674
spk_ver/v02/v0245	SES048	-6.20452	14.2385	20.4431
spk_ver/v02/v0246	SES048	-5.52018	16.5043	22.0245
spk_ver/v02/v0247	SES048	-6.8295	12.5817	19.4112
spk_ver/v02/v0248	SES226	2.59237	24.4041	21.8117
spk_ver/v02/v0249	SES048	-3.9744	16.2253	20.1997
spk_ver/v02/v0250	SES048	-3.62974	16.7828	20.4125
spk_ver/v02/v0251	SES048	-6.59887	13.5752	20.1741
spk_ver/v02/v0252	SES060	-9.2968	10.1239	19.4207
spk_ver/v02/v0253	SES060	-6.90924	14.4455	21.3548
spk_ver/v02/v0254	SES259	2.91485	25.0432	22.1283
spk_ver/v02/v0255	SES060	-7.64053	11.6205	19.261
spk_ver/v02/v0256	SES202	-0.169043	20.0088	20.1779
spk_ver/v02/v0257	SES148	0.617702	22.1204	21.5027
spk_ver/v02/v0258	SES060	-5.71239	11.9549	17.6673
spk_ver/v02/v0259	SES060	-2.14088	19.4948	21.6357
spk_ver/v02/v0260	SES060	-4.45802	17.547	22.0051
spk_ver/v02/v0261	SES099	2.58083	24.5363	21.9555
spk_ver/v02/v0262	SES060	-5.14538	16.1272	21.2726
spk_ver/v02/v0263	SES060	-3.28647	19.6427	22.9291
spk_ver/v02/v0264	SES292	-0.100624	21.1336	21.2343
spk_ver/v02/v0265	SES060	-2.45325	18.2263	20.6796
spk_ver/v02/v0266	SES060	-8.00288	12.4577	20.4606
spk_ver/v02/v0267	SES060	-6.46556	13.3463	19.8119
spk_ver/v02/v0268	SES060	-7.67952	10.6269	18.3064
spk_ver/v02/v0269	SES127	0.320023	22.8697	22.5497
spk_ver/v02/v0270	SES060	-5.06313	16.146	21.2092
spk_ver/v02/v0271	SES060	-1.88302	20.2383	22.1213
spk_ver/v02/v0272	SES060	-5.65242	13.3135	18.966
spk_ver/v02/v0273	SES087	1.42872	22.8766	21.4479
spk_ver/v02/v0274	SES146	0.143522	19.7756	19.6321
spk_ver/v02/v0275	SES060	-5.26755	14.0213	19.2889
spk_ver/v02/v0276	SES002	2.72637	24.5291	21.8027
spk_ver/v02/v0277	SES060	-2.51538	19.1016	21.617
spk_ver/v02/v0278	SES060	-5.9075	13.9975	19.905
spk_ver/v02/v0279	SES060	-7.27028	14.6608	21.9311
spk_ver/v02/v0280	SES129	2.32817	22.9915	20.6633
spk_ver/v02/v0281	SES162	0.737799	21.4307	20.6929
spk_ver/v02/v0282	SES060	-4.67879	15.7935	20.4723
spk_ver/v02/v0283	SES060	-5.43833	16.6949	22.1332
spk_ver/v02/v0284	SES062	-7.49408	10.4448	17.9389
spk_ver/v02/v0285	SES062	-6.72887	13.709	20.4378
spk_ver/v02/v0286	SES120	-0.224638	19.3043	19.5289
spk_ver/v02/v0287	SES062	-4.52179	16.5503	21.0721
spk_ver/v02/v0288	SES062	-4.85749	16.1845	21.0419
spk_ver/v02/v0289	SES062	-4.38281	17.1348	21.5176
spk_ver/v02/v0290	SES062	-3.72661	18.4957	22.2223
spk_ver/v02/v0291	SES275	0.100981	20.3001	20.1992
spk_ver/v02/v0292	SES062	-5.49761	15.1032	20.6008
spk_ver/v02/v0293	SES062	-10.6505	11.1394	21.7899
spk_ver/v02/v0294	SES062	-4.96364	17.4885	22.4522
spk_ver/v02/v0295	SES062	-4.13852	15.8322	19.9707
spk_ver/v02/v0296	SES062	-4.99662	15.8153	20.8119
spk_ver/v02/v0297	SES062	-7.23809	12.7853	20.0234
spk_ver/v02/v0298	SES062	-3.45645	16.6459	20.1024
spk_ver/v02/v0299	SES062	-3.73033	18.0479	21.7782
spk_ver/v03/v0300	SES062	-8.06956	12.8473	20.9169
spk_ver/v03/v0301	SES062	-3.79636	17.5566	21.3529
spk_ver/v03/v0302	SES172	-0.0731335	23.2951	23.3683
spk_ver/v03/v0303	SES062	-3.09489	17.8799	20.9748
spk_ver/v03/v0304	SES062	-4.36378	16.0296	20.3934
spk_ver/v03/v0305	SES062	-3.28062	18.176	21.4566
spk_ver/v03/v0306	SES062	-7.48574	12.2484	19.7342
spk_ver/v03/v0307	SES062	-3.76157	17.7131	21.4746
spk_ver/v03/v0308	SES062	-6.61026	13.8868	20.4971
spk_ver/v03/v0309	SES062	-3.57286	14.7049	18.2777
spk_ver/v03/v0310	SES125	1.04108	23.872	22.8309
spk_ver/v03/v0311	SES062	-2.42263	19.3573	21.78
spk_ver/v03/v0312	SES062	-8.62977	10.9441	19.5739
spk_ver/v03/v0313	SES062	-4.203	16.5498	20.7528
spk_ver/v03/v0314	SES068	-5.08451	16.2135	21.298
spk_ver/v03/v0315	SES068	-4.33109	17.33	21.6611
spk_ver/v03/v0316	SES068	-7.10291	13.4621	20.5651
spk_ver/v03/v0317	SES068	-3.35434	16.6356	19.9899
spk_ver/v03/v0318	SES068	-4.84296	18.494	23.337
spk_ver/v03/v0319	SES068	-9.79433	10.8301	20.6244
spk_ver/v03/v0320	SES068	-2.74818	18.7588	21.5069
spk_ver/v03/v0321	SES068	-2.66297	16.7225	19.3855
spk_ver/v03/v0322	SES068	-2.59348	17.4538	20.0472
spk_ver/v03/v0323	SES068	-3.78693	18.3369	22.1238
spk_ver/v03/v0324	SES144	-0.497992	18.045	18.543
spk_ver/v03/v0325	SES068	-4.97711	16.4962	21.4734
spk_ver/v03/v0326	SES068	-1.50387	20.4005	21.9043
spk_ver/v03/v0327	SES068	-3.19506	18.6416	21.8367
spk_ver/v03/v0328	SES068	-7.2344	12.7784	20.0128
spk_ver/v03/v0329	SES068	-3.76923	17.5854	21.3547
spk_ver/v03/v0330	SES180	-0.856392	19.8723	20.7287
spk_ver/v03/v0331	SES068	-1.96728	19.0836	21.0509
spk_ver/v03/v0332	SES275	0.576746	21.6449	21.0682
spk_ver/v03/v0333	SES062	1.2958	25.2079	23.9121
spk_ver/v03/v0334	SES270	0.855608	21.2465	20.3908
spk_ver/v03/v0335	SES068	-10.2098	8.75887	18.9687
spk_ver/v03/v0336	SES068	-2.41686	21.3594	23.7762
spk_ver/v03/v0337	SES068	-2.99372	17.0441	20.0379
spk_ver/v03/v0338	SES068	-4.56967	14.9697	19.5394
spk_ver/v03/v0339	SES068	-2.44951	18.4358	20.8853
spk_ver/v03/v0340	SES068	-4.85467	14.7311	19.5858
spk_ver/v03/v0341	SES016	0.721758	24.0309	23.3091
spk_ver/v03/v0342	SES068	-5.71298	14.0925	19.8055
spk_ver/v03/v0343	SES068	-3.35802	16.1533	19.5113
spk_ver/v03/v0344	SES125	1.28364	22.9795	21.6958
spk_ver/v03/v0345	SES187	0.425186	22.1011	21.6759
spk_ver/v03/v0346	SES068	-5.31381	16.4033	21.7171
spk_ver/v03/v0347	SES143	0.951427	20.7774	19.826
spk_ver/v03/v0348	SES292	0.102856	21.7356	21.6327
spk_ver/v03/v0349	SES082	-6.76236	15.136	21.8983
spk_ver/v03/v0350	SES101	0.561684	22.7725	22.2108
spk_ver/v03/v0351	SES082	-1.64285	19.8719	21.5148
spk_ver/v03/v0352	SES082	-3.54066	15.0727	18.6133
spk_ver/v03/v0353	SES082	-5.64671	15.2256	20.8723
spk_ver/v03/v0354	SES082	-12.4743	7.1841	19.6584
spk_ver/v03/v0355	SES083	0.0618362	22.8904	22.8285
spk_ver/v03/v0356	SES082	-4.53382	15.3385	19.8723
spk_ver/v03/v0357	SES082	-7.30705	13.301	20.608
spk_ver/v03/v0358	SES082	-1.86001	18.7261	20.5861
spk_ver/v03/v0359	SES117	0.291145	18.0891	17.798
spk_ver/v03/v0360	SES082	-7.98924	13.8244	21.8136
spk_ver/v03/v0361	SES082	-2.99512	17.3331	20.3283
spk_ver/v03/v0362	SES007	0.766672	21.0748	20.3081
spk_ver/v03/v0363	SES082	-4.11677	16.8859	21.0027
spk_ver/v03/v0364	SES019	2.69667	23.4896	20.793
spk_ver/v03/v0365	SES082	-1.66092	18.7656	20.4265
spk_ver/v03/v0366	SES226	2.19122	23.6993	21.5081
spk_ver/v03/v0367	SES167	1.03312	22.9569	21.9237
spk_ver/v03/v0368	SES082	-3.95173	18.2153	22.1671
spk_ver/v03/v0369	SES042	3.5255	26.2547	22.7292
spk_ver/v03/v0370	SES042	2.8666	25.16	22.2934
spk_ver/v03/v0371	SES082	-9.31641	12.3051	21.6215
spk_ver/v03/v0372	SES082	-2.66359	20.6593	23.3229
spk_ver/v03/v0373	SES082	-9.95072	12.0475	21.9982
spk_ver/v03/v0374	SES083	-2.76244	20.7532	23.5157
spk_ver/v03/v0375	SES292	0.0673771	20.963	20.8957
spk_ver/v03/v0376	SES083	-4.02234	18.2171	22.2394
spk_ver/v03/v0377	SES083	-6.33075	15.3405	21.6713
spk_ver/v03/v0378	SES083	-4.25093	15.9279	20.1789
spk_ver/v03/v0379	SES083	-2.80787	17.4885	20.2964
spk_ver/v03/v0380	SES083	-6.65065	13.9879	20.6385
spk_ver/v03/v0381	SES083	-3.58519	17.1815	20.7667
spk_ver/v03/v0382	SES148	-0.0527039	22.0796	22.1323
spk_ver/v03/v0383	SES083	-2.02662	20.2306	22.2573
spk_ver/v03/v0384	SES226	1.45495	22.7732	21.3182
spk_ver/v03/v0385	SES226	2.13838	24.1801	22.0417
spk_ver/v03/v0386	SES087	1.00306	21.857	20.854
spk_ver/v03/v0387	SES029	0.648624	21.785	21.1364
spk_ver/v03/v0388	SES147	0.796501	20.5387	19.7422
spk_ver/v03/v0389	SES083	-5.24159	14.8315	20.0731
spk_ver/v03/v0390	SES189	1.51579	21.4328	19.917
spk_ver/v03/v0391	SES083	-2.54043	19.4082	21.9487
spk_ver/v03/v0392	SES083	-1.85872	20.3156	22.1743
spk_ver/v03/v0393	SES083	-3.89028	17.0004	20.8907
spk_ver/v03/v0394	SES083	-4.66619	15.6506	20.3168
spk_ver/v03/v0395	SES083	-2.43999	20.167	22.6069
spk_ver/v03/v0396	SES014	3.3963	27.3352	23.9389
spk_ver/v03/v0397	SES085	-1.2501	23.3943	24.6444
spk_ver/v03/v0398	SES085	-2.86092	19.7222	22.5831
spk_ver/v03/v0399	SES085	-3.89368	17.5779	21.4716
spk_ver/v04/v0400	SES106	2.13207	24.6764	22.5443
spk_ver/v04/v0401	SES085	-5.29869	15.7569	21.0556
spk_ver/v04/v0402	SES085	-9.58251	7.13247	16.715
spk_ver/v04/v0403	SES085	-1.85225	19.5436	21.3958
spk_ver/v04/v0404	SES180	0.429718	22.1292	21.6995
spk_ver/v04/v0405	SES129	1.38855	23.4168	22.0282
spk_ver/v04/v0406	SES085	-6.06996	15.9462	22.0161
spk_ver/v04/v0407	SES146	-0.0401363	19.2858	19.3259
spk_ver/v04/v0408	SES085	-1.87155	20.526	22.3976
spk_ver/v04/v0409	SES085	-4.32366	16.3001	20.6238
spk_ver/v04/v0410	SES085	-5.43333	17.8405	23.2738
spk_ver/v04/v0411	SES292	0.524324	20.953	20.4287
spk_ver/v04/v0412	SES085	-2.73463	19.9222	22.6568
spk_ver/v04/v0413	SES125	1.86696	24.4898	22.6228
spk_ver/v04/v0414	SES085	-5.3417	15.4831	20.8248
spk_ver/v04/v0415	SES085	-3.84252	18.7831	22.6256
spk_ver/v04/v0416	SES085	-2.05575	18.9088	20.9645
spk_ver/v04/v0417	SES062	0.435299	24.3488	23.9135
spk_ver/v04/v0418	SES060	1.13587	22.621	21.4852
spk_ver/v04/v0419	SES085	-2.4681	19.6684	22.1365
spk_ver/v04/v0420	SES085	-6.69625	16.2708	22.967
spk_ver/v04/v0421	SES085	-7.62475	12.0057	19.6304
spk_ver/v04/v0422	SES085	-2.28442	17.2185	19.5029
spk_ver/v04/v0423	SES085	-5.43726	14.572	20.0092
spk_ver/v04/v0424	SES085	-4.58448	14.1258	18.7103
spk_ver/v04/v0425	SES183	0.324614	20.5337	20.2091
spk_ver/v04/v0426	SES085	-5.7198	15.3431	21.0629
spk_ver/v04/v0427	SES087	-3.62484	17.3519	20.9767
spk_ver/v04/v0428	SES162	0.578613	22.4063	21.8277
spk_ver/v04/v0429	SES087	-2.37628	19.9447	22.321
spk_ver/v04/v0430	SES087	-7.97149	14.2743	22.2458
spk_ver/v04/v0431	SES087	-8.34205	11.0374	19.3794
spk_ver/v04/v0432	SES087	-5.12769	14.9292	20.0568
spk_ver/v04/v0433	SES087	-5.91518	16.2288	22.144
spk_ver/v04/v0434	SES142	2.51737	23.0784	20.561
spk_ver/v04/v0435	SES087	-6.84371	13.9015	20.7453
spk_ver/v04/v0436	SES099	1.88518	24.442	22.5568
spk_ver/v04/v0437	SES087	-2.48177	19.7927	22.2745
spk_ver/v04/v0438	SES087	-10.0451	11.3707	21.4158
spk_ver/v04/v0439	SES087	-2.73452	20.5148	23.2493
spk_ver/v04/v0440	SES087	-4.58084	17.1205	21.7014
spk_ver/v04/v0441	SES087	-9.01689	11.7165	20.7334
spk_ver/v04/v0442	SES187	1.18486	21.7258	20.541
spk_ver/v04/v0443	SES172	1.36228	23.553	22.1907
spk_ver/v04/v0444	SES087	-3.92569	15.3414	19.2671
spk_ver/v04/v0445	SES087	-3.43935	19.0992	22.5385
spk_ver/v04/v0446	SES087	-1.53003	20.5676	22.0977
spk_ver/v04/v0447	SES087	-2.8474	19.2246	22.072
spk_ver/v04/v0448	SES106	2.28768	22.5231	20.2354
spk_ver/v04/v0449	SES146	0.32925	20.0962	19.7669
spk_ver/v04/v0450	SES087	-7.65734	12.1079	19.7653
spk_ver/v04/v0451	SES087	-2.39702	19.3778	21.7748
spk_ver/v04/v0452	SES007	0.959482	21.1868	20.2273
spk_ver/v04/v0453	SES087	-3.73121	17.2059	20.9372
spk_ver/v04/v0454	SES087	-8.19284	13.1549	21.3477
spk_ver/v04/v0455	SES180	-0.0329685	21.5524	21.5853
spk_ver/v04/v0456	SES099	-8.341	12.7101	21.0511
spk_ver/v04/v0457	SES042	2.22172	24.1996	21.9779
spk_ver/v04/v0458	SES099	-1.45718	19.2335	20.6907
spk_ver/v04/v0459	SES099	-10.3546	11.9055	22.2602
spk_ver/v04/v0460	SES099	-11.3422	8.23923	19.5815
spk_ver/v04/v0461	SES099	-3.6472	18.9943	22.6415
spk_ver/v04/v0462	SES082	2.49384	24.4947	22.0009
spk_ver/v04/v0463	SES099	-1.46421	20.5002	21.9644
spk_ver/v04/v0464	SES099	-0.329767	21.5434	21.8731
spk_ver/v04/v0465	SES099	-8.73798	12.0767	20.8147
spk_ver/v04/v0466	SES099	-1.54056	20.7737	22.3143
spk_ver/v04/v0467	SES099	-1.15426	19.3676	20.5219
spk_ver/v04/v0468	SES129	2.08213	23.6595	21.5774
spk_ver/v04/v0469	SES101	0.027874	20.8205	20.7927
spk_ver/v04/v0470	SES099	-6.99171	13.8983	20.89
spk_ver/v04/v0471	SES172	0.908453	22.5984	21.6899
spk_ver/v04/v0472	SES099	-0.653236	19.9168	20.5701
spk_ver/v04/v0473	SES270	3.18981	24.3221	21.1323
spk_ver/v04/v0474	SES099	-6.88915	15.0075	21.8966
spk_ver/v04/v0475	SES099	-4.00253	18.0931	22.0956
spk_ver/v04/v0476	SES099	-5.14503	13.5319	18.6769
spk_ver/v04/v0477	SES002	1.39419	24.8644	23.4702
spk_ver/v04/v0478	SES099	-1.04238	20.7066	21.749
spk_ver/v04/v0479	SES007	-1.24307	18.9064	20.1494
spk_ver/v04/v0480	SES101	-6.67736	16.7042	23.3816
spk_ver/v04/v0481	SES101	-6.21096	14.1077	20.3186
spk_ver/v04/v0482	SES175	-0.181784	21.1987	21.3805
spk_ver/v04/v0483	SES101	-5.09214	15.26	20.3521
spk_ver/v04/v0484	SES101	-6.50964	18.4592	24.9688
spk_ver/v04/v0485	SES101	-4.4727	14.6048	19.0775
spk_ver/v04/v0486	SES101	-2.70533	16.746	19.4513
spk_ver/v04/v0487	SES101	-3.71568	17.9362	21.6519
spk_ver/v04/v0488	SES101	-8.09554	13.5055	21.601
spk_ver/v04/v0489	SES147	0.454662	18.2427	17.7881
spk_ver/v04/v0490	SES085	-1.328	19.0412	20.3692
spk_ver/v04/v0491	SES101	-4.13355	15.2812	19.4148
spk_ver/v04/v0492	SES101	-5.5765	13.1795	18.756
spk_ver/v04/v0493	SES101	-5.15277	18.592	23.7447
spk_ver/v04/v0494	SES101	-4.6691	16.1768	20.8459
spk_ver/v04/v0495	SES101	-2.64723	20.388	23.0353
spk_ver/v04/v0496	SES101	-4.64197	17.5479	22.1898
spk_ver/v04/v0497	SES014	2.26646	26.6282	24.3617
spk_ver/v04/v0498	SES101	-4.47628	16.8122	21.2885
spk_ver/v04/v0499	SES101	-3.95695	17.9195	21.8765
spk_ver/v05/v0500	SES085	-0.147245	23.4835	23.6308
spk_ver/v05/v0501	SES101	-6.64891	15.7939	22.4429
spk_ver/v05/v0502	SES275	0.695648	20.6121	19.9164
spk_ver/v05/v0503	SES117	0.715023	20.5434	19.8284
spk_ver/v05/v0504	SES101	-5.75035	16.4636	22.2139
spk_ver/v05/v0505	SES101	-4.51355	15.9603	20.4739
spk_ver/v05/v0506	SES101	-3.44484	17.5769	21.0218
spk_ver/v05/v0507	SES048	0.416298	23.0756	22.6593
spk_ver/v05/v0508	SES117	-0.688372	18.375	19.0634
spk_ver/v05/v0509	SES202	1.80758	21.9042	20.0966
spk_ver/v05/v0510	SES104	-3.79421	14.1348	17.929
spk_ver/v05/v0511	SES008	0.93808	20.3196	19.3815
spk_ver/v05/v0512	SES104	-2.22288	18.1148	20.3377
spk_ver/v05/v0513	SES104	-4.10511	17.895	22.0001
spk_ver/v05/v0514	SES104	-6.87673	14.8595	21.7362
spk_ver/v05/v0515	SES104	-12.1934	9.88911	22.0825
spk_ver/v05/v0516	SES104	-3.01851	14.2821	17.3006
spk_ver/v05/v0517	SES060	0.529076	24.3892	23.8601
spk_ver/v05/v0518	SES104	-12.4466	7.85798	20.3046
spk_ver/v05/v0519	SES104	-14.9124	5.34539	20.2578
spk_ver/v05/v0520	SES104	-1.55249	21.9823	23.5348
spk_ver/v05/v0521	SES008	0.881697	23.5813	22.6996
spk_ver/v05/v0522	SES068	0.734097	22.5333	21.7992
spk_ver/v05/v0523	SES087	1.27949	23.1722	21.8927
spk_ver/v05/v0524	SES104	-2.89819	18.0022	20.9004
spk_ver/v05/v0525	SES104	-2.2355	20.0382	22.2737
spk_ver/v05/v0526	SES104	-2.60047	18.6662	21.2667
spk_ver/v05/v0527	SES083	0.451742	21.8842	21.4324
spk_ver/v05/v0528	SES148	1.51969	21.2017	19.682
spk_ver/v05/v0529	SES104	-4.04933	17.0491	21.0985
spk_ver/v05/v0530	SES104	-7.9346	13.1555	21.0901
spk_ver/v05/v0531	SES125	1.18392	23.0818	21.8978
spk_ver/v05/v0532	SES104	-14.1265	6.78246	20.909
spk_ver/v05/v0533	SES149	2.83097	25.9723	23.1413
spk_ver/v05/v0534	SES104	-7.08941	14.4262	21.5156
spk_ver/v05/v0535	SES187	0.446384	21.0292	20.5828
spk_ver/v05/v0536	SES104	-3.35099	18.8181	22.1691
spk_ver/v05/v0537	SES104	-3.58483	16.1552	19.7401
spk_ver/v05/v0538	SES167	0.553232	22.4539	21.9007
spk_ver/v05/v0539	SES104	-2.2521	16.5224	18.7745
spk_ver/v05/v0540	SES104	-8.62844	15.407	24.0354
spk_ver/v05/v0541	SES183	1.47775	20.6372	19.1595
spk_ver/v05/v0542	SES104	-3.12481	16.5001	19.6249
spk_ver/v05/v0543	SES104	-8.4558	13.7628	22.2186
spk_ver/v05/v0544	SES105	-5.6613	15.9849	21.6462
spk_ver/v05/v0545	SES105	-3.47957	17.0989	20.5784
spk_ver/v05/v0546	SES105	-4.51344	16.4828	20.9962
spk_ver/v05/v0547	SES105	-4.92814	15.1257	20.0539
spk_ver/v05/v0548	SES019	3.18916	23.1229	19.9338
spk_ver/v05/v0549	SES105	-3.84178	17.1233	20.965
spk_ver/v05/v0550	SES105	-3.81756	15.4321	19.2497
spk_ver/v05/v0551	SES202	1.68409	20.1158	18.4317
spk_ver/v05/v0552	SES105	-5.27092	15.1462	20.4171
spk_ver/v05/v0553	SES105	-2.18653	18.8677	21.0542
spk_ver/v05/v0554	SES105	-3.37948	18.4646	21.8441
spk_ver/v05/v0555	SES105	-3.72571	15.9153	19.641
spk_ver/v05/v0556	SES082	0.409975	22.8065	22.3965
spk_ver/v05/v0557	SES105	-4.99266	17.9276	22.9203
spk_ver/v05/v0558	SES014	1.83322	24.5251	22.6919
spk_ver/v05/v0559	SES105	-3.40768	18.3603	21.768
spk_ver/v05/v0560	SES177	-0.604485	21.1102	21.7146
spk_ver/v05/v0561	SES189	3.15726	16.6953	13.5381
spk_ver/v05/v0562	SES105	-4.29871	14.8855	19.1843
spk_ver/v05/v0563	SES099	1.90578	21.884	19.9783
spk_ver/v05/v0564	SES105	-3.31337	18.6821	21.9955
spk_ver/v05/v0565	SES105	-4.88354	16.3974	21.2809
spk_ver/v05/v0566	SES105	-5.10086	14.1857	19.2866
spk_ver/v05/v0567	SES142	1.73966	21.3903	19.6507
spk_ver/v05/v0568	SES048	0.293737	20.6352	20.3415
spk_ver/v05/v0569	SES105	-5.14992	18.0987	23.2486
spk_ver/v05/v0570	SES105	-2.59631	18.7492	21.3456
spk_ver/v05/v0571	SES105	-5.10416	15.4525	20.5567
spk_ver/v05/v0572	SES105	-4.98491	14.1142	19.0991
spk_ver/v05/v0573	SES105	-5.99854	14.9226	20.9212
spk_ver/v05/v0574	SES105	-2.53878	18.7358	21.2745
spk_ver/v05/v0575	SES105	-2.06331	19.4794	21.5427
spk_ver/v05/v0576	SES106	-6.46206	14.191	20.653
spk_ver/v05/v0577	SES106	-7.51215	12.6665	20.1786
spk_ver/v05/v0578	SES106	-6.61516	15.6158	22.231
spk_ver/v05/v0579	SES106	-6.85187	14.7371	21.5889
spk_ver/v05/v0580	SES106	-2.48216	20.7402	23.2223
spk_ver/v05/v0581	SES106	-10.9469	10.0002	20.947
spk_ver/v05/v0582	SES106	-2.9325	16.5954	19.5279
spk_ver/v05/v0583	SES106	-2.32804	20.1991	22.5271
spk_ver/v05/v0584	SES106	-6.49761	12.6998	19.1974
spk_ver/v05/v0585	SES106	-1.39851	17.1651	18.5636
spk_ver/v05/v0586	SES106	-6.25639	14.5305	20.7869
spk_ver/v05/v0587	SES106	-3.80131	14.9991	18.8004
spk_ver/v05/v0588	SES106	-7.65215	14.2746	21.9267
spk_ver/v05/v0589	SES106	-8.49886	14.3404	22.8392
spk_ver/v05/v0590	SES082	0.841652	21.3517	20.5101
spk_ver/v05/v0591	SES180	-0.129322	21.2848	21.4141
spk_ver/v05/v0592	SES106	-2.97953	17.8868	20.8663
spk_ver/v05/v0593	SES106	-11.1368	8.46561	19.6024
spk_ver/v05/v0594	SES292	0.413813	22.247	21.8331
spk_ver/v05/v0595	SES106	-1.5504	19.9572	21.5076
spk_ver/v05/v0596	SES106	-10.6204	11.02	21.6404
spk_ver/v05/v0597	SES106	-7.29399	13.3309	20.6249
spk_ver/v05/v0598	SES042	1.38978	23.1204	21.7306
spk_ver/v05/v0599	SES106	-10.2526	9.28246	19.5351
spk_ver/v06/v0600	SES106	-1.06777	18.5937	19.6614
spk_ver/v06/v0601	SES106	-2.96729	16.8031	19.7704
spk_ver/v06/v0602	SES106	-5.03151	15.3563	20.3878
spk_ver/v06/v0603	SES106	-8.46951	12.209	20.6785
spk_ver/v06/v0604	SES106	-5.86	14.7094	20.5694
spk_ver/v06/v0605	SES106	-10.8182	9.09344	19.9117
spk_ver/v06/v0606	SES048	2.15273	23.6756	21.5229
spk_ver/v06/v0607	SES167	2.04156	24.5005	22.459
spk_ver/v06/v0608	SES106	-6.84425	13.9237	20.7679
spk_ver/v06/v0609	SES143	0.836773	21.9377	21.101
spk_ver/v06/v0610	SES106	-16.5675	2.43834	19.0059
spk_ver/v06/v0611	SES106	-6.2441	13.8989	20.143
spk_ver/v06/v0612	SES106	-10.9081	9.69305	20.6012
spk_ver/v06/v0613	SES117	-1.88958	19.9437	21.8333
spk_ver/v06/v0614	SES117	-5.57326	16.0516	21.6249
spk_ver/v06/v0615	SES117	-2.48786	17.9646	20.4524
spk_ver/v06/v0616	SES106	2.94993	26.7819	23.8319
spk_ver/v06/v0617	SES142	2.12898	20.4172	18.2883
spk_ver/v06/v0618	SES048	1.80963	23.7559	21.9463
spk_ver/v06/v0619	SES175	-0.404602	20.5503	20.9549
spk_ver/v06/v0620	SES180	0.306475	22.6801	22.3736
spk_ver/v06/v0621	SES117	-1.83791	17.1448	18.9828
spk_ver/v06/v0622	SES029	0.288668	21.0949	20.8062
spk_ver/v06/v0623	SES117	-2.32435	19.5632	21.8875
spk_ver/v06/v0624	SES117	-5.25509	15.074	20.3291
spk_ver/v06/v0625	SES117	-3.44064	16.9811	20.4217
spk_ver/v06/v0626	SES106	1.54317	23.2808	21.7376
spk_ver/v06/v0627	SES226	2.25604	23.6363	21.3803
spk_ver/v06/v0628	SES117	-1.48279	21.2316	22.7144
spk_ver/v06/v0629	SES117	-4.81714	17.8782	22.6954
spk_ver/v06/v0630	SES117	-4.04	15.539	19.579
spk_ver/v06/v0631	SES117	-6.55844	11.7988	18.3573
spk_ver/v06/v0632	SES117	-2.37811	19.8059	22.184
spk_ver/v06/v0633	SES099	2.8231	25.1965	22.3734
spk_ver/v06/v0634	SES105	1.72007	21.9865	20.2664
spk_ver/v06/v0635	SES167	-0.00341988	21.9793	21.9827
spk_ver/v06/v0636	SES117	-1.17697	19.0383	20.2153
spk_ver/v06/v0637	SES202	1.96792	21.5546	19.5867
spk_ver/v06/v0638	SES117	-3.62967	18.0334	21.6631
spk_ver/v06/v0639	SES167	0.50613	20.5949	20.0888
spk_ver/v06/v0640	SES117	-3.06167	17.6469	20.7086
spk_ver/v06/v0641	SES117	-4.85349	16.8509	21.7044
spk_ver/v06/v0642	SES101	0.637362	22.8294	22.1921
spk_ver/v06/v0643	SES068	0.584484	23.2268	22.6423
spk_ver/v06/v0644	SES120	-3.77109	16.2199	19.991
spk_ver/v06/v0645	SES120	-4.14556	15.5294	19.6749
spk_ver/v06/v0646	SES172	0.409735	21.6877	21.278
spk_ver/v06/v0647	SES120	-4.52839	17.8979	22.4263
spk_ver/v06/v0648	SES120	-1.52837	20.6144	22.1428
spk_ver/v06/v0649	SES120	-3.71236	14.6189	18.3313
spk_ver/v06/v0650	SES087	1.64915	23.0795	21.4303
spk_ver/v06/v0651	SES120	-1.78524	18.3597	20.1449
spk_ver/v06/v0652	SES104	-0.617701	18.2969	18.9146
spk_ver/v06/v0653	SES129	1.26419	23.6204	22.3562
spk_ver/v06/v0654	SES120	-4.52788	15.7635	20.2913
spk_ver/v06/v0655	SES120	-2.17562	16.8224	18.9981
spk_ver/v06/v0656	SES120	-3.42375	18.3366	21.7603
spk_ver/v06/v0657	SES147	0.402775	19.4111	19.0083
spk_ver/v06/v0658	SES120	-3.57464	17.3715	20.9462
spk_ver/v06/v0659	SES120	-3.3028	18.4661	21.7689
spk_ver/v06/v0660	SES120	-2.29987	18.6973	20.9971
spk_ver/v06/v0661	SES120	-2.76202	15.8831	18.6451
spk_ver/v06/v0662	SES120	-2.87091	19.2683	22.1392
spk_ver/v06/v0663	SES120	-6.05146	12.9125	18.964
spk_ver/v06/v0664	SES147	0.705193	21.3407	20.6355
spk_ver/v06/v0665	SES162	0.843931	21.7233	20.8794
spk_ver/v06/v0666	SES120	-3.62213	18.5333	22.1554
spk_ver/v06/v0667	SES120	-1.81038	20.2007	22.0111
spk_ver/v06/v0668	SES120	0.895052	22.444	21.549
spk_ver/v06/v0669	SES142	2.14581	22.0248	19.879
spk_ver/v06/v0670	SES106	2.60737	25.3817	22.7743
spk_ver/v06/v0671	SES183	1.52358	20.8065	19.2829
spk_ver/v06/v0672	SES120	-1.35508	17.6373	18.9924
spk_ver/v06/v0673	SES029	-0.712383	20.0276	20.74
spk_ver/v06/v0674	SES120	-2.5265	17.6658	20.1923
spk_ver/v06/v0675	SES008	2.10144	23.9341	21.8326
spk_ver/v06/v0676	SES125	-7.46401	11.5764	19.0404
spk_ver/v06/v0677	SES143	0.511503	20.162	19.6505
spk_ver/v06/v0678	SES125	-10.0577	8.96002	19.0177
spk_ver/v06/v0679	SES162	-0.114096	20.8416	20.9557
spk_ver/v06/v0680	SES125	-5.20947	15.5684	20.7779
spk_ver/v06/v0681	SES125	-4.03393	17.5471	21.5811
spk_ver/v06/v0682	SES125	-6.7088	16.5114	23.2202
spk_ver/v06/v0683	SES226	1.40158	22.7998	21.3982
spk_ver/v06/v0684	SES125	-5.72242	13.3361	19.0585
spk_ver/v06/v0685	SES125	-7.56782	12.4252	19.993
spk_ver/v06/v0686	SES120	0.90164	22.0816	21.18
spk_ver/v06/v0687	SES125	-6.50721	11.7031	18.2103
spk_ver/v06/v0688	SES158	1.50355	22.2529	20.7493
spk_ver/v06/v0689	SES125	-8.22819	13.2097	21.4379
spk_ver/v06/v0690	SES105	1.78684	21.7846	19.9977
spk_ver/v06/v0691	SES125	-2.22839	18.8202	21.0486
spk_ver/v06/v0692	SES125	-3.14115	18.5752	21.7163
spk_ver/v06/v0693	SES180	1.23091	22.7605	21.5296
spk_ver/v06/v0694	SES125	-13.9728	7.34167	21.3145
spk_ver/v06/v0695	SES125	-4.72444	16.9158	21.6402
spk_ver/v06/v0696	SES125	-11.1859	11.4731	22.659
spk_ver/v06/v0697	SES125	-9.34874	10.6344	19.9832
spk_ver/v06/v0698	SES083	-0.165007	22.8075	22.9725
spk_ver/v06/v0699	SES125	-7.06322	13.9051	20.9683
spk_ver/v07/v0700	SES014	2.24673	26.2985	24.0518
spk_ver/v07/v0701	SES125	-6.23017	17.019	23.2492
spk_ver/v07/v0702	SES127	-2.28154	19.7189	22.0004
spk_ver/v07/v0703	SES127	-2.44119	16.6782	19.1194
spk_ver/v07/v0704	SES206	1.70696	24.6717	22.9648
spk_ver/v07/v0705	SES127	-4.42833	15.6014	20.0298
spk_ver/v07/v0706	SES127	-4.43269	19.311	23.7437
spk_ver/v07/v0707	SES127	-5.03488	16.1046	21.1395
spk_ver/v07/v0708	SES275	0.69306	21.7655	21.0725
spk_ver/v07/v0709	SES127	-4.12669	17.1143	21.2409
spk_ver/v07/v0710	SES105	0.983866	21.0634	20.0795
spk_ver/v07/v0711	SES127	-4.08023	15.3551	19.4353
spk_ver/v07/v0712	SES127	-3.52551	17.4616	20.9871
spk_ver/v07/v0713	SES127	-3.95196	14.7278	18.6798
spk_ver/v07/v0714	SES019	4.56242	24.1096	19.5472
spk_ver/v07/v0715	SES127	-7.0285	11.9008	18.9293
spk_ver/v07/v0716	SES148	0.931055	21.0676	20.1366
spk_ver/v07/v0717	SES162	1.22939	22.9848	21.7555
spk_ver/v07/v0718	SES189	0.745342	19.4826	18.7373
spk_ver/v07/v0719	SES149	0.467943	23.2515	22.7835
spk_ver/v07/v0720	SES175	0.0697403	21.8438	21.774
spk_ver/v07/v0721	SES127	-4.70848	16.433	21.1414
spk_ver/v07/v0722	SES127	-2.17778	18.878	21.0557
spk_ver/v07/v0723	SES127	-3.83694	18.0941	21.931
spk_ver/v07/v0724	SES127	-5.68826	16.7996	22.4879
spk_ver/v07/v0725	SES127	-3.92293	16.2725	20.1954
spk_ver/v07/v0726	SES259	2.7679	25.0428	22.2749
spk_ver/v07/v0727	SES127	-3.87212	17.1334	21.0056
spk_ver/v07/v0728	SES127	-2.14832	20.8847	23.033
spk_ver/v07/v0729	SES127	-6.49783	13.0719	19.5698
spk_ver/v07/v0730	SES127	-5.27774	14.3376	19.6153
spk_ver/v07/v0731	SES129	-3.15861	19.8935	23.0521
spk_ver/v07/v0732	SES129	-5.59059	15.0961	20.6867
spk_ver/v07/v0733	SES129	-8.57519	11.092	19.6672
spk_ver/v07/v0734	SES129	-13.1701	6.91458	20.0847
spk_ver/v07/v0735	SES183	0.677774	21.309	20.6312
spk_ver/v07/v0736	SES129	-6.18459	13.893	20.0776
spk_ver/v07/v0737	SES129	-5.05196	15.7499	20.8019
spk_ver/v07/v0738	SES129	-8.62914	12.4939	21.123
spk_ver/v07/v0739	SES129	-6.26305	13.7525	20.0156
spk_ver/v07/v0740	SES167	-0.95509	19.9742	20.9293
spk_ver/v07/v0741	SES129	-5.4968	14.5558	20.0526
spk_ver/v07/v0742	SES129	-5.46488	18.6957	24.1605
spk_ver/v07/v0743	SES129	-4.08921	17.8214	21.9107
spk_ver/v07/v0744	SES129	-9.94373	10.2489	20.1926
spk_ver/v07/v0745	SES180	1.09932	22.5836	21.4843
spk_ver/v07/v0746	SES129	-3.41289	19.3784	22.7913
spk_ver/v07/v0747	SES292	-0.492359	21.857	22.3493
spk_ver/v07/v0748	SES202	0.689642	19.2289	18.5393
spk_ver/v07/v0749	SES270	1.5504	23.8569	22.3065
spk_ver/v07/v0750	SES129	-4.57104	19.1299	23.701
spk_ver/v07/v0751	SES129	-6.41272	16.8736	23.2863
spk_ver/v07/v0752	SES060	-0.920177	19.8657	20.7859
spk_ver/v07/v0753	SES129	-7.98145	12.5906	20.572
spk_ver/v07/v0754	SES129	-17.5638	0.662928	18.2267
spk_ver/v07/v0755	SES129	-5.36113	15.8823	21.2435
spk_ver/v07/v0756	SES175	0.910561	21.4607	20.5501
spk_ver/v07/v0757	SES129	-7.14794	12.7941	19.942
spk_ver/v07/v0758	SES129	-7.63423	10.995	18.6292
spk_ver/v07/v0759	SES129	-6.19357	16.3948	22.5884
spk_ver/v07/v0760	SES129	-5.5027	17.2094	22.7121
spk_ver/v07/v0761	SES129	-5.70851	17.9191	23.6277
spk_ver/v07/v0762	SES172	0.355728	22.4972	22.1415
spk_ver/v07/v0763	SES129	-6.67887	12.4353	19.1141
spk_ver/v07/v0764	SES129	-6.69116	15.3842	22.0753
spk_ver/v07/v0765	SES175	-0.0892906	20.4618	20.5511
spk_ver/v07/v0766	SES129	-5.15357	17.636	22.7896
spk_ver/v07/v0767	SES129	-4.57913	15.6791	20.2583
spk_ver/v07/v0768	SES042	1.94472	23.9902	22.0455
spk_ver/v07/v0769	SES099	1.47686	22.7921	21.3152
spk_ver/v07/v0770	SES142	-4.89974	15.2559	20.1557
spk_ver/v07/v0771	SES142	-3.71125	18.0164	21.7276
spk_ver/v07/v0772	SES101	0.827501	23.8561	23.0286
spk_ver/v07/v0773	SES142	-9.00141	9.69455	18.696
spk_ver/v07/v0774	SES142	-7.65874	11.5017	19.1604
spk_ver/v07/v0775	SES142	-3.92258	17.5655	21.488
spk_ver/v07/v0776	SES142	-4.12404	18.9686	23.0926
spk_ver/v07/v0777	SES142	-6.18191	13.3869	19.5688
spk_ver/v07/v0778	SES142	-2.56877	16.1803	18.7491
spk_ver/v07/v0779	SES142	-11.7162	10.186	21.9022
spk_ver/v07/v0780	SES142	-6.32631	10.992	17.3183
spk_ver/v07/v0781	SES142	-9.92512	10.4641	20.3892
spk_ver/v07/v0782	SES101	0.454592	21.1647	20.7101
spk_ver/v07/v0783	SES142	-5.81647	13.7997	19.6162
spk_ver/v07/v0784	SES187	1.84161	22.5593	20.7177
spk_ver/v07/v0785	SES143	0.19323	18.8092	18.616
spk_ver/v07/v0786	SES142	-6.83737	15.592	22.4294
spk_ver/v07/v0787	SES144	0.220995	21.2889	21.0679
spk_ver/v07/v0788	SES275	0.577662	20.3964	19.8187
spk_ver/v07/v0789	SES142	-4.63358	16.9426	21.5762
spk_ver/v07/v0790	SES099	2.47588	25.4327	22.9568
spk_ver/v07/v0791	SES142	-7.83442	12.8084	20.6428
spk_ver/v07/v0792	SES142	-6.81609	18.4875	25.3036
spk_ver/v07/v0793	SES142	-8.11217	12.9491	21.0612
spk_ver/v07/v0794	SES014	1.66731	25.2437	23.5763
spk_ver/v07/v0795	SES142	-8.29113	14.0479	22.339
spk_ver/v07/v0796	SES142	-5.12241	16.2171	21.3395
spk_ver/v07/v0797	SES143	-1.48525	19.7725	21.2577
spk_ver/v07/v0798	SES206	2.09497	25.9555	23.8605
spk_ver/v07/v0799	SES143	-4.1933	12.6095	16.8028
spk_ver/v08/v0800	SES143	-2.46194	17.3434	19.8054
spk_ver/v08/v0801	SES143	-2.15784	20.9942	23.152
spk_ver/v08/v0802	SES143	-3.17438	15.0246	18.199
spk_ver/v08/v0803	SES143	-3.26245	17.2333	20.4958
spk_ver/v08/v0804	SES143	-3.8013	14.0941	17.8954
spk_ver/v08/v0805	SES143	-3.33269	16.2674	19.6001
spk_ver/v08/v0806	SES143	-3.79088	15.4178	19.2087
spk_ver/v08/v0807	SES177	-0.854309	19.8354	20.6897
spk_ver/v08/v0808	SES149	1.1466	23.4574	22.3108
spk_ver/v08/v0809	SES143	-5.19825	16.7359	21.9341
spk_ver/v08/v0810	SES158	1.24008	21.3003	20.0602
spk_ver/v08/v0811	SES143	-4.33297	15.0591	19.3921
spk_ver/v08/v0812	SES062	1.44501	25.4725	24.0275
spk_ver/v08/v0813	SES259	2.36136	25.1958	22.8344
spk_ver/v08/v0814	SES143	-5.90778	17.3219	23.2297
spk_ver/v08/v0815	SES143	-4.31844	15.8446	20.163
spk_ver/v08/v0816	SES143	-2.09173	19.82	21.9118
spk_ver/v08/v0817	SES144	0.214216	21.3321	21.1179
spk_ver/v08/v0818	SES143	-3.17204	17.5318	20.7038
spk_ver/v08/v0819	SES143	-4.12069	17.5487	21.6694
spk_ver/v08/v0820	SES143	-2.09748	19.8325	21.93
spk_ver/v08/v0821	SES143	-4.37628	15.8212	20.1975
spk_ver/v08/v0822	SES143	-4.32437	16.7763	21.1007
spk_ver/v08/v0823	SES104	1.34586	23.878	22.5321
spk_ver/v08/v0824	SES143	-5.10892	16.8147	21.9236
spk_ver/v08/v0825	SES143	-3.37068	17.4688	20.8395
spk_ver/v08/v0826	SES144	-5.27847	16.3061	21.5846
spk_ver/v08/v0827	SES144	-2.78547	19.275	22.0604
spk_ver/v08/v0828	SES144	-2.41891	20.067	22.4859
spk_ver/v08/v0829	SES172	-0.155087	21.2142	21.3693
spk_ver/v08/v0830	SES144	-0.996277	19.644	20.6403
spk_ver/v08/v0831	SES183	0.876564	20.8781	20.0016
spk_ver/v08/v0832	SES144	-5.59688	14.7586	20.3554
spk_ver/v08/v0833	SES144	-6.03895	16.2372	22.2762
spk_ver/v08/v0834	SES144	-2.19232	18.207	20.3993
spk_ver/v08/v0835	SES144	-3.81468	16.226	20.0407
spk_ver/v08/v0836	SES144	-3.05434	17.6233	20.6776
spk_ver/v08/v0837	SES144	-3.29928	20.0734	23.3727
spk_ver/v08/v0838	SES144	-4.37416	15.8095	20.1837
spk_ver/v08/v0839	SES085	-0.245844	21.9434	22.1893
spk_ver/v08/v0840	SES144	-2.18282	19.8156	21.9984
spk_ver/v08/v0841	SES144	-6.01137	12.0854	18.0968
spk_ver/v08/v0842	SES144	-5.54918	17.096	22.6452
spk_ver/v08/v0843	SES144	-1.71079	19.6941	21.4049
spk_ver/v08/v0844	SES144	-4.08124	18.1148	22.196
spk_ver/v08/v0845	SES144	-4.48002	19.1912	23.6712
spk_ver/v08/v0846	SES104	0.756268	22.6508	21.8946
spk_ver/v08/v0847	SES144	-5.1912	15.3399	20.5311
spk_ver/v08/v0848	SES144	-4.56538	14.9757	19.5411
spk_ver/v08/v0849	SES144	-8.24841	13.9681	22.2165
spk_ver/v08/v0850	SES144	-4.93999	17.6362	22.5762
spk_ver/v08/v0851	SES144	-2.04282	18.4417	20.4845
spk_ver/v08/v0852	SES144	-1.40132	20.8503	22.2516
spk_ver/v08/v0853	SES144	-4.25548	15.7731	20.0285
spk_ver/v08/v0854	SES144	-2.87967	18.6876	21.5673
spk_ver/v08/v0855	SES144	-0.835993	21.7944	22.6304
spk_ver/v08/v0856	SES082	-0.435511	18.0833	18.5188
spk_ver/v08/v0857	SES142	1.72851	22.5228	20.7943
spk_ver/v08/v0858	SES144	-3.28279	15.8878	19.1706
spk_ver/v08/v0859	SES144	-2.30717	17.921	20.2282
spk_ver/v08/v0860	SES146	-5.58509	15.7784	21.3635
spk_ver/v08/v0861	SES146	-4.83824	16.4983	21.3365
spk_ver/v08/v0862	SES146	-4.97458	16.0641	21.0387
spk_ver/v08/v0863	SES146	-4.11757	15.4711	19.5887
spk_ver/v08/v0864	SES146	-4.45361	18.2275	22.6811
spk_ver/v08/v0865	SES008	2.01934	22.1712	20.1519
spk_ver/v08/v0866	SES142	1.80838	21.4101	19.6017
spk_ver/v08/v0867	SES146	-3.81614	18.4894	22.3055
spk_ver/v08/v0868	SES082	2.07955	25.3585	23.2789
spk_ver/v08/v0869	SES146	-2.86096	17.9862	20.8471
spk_ver/v08/v0870	SES146	-4.22761	14.1533	18.381
spk_ver/v08/v0871	SES146	-5.04036	16.0032	21.0435
spk_ver/v08/v0872	SES146	-4.55751	12.9052	17.4628
spk_ver/v08/v0873	SES082	0.964972	24.1093	23.1443
spk_ver/v08/v0874	SES146	-4.91052	16.5596	21.4701
spk_ver/v08/v0875	SES144	0.0841351	20.4372	20.353
spk_ver/v08/v0876	SES146	-2.76263	21.2075	23.9701
spk_ver/v08/v0877	SES146	-4.52128	16.7472	21.2684
spk_ver/v08/v0878	SES146	-3.49871	17.403	20.9017
spk_ver/v08/v0879	SES146	-3.70509	17.0743	20.7794
spk_ver/v08/v0880	SES146	-3.75746	15.3638	19.1213
spk_ver/v08/v0881	SES143	0.913801	20.4668	19.553
spk_ver/v08/v0882	SES146	-2.19185	20.013	22.2049
spk_ver/v08/v0883	SES147	-3.13634	19.1718	22.3082
spk_ver/v08/v0884	SES147	-2.22492	19.4334	21.6583
spk_ver/v08/v0885	SES016	0.191006	22.6871	22.4961
spk_ver/v08/v0886	SES147	-3.18973	17.3742	20.5639
spk_ver/v08/v0887	SES147	-3.51795	17.1793	20.6973
spk_ver/v08/v0888	SES147	-2.7164	16.6762	19.3926
spk_ver/v08/v0889	SES019	1.55589	22.1277	20.5718
spk_ver/v08/v0890	SES147	-2.74049	16.7336	19.4741
spk_ver/v08/v0891	SES147	-3.51176	17.8858	21.3975
spk_ver/v08/v0892	SES147	-3.33113	16.8961	20.2272
spk_ver/v08/v0893	SES270	2.69245	22.013	19.3205
spk_ver/v08/v0894	SES029	-0.351435	21.0962	21.4476
spk_ver/v08/v0895	SES147	-3.42101	15.9372	19.3582
spk_ver/v08/v0896	SES117	0.629982	20.1119	19.4819
spk_ver/v08/v0897	SES183	1.61671	19.5977	17.981
spk_ver/v08/v0898	SES147	-5.06105	17.4553	22.5163
spk_ver/v08/v0899	SES147	-4.78091	14.8595	19.6404
spk_ver/v09/v0900	SES087	0.942192	22.3793	21.4371
spk_ver/v09/v0901	SES147	-6.72356	13.7295	20.4531
spk_ver/v09/v0902	SES147	-4.59005	15.319	19.9091
spk_ver/v09/v0903	SES147	-2.92991	18.4671	21.397
spk_ver/v09/v0904	SES147	-3.40624	18.4263	21.8326
spk_ver/v09/v0905	SES143	0.234079	20.3293	20.0952
spk_ver/v09/v0906	SES149	0.366491	23.5627	23.1962
spk_ver/v09/v0907	SES148	-1.83628	19.0143	20.8506
spk_ver/v09/v0908	SES148	-1.64059	20.1188	21.7594
spk_ver/v09/v0909	SES106	3.05227	22.9079	19.8556
spk_ver/v09/v0910	SES148	-2.25646	16.8274	19.0839
spk_ver/v09/v0911	SES148	-3.3335	17.945	21.2785
spk_ver/v09/v0912	SES142	-0.436251	20.8536	21.2899
spk_ver/v09/v0913	SES148	-3.03761	16.1404	19.1781
spk_ver/v09/v0914	SES148	-4.09558	16.6499	20.7454
spk_ver/v09/v0915	SES148	-4.85792	13.8728	18.7307
spk_ver/v09/v0916	SES148	-4.7561	14.3979	19.154
spk_ver/v09/v0917	SES148	0.662468	21.306	20.6435
spk_ver/v09/v0918	SES148	-1.73	18.8719	20.6019
spk_ver/v09/v0919	SES270	1.70533	22.0958	20.3905
spk_ver/v09/v0920	SES148	-2.87926	18.2436	21.1228
spk_ver/v09/v0921	SES148	-3.5422	17.1917	20.7339
spk_ver/v09/v0922	SES129	1.08876	23.5186	22.4298
spk_ver/v09/v0923	SES117	0.786991	22.1472	21.3602
spk_ver/v09/v0924	SES042	3.00371	25.1481	22.1444
spk_ver/v09/v0925	SES148	-5.10599	14.3066	19.4126
spk_ver/v09/v0926	SES148	-6.05905	12.1518	18.2108
spk_ver/v09/v0927	SES144	0.420013	21.6282	21.2082
spk_ver/v09/v0928	SES007	0.745447	22.2478	21.5024
spk_ver/v09/v0929	SES148	-3.25086	20.0889	23.3398
spk_ver/v09/v0930	SES148	-1.65897	20.15	21.809
spk_ver/v09/v0931	SES148	-4.12262	15.1806	19.3032
spk_ver/v09/v0932	SES202	1.37746	22.9768	21.5994
spk_ver/v09/v0933	SES148	-2.15159	20.4925	22.6441
spk_ver/v09/v0934	SES148	-4.47583	16.5328	21.0086
spk_ver/v09/v0935	SES060	1.12896	23.4528	22.3238
spk_ver/v09/v0936	SES060	0.947468	21.9506	21.0031
spk_ver/v09/v0937	SES148	-2.74595	18.9698	21.7158
spk_ver/v09/v0938	SES148	-2.48504	19.7704	22.2554
spk_ver/v09/v0939	SES148	-4.62254	17.3039	21.9264
spk_ver/v09/v0940	SES148	-3.25474	18.7687	22.0234
spk_ver/v09/v0941	SES149	-3.9902	15.1957	19.1859
spk_ver/v09/v0942	SES149	-4.44161	18.299	22.7406
spk_ver/v09/v0943	SES149	-4.65413	15.9086	20.5627
spk_ver/v09/v0944	SES149	-3.3313	15.7023	19.0336
spk_ver/v09/v0945	SES105	0.653048	21.693	21.04
spk_ver/v09/v0946	SES149	-5.05227	18.0249	23.0772
spk_ver/v09/v0947	SES149	-7.52498	12.0252	19.5502
spk_ver/v09/v0948	SES149	-5.276	17.0505	22.3265
spk_ver/v09/v0949	SES149	-2.73363	19.8239	22.5575
spk_ver/v09/v0950	SES226	0.959034	23.7065	22.7475
spk_ver/v09/v0951	SES149	-6.58841	13.3263	19.9147
spk_ver/v09/v0952	SES149	-5.47094	14.0281	19.4991
spk_ver/v09/v0953	SES062	1.11297	23.708	22.5951
spk_ver/v09/v0954	SES149	-5.76486	14.6512	20.416
spk_ver/v09/v0955	SES048	-0.047884	22.243	22.2909
spk_ver/v09/v0956	SES158	-2.56673	20.2602	22.8269
spk_ver/v09/v0957	SES158	-8.78133	12.1014	20.8828
spk_ver/v09/v0958	SES158	-1.86488	20.7019	22.5668
spk_ver/v09/v0959	SES158	-3.80803	17.8821	21.6901
spk_ver/v09/v0960	SES158	-7.45918	12.2189	19.6781
spk_ver/v09/v0961	SES147	0.744389	19.9727	19.2283
spk_ver/v09/v0962	SES158	-12.2174	7.51653	19.7339
spk_ver/v09/v0963	SES292	0.317013	22.523	22.206
spk_ver/v09/v0964	SES060	0.872147	23.3807	22.5085
spk_ver/v09/v0965	SES002	0.852249	22.7528	21.9006
spk_ver/v09/v0966	SES149	1.64806	24.7512	23.1032
spk_ver/v09/v0967	SES158	-10.0237	10.9589	20.9826
spk_ver/v09/v0968	SES158	-4.30856	15.547	19.8556
spk_ver/v09/v0969	SES275	-0.836805	18.732	19.5688
spk_ver/v09/v0970	SES158	-6.29923	15.5472	21.8465
spk_ver/v09/v0971	SES158	-6.36739	13.8632	20.2305
spk_ver/v09/v0972	SES002	1.52345	23.9832	22.4598
spk_ver/v09/v0973	SES158	-8.12291	13.0764	21.1993
spk_ver/v09/v0974	SES202	1.2921	21.91	20.618
spk_ver/v09/v0975	SES158	-11.1774	9.57445	20.7518
spk_ver/v09/v0976	SES158	-0.92654	21.4741	22.4007
spk_ver/v09/v0977	SES162	-3.1356	18.7147	21.8503
spk_ver/v09/v0978	SES162	-7.10938	11.4856	18.5949
spk_ver/v09/v0979	SES162	-7.61706	13.4772	21.0943
spk_ver/v09/v0980	SES162	-3.5662	15.8298	19.396
spk_ver/v09/v0981	SES162	-4.46855	14.3014	18.77
spk_ver/v09/v0982	SES259	2.43754	24.4295	21.9919
spk_ver/v09/v0983	SES162	-5.97681	10.2379	16.2147
spk_ver/v09/v0984	SES162	-2.73214	20.1719	22.9041
spk_ver/v09/v0985	SES162	-1.7316	19.6939	21.4255
spk_ver/v09/v0986	SES062	1.25002	24.7579	23.5079
spk_ver/v09/v0987	SES162	-1.97276	19.212	21.1848
spk_ver/v09/v0988	SES162	-5.11601	16.1233	21.2393
spk_ver/v09/v0989	SES162	-7.06498	11.3408	18.4058
spk_ver/v09/v0990	SES162	-4.37852	17.3423	21.7209
spk_ver/v09/v0991	SES087	1.44332	23.095	21.6517
spk_ver/v09/v0992	SES120	-0.575085	19.0226	19.5977
spk_ver/v09/v0993	SES162	-6.07674	16.1872	22.2639
spk_ver/v09/v0994	SES162	-3.46591	18.5206	21.9865
spk_ver/v09/v0995	SES162	-6.26478	17.6234	23.8881
spk_ver/v09/v0996	SES162	-4.0766	20.4083	24.4849
spk_ver/v09/v0997	SES162	-6.19147	15.4373	21.6288
spk_ver/v09/v0998	SES162	-6.17586	12.152	18.3278
spk_ver/v09/v0999	SES162	-3.13514	21.5189	24.6541
spk_ver/v10/v1000	SES162	-7.84347	14.4102	22.2537
spk_ver/v10/v1001	SES148	0.769882	19.9298	19.1599
spk_ver/v10/v1002	SES162	-2.03267	17.2806	19.3132
spk_ver/v10/v1003	SES162	-3.49149	18.7937	22.2852
spk_ver/v10/v1004	SES162	-5.10103	13.9924	19.0935
spk_ver/v10/v1005	SES162	-7.32789	13.7454	21.0733
spk_ver/v10/v1006	SES162	-5.0199	15.77	20.7899
spk_ver/v10/v1007	SES162	-4.65677	15.182	19.8388
spk_ver/v10/v1008	SES162	-7.40765	11.3862	18.7938
spk_ver/v10/v1009	SES162	-8.17977	13.9725	22.1523
spk_ver/v10/v1010	SES167	-3.87359	15.692	19.5656
spk_ver/v10/v1011	SES167	-1.87667	18.1642	20.0409
spk_ver/v10/v1012	SES167	-3.14752	16.0485	19.196
spk_ver/v10/v1013	SES167	-7.18818	13.0178	20.206
spk_ver/v10/v1014	SES167	-2.36014	20.3475	22.7077
spk_ver/v10/v1015	SES167	-2.91816	18.3684	21.2866
spk_ver/v10/v1016	SES167	-3.35827	18.5291	21.8874
spk_ver/v10/v1017	SES167	-2.79662	19.2031	21.9997
spk_ver/v10/v1018	SES167	-4.278	18.0986	22.3766
spk_ver/v10/v1019	SES167	-4.13465	17.0875	21.2221
spk_ver/v10/v1020	SES167	-8.67219	11.2845	19.9567
spk_ver/v10/v1021	SES167	-3.30051	15.0461	18.3466
spk_ver/v10/v1022	SES167	-6.68045	13.9893	20.6698
spk_ver/v10/v1023	SES167	-3.96352	15.9794	19.943
spk_ver/v10/v1024	SES167	-5.90024	13.8504	19.7507
spk_ver/v10/v1025	SES167	-2.60373	19.6828	22.2865
spk_ver/v10/v1026	SES167	-4.87838	16.9429	21.8213
spk_ver/v10/v1027	SES167	-3.53124	19.1572	22.6885
spk_ver/v10/v1028	SES167	-6.82111	13.6933	20.5144
spk_ver/v10/v1029	SES167	-6.24241	14.853	21.0954
spk_ver/v10/v1030	SES167	-4.22036	17.2559	21.4762
spk_ver/v10/v1031	SES167	-5.84907	15.0154	20.8644
spk_ver/v10/v1032	SES167	-6.48313	17.5233	24.0065
spk_ver/v10/v1033	SES167	-7.78691	16.34	24.127
spk_ver/v10/v1034	SES002	1.4644	24.7756	23.3112
spk_ver/v10/v1035	SES167	-1.78477	20.6512	22.436
spk_ver/v10/v1036	SES083	0.931124	23.0934	22.1623
spk_ver/v10/v1037	SES167	-3.83205	16.3239	20.156
spk_ver/v10/v1038	SES167	-3.35075	15.6641	19.0148
spk_ver/v10/v1039	SES167	-3.72932	16.4833	20.2126
spk_ver/v10/v1040	SES167	-6.82517	11.382	18.2072
spk_ver/v10/v1041	SES167	-2.54196	17.3119	19.8538
spk_ver/v10/v1042	SES087	1.17777	21.7202	20.5424
spk_ver/v10/v1043	SES029	1.1544	22.3917	21.2373
spk_ver/v10/v1044	SES206	0.864468	24.038	23.1736
spk_ver/v10/v1045	SES172	-4.19576	14.9228	19.1185
spk_ver/v10/v1046	SES172	0.605316	22.8842	22.2789
spk_ver/v10/v1047	SES172	-2.45225	18.6819	21.1341
spk_ver/v10/v1048	SES259	3.20105	25.4477	22.2467
spk_ver/v10/v1049	SES172	-5.89421	16.3943	22.2885
spk_ver/v10/v1050	SES120	0.719633	20.8395	20.1199
spk_ver/v10/v1051	SES172	-4.22041	18.1613	22.3818
spk_ver/v10/v1052	SES172	-4.80091	16.0766	20.8775
spk_ver/v10/v1053	SES172	-8.33528	13.8588	22.1941
spk_ver/v10/v1054	SES172	-4.83469	14.9255	19.7602
spk_ver/v10/v1055	SES189	1.22972	18.3852	17.1554
spk_ver/v10/v1056	SES172	-4.29794	17.0537	21.3516
spk_ver/v10/v1057	SES172	-3.08661	17.6275	20.7141
spk_ver/v10/v1058	SES172	-3.64992	17.7788	21.4287
spk_ver/v10/v1059	SES172	-4.37464	16.928	21.3027
spk_ver/v10/v1060	SES029	0.187134	22.7979	22.6108
spk_ver/v10/v1061	SES175	-9.00827	13.3226	22.3309
spk_ver/v10/v1062	SES187	0.129684	23.3062	23.1765
spk_ver/v10/v1063	SES019	2.98346	22.992	20.0086
spk_ver/v10/v1064	SES175	-6.42838	15.1978	21.6262
spk_ver/v10/v1065	SES175	-6.03654	15.2076	21.2442
spk_ver/v10/v1066	SES175	-9.51063	8.49344	18.0041
spk_ver/v10/v1067	SES175	-3.12317	16.7982	19.9214
spk_ver/v10/v1068	SES175	-4.3862	13.9457	18.3319
spk_ver/v10/v1069	SES016	1.86153	24.4211	22.5596
spk_ver/v10/v1070	SES175	-4.93777	16.7443	21.6821
spk_ver/v10/v1071	SES175	-2.81526	19.8836	22.6989
spk_ver/v10/v1072	SES175	-5.85702	14.7942	20.6513
spk_ver/v10/v1073	SES029	-0.121771	21.5889	21.7107
spk_ver/v10/v1074	SES175	-3.77682	18.0602	21.837
spk_ver/v10/v1075	SES175	-1.34341	21.4735	22.8169
spk_ver/v10/v1076	SES175	-1.557	21.8388	23.3958
spk_ver/v10/v1077	SES175	-4.27054	18.6562	22.9267
spk_ver/v10/v1078	SES127	0.556086	24.1033	23.5473
spk_ver/v10/v1079	SES175	-4.69943	18.6792	23.3786
spk_ver/v10/v1080	SES175	-3.82465	16.0154	19.84
spk_ver/v10/v1081	SES175	-5.88411	14.6835	20.5676
spk_ver/v10/v1082	SES175	-4.43218	18.8378	23.2699
spk_ver/v10/v1083	SES007	0.757067	20.7728	20.0157
spk_ver/v10/v1084	SES068	0.463461	23.734	23.2706
spk_ver/v10/v1085	SES008	0.115217	23.6838	23.5686
spk_ver/v10/v1086	SES175	-2.20201	19.7916	21.9936
spk_ver/v10/v1087	SES175	-3.92084	17.3061	21.2269
spk_ver/v10/v1088	SES008	1.13345	23.3575	22.224
spk_ver/v10/v1089	SES177	-3.44976	19.5634	23.0131
spk_ver/v10/v1090	SES177	-6.08099	16.0577	22.1387
spk_ver/v10/v1091	SES177	-4.76972	14.6011	19.3708
spk_ver/v10/v1092	SES177	-1.92542	18.7718	20.6972
spk_ver/v10/v1093	SES177	-6.50224	15.3336	21.8359
spk_ver/v10/v1094	SES002	1.43455	24.6144	23.1798
spk_ver/v10/v1095	SES104	1.77725	24.8518	23.0745
spk_ver/v10/v1096	SES177	-2.71979	18.6368	21.3566
spk_ver/v10/v1097	SES177	-5.33704	12.8201	18.1572
spk_ver/v10/v1098	SES177	-3.71227	18.6723	22.3845
spk_ver/v10/v1099	SES177	-1.75508	19.1168	20.8719
spk_ver/v11/v1100	SES177	-5.41765	15.7477	21.1654
spk_ver/v11/v1101	SES085	-0.509367	22.0632	22.5726
spk_ver/v11/v1102	SES187	0.891333	22.4522	21.5609
spk_ver/v11/v1103	SES177	-2.69273	18.3042	20.9969
spk_ver/v11/v1104	SES177	0.0874596	22.7102	22.6228
spk_ver/v11/v1105	SES177	-1.74745	19.7586	21.506
spk_ver/v11/v1106	SES177	-4.08536	16.5563	20.6417
spk_ver/v11/v1107	SES177	-1.93004	20.0769	22.007
spk_ver/v11/v1108	SES177	-1.68271	21.3685	23.0512
spk_ver/v11/v1109	SES125	1.436	22.9952	21.5592
spk_ver/v11/v1110	SES177	-5.23021	16.316	21.5462
spk_ver/v11/v1111	SES177	-3.26982	19.1818	22.4516
spk_ver/v11/v1112	SES177	-5.11063	16.1394	21.25
spk_ver/v11/v1113	SES177	-7.35048	15.0139	22.3644
spk_ver/v11/v1114	SES177	-2.50548	17.7564	20.2618
spk_ver/v11/v1115	SES177	-3.88808	15.1848	19.0729
spk_ver/v11/v1116	SES085	0.563257	24.5738	24.0106
spk_ver/v11/v1117	SES147	0.451675	20.1424	19.6907
spk_ver/v11/v1118	SES177	-2.34188	18.2129	20.5548
spk_ver/v11/v1119	SES177	-4.57982	14.6228	19.2026
spk_ver/v11/v1120	SES180	-8.26947	13.8126	22.0821
spk_ver/v11/v1121	SES189	0.268847	19.5743	19.3055
spk_ver/v11/v1122	SES117	0.475739	18.5785	18.1027
spk_ver/v11/v1123	SES129	1.87741	23.8931	22.0157
spk_ver/v11/v1124	SES180	-3.11073	18.9342	22.0449
spk_ver/v11/v1125	SES180	-1.61683	20.4278	22.0447
spk_ver/v11/v1126	SES180	-2.3022	20.4396	22.7418
spk_ver/v11/v1127	SES180	-3.87268	17.6413	21.514
spk_ver/v11/v1128	SES016	0.778225	21.3323	20.5541
spk_ver/v11/v1129	SES158	0.90144	21.7073	20.8059
spk_ver/v11/v1130	SES180	-4.344	16.8491	21.1931
spk_ver/v11/v1131	SES180	-5.01277	20.2106	25.2234
spk_ver/v11/v1132	SES180	-3.21914	18.5379	21.7571
spk_ver/v11/v1133	SES180	-5.37419	17.2517	22.6259
spk_ver/v11/v1134	SES180	-3.13093	16.1515	19.2825
spk_ver/v11/v1135	SES180	-3.10375	19.4006	22.5043
spk_ver/v11/v1136	SES180	-7.15299	10.0496	17.2026
spk_ver/v11/v1137	SES148	-0.0593567	21.1282	21.1876
spk_ver/v11/v1138	SES104	1.87721	27.1394	25.2621
spk_ver/v11/v1139	SES180	-6.38307	11.7603	18.1434
spk_ver/v11/v1140	SES083	0.532795	21.561	21.0282
spk_ver/v11/v1141	SES180	-6.005	15.4607	21.4657
spk_ver/v11/v1142	SES180	-4.55859	15.3824	19.9409
spk_ver/v11/v1143	SES180	-5.2241	14.7957	20.0198
spk_ver/v11/v1144	SES099	1.49617	23.2142	21.718
spk_ver/v11/v1145	SES180	-2.90704	18.836	21.743
spk_ver/v11/v1146	SES183	-4.3016	17.43	21.7316
spk_ver/v11/v1147	SES183	-2.49862	19.8414	22.34
spk_ver/v11/v1148	SES183	-5.97739	13.3093	19.2867
spk_ver/v11/v1149	SES183	-8.18104	14.8919	23.0729
spk_ver/v11/v1150	SES183	-7.05227	15.4625	22.5148
spk_ver/v11/v1151	SES082	1.22122	22.2522	21.031
spk_ver/v11/v1152	SES183	-3.81875	14.5211	18.3398
spk_ver/v11/v1153	SES183	-3.07252	18.3968	21.4694
spk_ver/v11/v1154	SES002	1.52023	25.0927	23.5725
spk_ver/v11/v1155	SES183	-3.9992	16.2504	20.2496
spk_ver/v11/v1156	SES183	-5.23724	13.9312	19.1685
spk_ver/v11/v1157	SES183	-3.61983	18.6813	22.3011
spk_ver/v11/v1158	SES183	-1.62424	19.6717	21.296
spk_ver/v11/v1159	SES183	-2.77954	18.5414	21.321
spk_ver/v11/v1160	SES183	-7.43765	12.5513	19.9889
spk_ver/v11/v1161	SES183	-4.12133	12.4692	16.5905
spk_ver/v11/v1162	SES105	1.2565	21.8453	20.5888
spk_ver/v11/v1163	SES183	-6.83771	15.5832	22.4209
spk_ver/v11/v1164	SES259	2.68706	24.1584	21.4714
spk_ver/v11/v1165	SES183	-2.70126	18.0236	20.7249
spk_ver/v11/v1166	SES183	-7.09275	15.0535	22.1462
spk_ver/v11/v1167	SES183	-3.41147	16.3806	19.7921
spk_ver/v11/v1168	SES183	-3.32768	19.4969	22.8246
spk_ver/v11/v1169	SES183	-7.03117	15.2488	22.28
spk_ver/v11/v1170	SES183	-5.34179	17.9475	23.2893
spk_ver/v11/v1171	SES183	-9.11613	10.389	19.5051
spk_ver/v11/v1172	SES187	-4.05488	16.381	20.4359
spk_ver/v11/v1173	SES019	3.57131	22.1707	18.5994
spk_ver/v11/v1174	SES187	-4.96882	13.8323	18.8011
spk_ver/v11/v1175	SES187	-4.15179	14.4776	18.6294
spk_ver/v11/v1176	SES083	0.39303	23.6504	23.2574
spk_ver/v11/v1177	SES187	-4.92917	15.13	20.0592
spk_ver/v11/v1178	SES187	-5.59441	15.4509	21.0453
spk_ver/v11/v1179	SES187	-4.07053	16.5331	20.6037
spk_ver/v11/v1180	SES187	-2.0199	17.1967	19.2166
spk_ver/v11/v1181	SES187	-6.18368	17.1691	23.3528
spk_ver/v11/v1182	SES187	-2.1387	20.34	22.4787
spk_ver/v11/v1183	SES187	-3.76295	14.4067	18.1696
spk_ver/v11/v1184	SES187	-0.767719	19.5942	20.3619
spk_ver/v11/v1185	SES127	0.279501	22.8311	22.5516
spk_ver/v11/v1186	SES187	-1.87459	19.0051	20.8797
spk_ver/v11/v1187	SES187	-2.99702	19.5036	22.5006
spk_ver/v11/v1188	SES187	-2.7124	16.7282	19.4406
spk_ver/v11/v1189	SES042	1.88997	23.9329	22.0429
spk_ver/v11/v1190	SES187	-2.0401	19.38	21.4201
spk_ver/v11/v1191	SES187	-4.60614	13.4515	18.0577
spk_ver/v11/v1192	SES187	-4.71926	14.6658	19.385
spk_ver/v11/v1193	SES183	1.1079	21.1956	20.0877
spk_ver/v11/v1194	SES187	-3.59595	16.4454	20.0414
spk_ver/v11/v1195	SES187	-4.47066	16.3601	20.8308
spk_ver/v11/v1196	SES146	1.18264	19.4927	18.31
spk_ver/v11/v1197	SES189	-6.48794	16.5143	23.0022
spk_ver/v11/v1198	SES175	0.353716	21.7804	21.4267
spk_ver/v11/v1199	SES189	-5.58	13.4818	19.0618
spk_ver/v12/v1200	SES189	-3.05696	20.933	23.9899
spk_ver/v12/v1201	SES177	1.02775	23.8311	22.8034
spk_ver/v12/v1202	SES189	-3.30698	16.9898	20.2968
spk_ver/v12/v1203	SES143	-0.0640182	20.6465	20.7105
spk_ver/v12/v1204	SES189	-3.39881	17.0336	20.4324
spk_ver/v12/v1205	SES189	-3.42298	20.0817	23.5046
spk_ver/v12/v1206	SES189	-5.95661	13.0796	19.0362
spk_ver/v12/v1207	SES189	-4.43282	15.905	20.3378
spk_ver/v12/v1208	SES189	-5.26926	19.2228	24.4921
spk_ver/v12/v1209	SES189	-6.42984	12.8779	19.3078
spk_ver/v12/v1210	SES189	-1.95146	19.4442	21.3956
spk_ver/v12/v1211	SES062	1.75201	24.5065	22.7545
spk_ver/v12/v1212	SES189	-4.57526	17.3727	21.948
spk_ver/v12/v1213	SES048	1.2588	23.3739	22.1151
spk_ver/v12/v1214	SES042	3.19765	25.9906	22.793
spk_ver/v12/v1215	SES008	2.14579	23.3498	21.204
spk_ver/v12/v1216	SES202	-7.62997	16.3444	23.9744
spk_ver/v12/v1217	SES202	-4.53958	15.0432	19.5828
spk_ver/v12/v1218	SES085	0.768572	24.4164	23.6478
spk_ver/v12/v1219	SES202	-3.90099	17.9227	21.8237
spk_ver/v12/v1220	SES202	-3.56348	18.8058	22.3693
spk_ver/v12/v1221	SES202	-3.11225	17.6403	20.7526
spk_ver/v12/v1222	SES202	-9.93704	11.6846	21.6217
spk_ver/v12/v1223	SES158	1.01201	22.0953	21.0833
spk_ver/v12/v1224	SES202	-3.89204	16.6149	20.507
spk_ver/v12/v1225	SES202	-4.45232	16.2631	20.7155
spk_ver/v12/v1226	SES202	-4.22499	17.5782	21.8032
spk_ver/v12/v1227	SES202	-4.08922	17.045	21.1342
spk_ver/v12/v1228	SES177	0.660305	22.0051	21.3448
spk_ver/v12/v1229	SES202	-5.06858	17.1798	22.2484
spk_ver/v12/v1230	SES202	-3.48716	17.8034	21.2905
spk_ver/v12/v1231	SES202	-4.57343	16.977	21.5504
spk_ver/v12/v1232	SES202	-5.02224	13.6879	18.7102
spk_ver/v12/v1233	SES206	1.46061	25.274	23.8134
spk_ver/v12/v1234	SES202	-7.19928	11.1846	18.3839
spk_ver/v12/v1235	SES202	-3.76372	18.6216	22.3853
spk_ver/v12/v1236	SES125	2.09632	22.9161	20.8198
spk_ver/v12/v1237	SES127	1.75516	23.2798	21.5247
spk_ver/v12/v1238	SES202	2.70329	22.4658	19.7625
spk_ver/v12/v1239	SES167	1.02314	23.2904	22.2672
spk_ver/v12/v1240	SES206	-11.9491	7.44813	19.3972
spk_ver/v12/v1241	SES206	-9.49272	10.9539	20.4466
spk_ver/v12/v1242	SES206	-1.01955	22.2474	23.2669
spk_ver/v12/v1243	SES206	-3.62433	17.9302	21.5545
spk_ver/v12/v1244	SES259	2.88293	23.7743	20.8914
spk_ver/v12/v1245	SES206	-4.75041	16.8582	21.6086
spk_ver/v12/v1246	SES206	-4.6241	17.6299	22.254
spk_ver/v12/v1247	SES206	-2.23938	19.0961	21.3354
spk_ver/v12/v1248	SES206	-10.7273	8.74823	19.4755
spk_ver/v12/v1249	SES270	2.84436	22.4178	19.5735
spk_ver/v12/v1250	SES206	-6.98057	13.3267	20.3073
spk_ver/v12/v1251	SES206	-4.08232	18.1232	22.2055
spk_ver/v12/v1252	SES206	-4.41627	16.0144	20.4306
spk_ver/v12/v1253	SES206	-1.85108	20.793	22.644
spk_ver/v12/v1254	SES206	-2.8466	17.8047	20.6513
spk_ver/v12/v1255	SES125	2.20853	23.4572	21.2487
spk_ver/v12/v1256	SES206	-8.05477	14.829	22.8838
spk_ver/v12/v1257	SES206	-5.91902	15.9815	21.9005
spk_ver/v12/v1258	SES206	-2.37749	20.1439	22.5214
spk_ver/v12/v1259	SES206	-8.20776	13.0403	21.2481
spk_ver/v12/v1260	SES206	-15.5022	5.82338	21.3255
spk_ver/v12/v1261	SES206	-6.93886	15.7147	22.6535
spk_ver/v12/v1262	SES206	-9.87807	11.4816	21.3597
spk_ver/v12/v1263	SES206	-5.33088	16.1624	21.4932
spk_ver/v12/v1264	SES149	1.45925	23.4389	21.9796
spk_ver/v12/v1265	SES206	-2.22338	16.5653	18.7887
spk_ver/v12/v1266	SES206	-11.6359	9.88686	21.5228
spk_ver/v12/v1267	SES206	-2.61527	14.7511	17.3663
spk_ver/v12/v1268	SES206	-4.83436	15.4123	20.2466
spk_ver/v12/v1269	SES206	-24.7269	-4.82007	19.9068
spk_ver/v12/v1270	SES206	-12.034	5.44868	17.4827
spk_ver/v12/v1271	SES226	-13.4104	6.50699	19.9174
spk_ver/v12/v1272	SES226	-1.66252	22.8561	24.5187
spk_ver/v12/v1273	SES226	-7.29965	15.5727	22.8723
spk_ver/v12/v1274	SES226	-6.76469	13.7107	20.4754
spk_ver/v12/v1275	SES226	-1.4458	18.1125	19.5583
spk_ver/v12/v1276	SES226	-6.76687	14.0445	20.8113
spk_ver/v12/v1277	SES226	-2.65262	19.5349	22.1875
spk_ver/v12/v1278	SES226	-1.44214	19.4664	20.9085
spk_ver/v12/v1279	SES226	-6.96319	16.0922	23.0554
spk_ver/v12/v1280	SES226	-4.76877	16.803	21.5718
spk_ver/v12/v1281	SES226	-2.27452	19.2794	21.5539
spk_ver/v12/v1282	SES226	-3.25974	17.4571	20.7168
spk_ver/v12/v1283	SES143	0.949898	21.0819	20.132
spk_ver/v12/v1284	SES226	-6.08063	17.0646	23.1452
spk_ver/v12/v1285	SES226	-3.37484	19.9305	23.3053
spk_ver/v12/v1286	SES226	-3.08991	16.5266	19.6165
spk_ver/v12/v1287	SES226	-4.90641	16.5272	21.4336
spk_ver/v12/v1288	SES226	-7.10256	14.5977	21.7002
spk_ver/v12/v1289	SES104	1.2143	22.5137	21.2994
spk_ver/v12/v1290	SES008	3.00555	22.6303	19.6248
spk_ver/v12/v1291	SES226	-2.75944	18.762	21.5215
spk_ver/v12/v1292	SES259	-6.04749	14.797	20.8445
spk_ver/v12/v1293	SES062	1.19809	23.8889	22.6908
spk_ver/v12/v1294	SES099	1.89967	22.4651	20.5655
spk_ver/v12/v1295	SES158	0.214546	19.6256	19.4111
spk_ver/v12/v1296	SES259	-5.76812	17.8409	23.609
spk_ver/v12/v1297	SES259	-6.25155	14.0423	20.2938
spk_ver/v12/v1298	SES259	-5.46312	18.036	23.4991
spk_ver/v12/v1299	SES259	-6.87421	13.9814	20.8556
spk_ver/v13/v1300	SES120	1.60324	20.8748	19.2716
spk_ver/v13/v1301	SES259	-9.00757	12.4431	21.4507
spk_ver/v13/v1302	SES259	-8.82929	10.6562	19.4855
spk_ver/v13/v1303	SES129	1.17906	22.6876	21.5085
spk_ver/v13/v1304	SES259	-4.87215	15.6899	20.562
spk_ver/v13/v1305	SES259	-9.96651	10.6336	20.6001
spk_ver/v13/v1306	SES106	1.10705	22.4589	21.3518
spk_ver/v13/v1307	SES259	-7.85485	13.6121	21.467
spk_ver/v13/v1308	SES259	-3.64682	17.5743	21.2211
spk_ver/v13/v1309	SES259	-8.1881	14.5181	22.7062
spk_ver/v13/v1310	SES259	-7.34259	15.7444	23.087
spk_ver/v13/v1311	SES259	-6.3874	15.039	21.4264
spk_ver/v13/v1312	SES259	-5.80773	17.0746	22.8824
spk_ver/v13/v1313	SES144	0.267927	21.8102	21.5423
spk_ver/v13/v1314	SES259	-7.3485	13.8624	21.2109
spk_ver/v13/v1315	SES162	1.14482	21.9626	20.8178
spk_ver/v13/v1316	SES206	1.08894	24.0605	22.9715
spk_ver/v13/v1317	SES175	0.354269	21.3282	20.9739
spk_ver/v13/v1318	SES259	-10.9023	8.89219	19.7945
spk_ver/v13/v1319	SES259	-9.36623	11.7558	21.122
spk_ver/v13/v1320	SES270	-1.40381	20.9011	22.3049
spk_ver/v13/v1321	SES101	0.062767	22.1718	22.109
spk_ver/v13/v1322	SES177	0.405535	23.7271	23.3216
spk_ver/v13/v1323	SES127	0.672827	24.4836	23.8108
spk_ver/v13/v1324	SES270	-6.96667	13.5822	20.5488
spk_ver/v13/v1325	SES062	0.425043	23.0575	22.6324
spk_ver/v13/v1326	SES270	-0.480476	19.1578	19.6382
spk_ver/v13/v1327	SES120	-0.226479	18.7603	18.9868
spk_ver/v13/v1328	SES270	-6.36272	13.1556	19.5183
spk_ver/v13/v1329	SES270	-6.64503	16.7563	23.4013
spk_ver/v13/v1330	SES270	-1.26085	19.4488	20.7096
spk_ver/v13/v1331	SES270	-6.28549	17.22	23.5055
spk_ver/v13/v1332	SES270	-2.09884	21.5405	23.6393
spk_ver/v13/v1333	SES270	-3.42078	17.2283	20.6491
spk_ver/v13/v1334	SES270	-4.4267	17.4002	21.8269
spk_ver/v13/v1335	SES270	-0.498114	20.4772	20.9753
spk_ver/v13/v1336	SES270	-2.35685	19.2989	21.6558
spk_ver/v13/v1337	SES016	1.24307	23.1933	21.9502
spk_ver/v13/v1338	SES270	-6.5348	17.2826	23.8174
spk_ver/v13/v1339	SES002	1.19083	24.1102	22.9194
spk_ver/v13/v1340	SES105	2.37169	22.0561	19.6844
spk_ver/v13/v1341	SES275	-4.73242	15.6813	20.4138
spk_ver/v13/v1342	SES187	1.35519	22.4424	21.0872
spk_ver/v13/v1343	SES275	-5.27343	15.2961	20.5696
spk_ver/v13/v1344	SES275	-4.71186	15.4934	20.2052
spk_ver/v13/v1345	SES275	-3.34184	17.2194	20.5613
spk_ver/v13/v1346	SES275	-6.7938	15.8191	22.6129
spk_ver/v13/v1347	SES275	-4.80108	16.3533	21.1544
spk_ver/v13/v1348	SES180	0.192644	22.4601	22.2675
spk_ver/v13/v1349	SES275	-5.52704	12.491	18.018
spk_ver/v13/v1350	SES275	-1.82832	20.096	21.9243
spk_ver/v13/v1351	SES275	-8.36172	9.27834	17.6401
spk_ver/v13/v1352	SES275	-2.56804	18.6169	21.1849
spk_ver/v13/v1353	SES275	-2.68626	14.5136	17.1999
spk_ver/v13/v1354	SES189	0.923241	18.4553	17.532
spk_ver/v13/v1355	SES068	0.273705	23.2947	23.021
spk_ver/v13/v1356	SES275	-4.094	14.3042	18.3982
spk_ver/v13/v1357	SES048	-0.433443	21.1316	21.565
spk_ver/v13/v1358	SES226	2.25591	26.3896	24.1337
spk_ver/v13/v1359	SES016	1.21143	23.2032	21.9917
spk_ver/v13/v1360	SES275	-4.77698	16.7534	21.5303
spk_ver/v13/v1361	SES068	0.535809	23.6763	23.1405
spk_ver/v13/v1362	SES275	-4.3275	15.7671	20.0946
spk_ver/v13/v1363	SES275	-4.11497	16.6831	20.7981
spk_ver/v13/v1364	SES275	-6.85815	13.7391	20.5972
spk_ver/v13/v1365	SES275	-3.24793	18.6587	21.9066
spk_ver/v13/v1366	SES187	0.665436	23.2037	22.5383
spk_ver/v13/v1367	SES275	-5.30858	13.6781	18.9867
spk_ver/v13/v1368	SES125	0.993786	22.2773	21.2835
spk_ver/v13/v1369	SES275	-2.51562	14.2468	16.7624
spk_ver/v13/v1370	SES292	-3.0864	17.9682	21.0546
spk_ver/v13/v1371	SES292	-2.46172	19.2213	21.683
spk_ver/v13/v1372	SES292	-2.72459	16.5156	19.2402
spk_ver/v13/v1373	SES292	-3.01801	18.1679	21.1859
spk_ver/v13/v1374	SES101	1.33393	22.2079	20.8739
spk_ver/v13/v1375	SES292	-4.42625	17.1073	21.5335
spk_ver/v13/v1376	SES292	-2.96486	18.0431	21.0079
spk_ver/v13/v1377	SES292	-7.15871	12.1176	19.2763
spk_ver/v13/v1378	SES292	-2.60553	18.8201	21.4256
spk_ver/v13/v1379	SES292	-2.0347	18.2097	20.2444
spk_ver/v13/v1380	SES292	-3.16298	18.737	21.9
spk_ver/v13/v1381	SES292	-2.14774	22.4297	24.5775
spk_ver/v13/v1382	SES292	-4.6137	15.8936	20.5073
spk_ver/v13/v1383	SES292	-2.70135	17.7591	20.4605
spk_ver/v13/v1384	SES292	-2.66179	19.3549	22.0167
spk_ver/v13/v1385	SES292	-2.36037	19.5139	21.8742
spk_ver/v13/v1386	SES292	-3.00243	17.1275	20.1299
spk_ver/v13/v1387	SES158	2.05708	19.9163	17.8593
spk_ver/v13/v1388	SES292	-2.05366	22.0366	24.0903
spk_ver/v13/v1389	SES292	-2.06016	23.259	25.3192
spk_ver/v13/v1390	SES292	-2.89617	20.6593	23.5555
spk_ver/v13/v1391	SES292	-3.58543	17.711	21.2965
spk_ver/v13/v1392	SES292	-4.04387	16.5108	20.5547
spk_ver/v13/v1393	SES292	-2.86514	19.2071	22.0722
spk_ver/v13/v1394	SES292	-5.25611	15.9871	21.2432
spk_ver/v13/v1395	SES292	-2.35626	18.9732	21.3295
spk_ver/v13/v1396	SES117	0.211985	19.3084	19.0964
spk_ver/v13/v1397	SES292	-4.12177	18.6886	22.8104
spk_ver/v13/v1398	SES292	-4.81131	14.2359	19.0472
spk_ver/v13/v1399	SES292	-1.41353	19.6815	21.095
