Threshold search:
THR	-8.99763824023	9	0(0)	1(1000)
THR	-8.8152357578277	8.991	0(0)	0.999(999)
THR	-8.6328332754254	8.991	0(0)	0.999(999)
THR	-8.4504307930231	8.991	0(0)	0.999(999)
THR	-8.2680283106208	8.991	0(0)	0.999(999)
THR	-8.0856258282185	8.991	0(0)	0.999(999)
THR	-7.9032233458162	8.982	0(0)	0.998(998)
THR	-7.7208208634139	8.982	0(0)	0.998(998)
THR	-7.5384183810116	8.982	0(0)	0.998(998)
THR	-7.3560158986093	8.982	0(0)	0.998(998)
THR	-7.173613416207	8.982	0(0)	0.998(998)
THR	-6.9912109338047	8.982	0(0)	0.998(998)
THR	-6.8088084514024	8.982	0(0)	0.998(998)
THR	-6.6264059690001	8.982	0(0)	0.998(998)
THR	-6.4440034865978	8.982	0(0)	0.998(998)
THR	-6.2616010041955	8.982	0(0)	0.998(998)
THR	-6.0791985217932	8.982	0(0)	0.998(998)
THR	-5.8967960393909	8.982	0(0)	0.998(998)
THR	-5.7143935569886	8.973	0(0)	0.997(997)
THR	-5.5319910745863	8.973	0(0)	0.997(997)
THR	-5.349588592184	8.973	0(0)	0.997(997)
THR	-5.1671861097817	8.964	0(0)	0.996(996)
THR	-4.9847836273794	8.964	0(0)	0.996(996)
THR	-4.8023811449771	8.946	0(0)	0.994(994)
THR	-4.6199786625748	8.937	0(0)	0.993(993)
THR	-4.4375761801725	8.91	0(0)	0.99(990)
THR	-4.2551736977702	8.865	0(0)	0.985(985)
THR	-4.0727712153679	8.829	0(0)	0.981(981)
THR	-3.8903687329656	8.766	0(0)	0.974(974)
THR	-3.7079662505633	8.694	0(0)	0.966(966)
THR	-3.525563768161	8.604	0(0)	0.956(956)
THR	-3.3431612857587	8.514	0(0)	0.946(946)
THR	-3.1607588033564	8.424	0(0)	0.936(936)
THR	-2.9783563209541	8.307	0(0)	0.923(923)
THR	-2.7959538385518	8.226	0(0)	0.914(914)
THR	-2.6135513561495	8.037	0(0)	0.893(893)
THR	-2.4311488737472	7.767	0(0)	0.863(863)
THR	-2.2487463913449	7.551	0(0)	0.839(839)
THR	-2.0663439089426	7.362	0(0)	0.818(818)
THR	-1.8839414265403	7.128	0(0)	0.792(792)
THR	-1.701538944138	6.696	0(0)	0.744(744)
THR	-1.5191364617357	6.354	0(0)	0.706(706)
THR	-1.3367339793334	6.021	0(0)	0.669(669)
THR	-1.1543314969311	5.607	0(0)	0.623(623)
THR	-0.971929014528802	5.229	0(0)	0.581(581)
THR	-0.789526532126501	4.711	0.004(1)	0.523(523)
THR	-0.607124049724201	4.09	0.004(1)	0.454(454)
THR	-0.424721567321901	3.514	0.004(1)	0.39(390)
THR	-0.242319084919601	2.947	0.004(1)	0.327(327)
THR	-0.0599166025173013	2.524	0.004(1)	0.28(280)
THR	0.122485879884999	2.06	0.008(2)	0.228(228)
THR	0.304888362287299	1.592	0.008(2)	0.176(176)
THR	0.487290844689599	1.245	0.012(3)	0.137(137)
THR	0.669693327091899	0.934	0.016(4)	0.102(102)
THR	0.852095809494199	0.681	0.024(6)	0.073(73)
THR	1.0344982918965	0.451	0.028(7)	0.047(47)
THR	1.2169007742988	0.341	0.044(11)	0.033(33)
THR	1.3993032567011	0.253	0.064(16)	0.021(21)
THR	1.5817057391034	0.215	0.08(20)	0.015(15)
THR	1.7641082215057	0.231	0.132(33)	0.011(11)
THR	1.946510703908	0.267	0.204(51)	0.007(7)
THR	2.1289131863103	0.31	0.256(64)	0.006(6)
THR	2.3113156687126	0.394	0.34(85)	0.006(6)
THR	2.4937181511149	0.433	0.388(97)	0.005(5)
THR	2.6761206335172	0.505	0.46(115)	0.005(5)
THR	2.8585231159195	0.581	0.536(134)	0.005(5)
THR	3.0409255983218	0.645	0.6(150)	0.005(5)
THR	3.2233280807241	0.725	0.68(170)	0.005(5)
THR	3.4057305631264	0.771	0.744(186)	0.003(3)
THR	3.5881330455287	0.802	0.784(196)	0.002(2)
THR	3.770535527931	0.842	0.824(206)	0.002(2)
THR	3.9529380103333	0.877	0.868(217)	0.001(1)
THR	4.1353404927356	0.905	0.896(224)	0.001(1)
THR	4.3177429751379	0.921	0.912(228)	0.001(1)
THR	4.5001454575402	0.937	0.928(232)	0.001(1)
THR	4.6825479399425	0.957	0.948(237)	0.001(1)
THR	4.8649504223448	0.965	0.956(239)	0.001(1)
THR	5.0473529047471	0.969	0.96(240)	0.001(1)
THR	5.2297553871494	0.964	0.964(241)	0(0)
THR	5.4121578695517	0.972	0.972(243)	0(0)
THR	5.594560351954	0.976	0.976(244)	0(0)
THR	5.7769628343563	0.976	0.976(244)	0(0)
THR	5.9593653167586	0.98	0.98(245)	0(0)
THR	6.1417677991609	0.98	0.98(245)	0(0)
THR	6.3241702815632	0.98	0.98(245)	0(0)
THR	6.5065727639655	0.98	0.98(245)	0(0)
THR	6.6889752463678	0.984	0.984(246)	0(0)
THR	6.8713777287701	0.984	0.984(246)	0(0)
THR	7.0537802111724	0.984	0.984(246)	0(0)
THR	7.2361826935747	0.984	0.984(246)	0(0)
THR	7.418585175977	0.984	0.984(246)	0(0)
THR	7.6009876583793	0.984	0.984(246)	0(0)
THR	7.7833901407816	0.988	0.988(247)	0(0)
THR	7.9657926231839	0.988	0.988(247)	0(0)
THR	8.1481951055862	0.992	0.992(248)	0(0)
THR	8.3305975879885	0.992	0.992(248)	0(0)
THR	8.5130000703908	0.992	0.992(248)	0(0)
THR	8.6954025527931	0.996	0.996(249)	0(0)
THR	8.8778050351954	0.996	0.996(249)	0(0)
THR	9.0602075175977	0.996	0.996(249)	0(0)
THR	9.24261	0.996	0.996(249)	0(0)
THR	9.42501248240229	1	1(250)	0(0)


==============================================
THR: 1.5817057391034
Missed:     20/250=0.0800
FalseAlarm: 15/1000=0.0150
----------------------------------------------
==> CostDetection: 21.5
==============================================
