Threshold search:
THR	-5.80654302857	9	0(0)	1(1000)
THR	-5.6762571982843	8.982	0(0)	0.998(998)
THR	-5.5459713679986	8.982	0(0)	0.998(998)
THR	-5.4156855377129	8.982	0(0)	0.998(998)
THR	-5.2853997074272	8.982	0(0)	0.998(998)
THR	-5.1551138771415	8.964	0(0)	0.996(996)
THR	-5.0248280468558	8.955	0(0)	0.995(995)
THR	-4.8945422165701	8.946	0(0)	0.994(994)
THR	-4.7642563862844	8.937	0(0)	0.993(993)
THR	-4.6339705559987	8.91	0(0)	0.99(990)
THR	-4.503684725713	8.892	0(0)	0.988(988)
THR	-4.3733988954273	8.874	0(0)	0.986(986)
THR	-4.2431130651416	8.874	0(0)	0.986(986)
THR	-4.11282723485589	8.829	0(0)	0.981(981)
THR	-3.9825414045702	8.793	0(0)	0.977(977)
THR	-3.8522555742845	8.784	0(0)	0.976(976)
THR	-3.7219697439988	8.721	0(0)	0.969(969)
THR	-3.5916839137131	8.694	0(0)	0.966(966)
THR	-3.4613980834274	8.622	0(0)	0.958(958)
THR	-3.3311122531417	8.595	0(0)	0.955(955)
THR	-3.200826422856	8.496	0(0)	0.944(944)
THR	-3.0705405925703	8.388	0(0)	0.932(932)
THR	-2.9402547622846	8.244	0(0)	0.916(916)
THR	-2.8099689319989	8.046	0(0)	0.894(894)
THR	-2.6796831017132	7.884	0(0)	0.876(876)
THR	-2.5493972714275	7.668	0(0)	0.852(852)
THR	-2.4191114411418	7.551	0(0)	0.839(839)
THR	-2.2888256108561	7.326	0(0)	0.814(814)
THR	-2.1585397805704	7.065	0(0)	0.785(785)
THR	-2.0282539502847	6.732	0(0)	0.748(748)
THR	-1.897968119999	6.336	0(0)	0.704(704)
THR	-1.7676822897133	5.967	0(0)	0.663(663)
THR	-1.6373964594276	5.49	0(0)	0.61(610)
THR	-1.5071106291419	5.022	0(0)	0.558(558)
THR	-1.3768247988562	4.599	0(0)	0.511(511)
THR	-1.2465389685705	4.086	0(0)	0.454(454)
THR	-1.1162531382848	3.672	0(0)	0.408(408)
THR	-0.985967307999096	3.24	0(0)	0.36(360)
THR	-0.855681477713396	2.844	0(0)	0.316(316)
THR	-0.725395647427696	2.52	0(0)	0.28(280)
THR	-0.595109817141996	2.196	0(0)	0.244(244)
THR	-0.464823986856296	1.836	0(0)	0.204(204)
THR	-0.334538156570596	1.494	0(0)	0.166(166)
THR	-0.204252326284896	1.224	0(0)	0.136(136)
THR	-0.0739664959991961	1.026	0(0)	0.114(114)
THR	0.0563193342865039	0.828	0(0)	0.092(92)
THR	0.186605164572204	0.711	0(0)	0.079(79)
THR	0.316890994857904	0.558	0(0)	0.062(62)
THR	0.447176825143604	0.481	0.004(1)	0.053(53)
THR	0.577462655429304	0.4	0.004(1)	0.044(44)
THR	0.707748485715004	0.349	0.016(4)	0.037(37)
THR	0.838034316000704	0.262	0.028(7)	0.026(26)
THR	0.968320146286404	0.224	0.044(11)	0.02(20)
THR	1.0986059765721	0.191	0.056(14)	0.015(15)
THR	1.2288918068578	0.185	0.068(17)	0.013(13)
THR	1.3591776371435	0.225	0.108(27)	0.013(13)
THR	1.4894634674292	0.248	0.14(35)	0.012(12)
THR	1.6197492977149	0.22	0.148(37)	0.008(8)
THR	1.7500351280006	0.245	0.2(50)	0.005(5)
THR	1.8803209582863	0.313	0.268(67)	0.005(5)
THR	2.010606788572	0.336	0.3(75)	0.004(4)
THR	2.1408926188577	0.378	0.36(90)	0.002(2)
THR	2.2711784491434	0.392	0.392(98)	0(0)
THR	2.4014642794291	0.44	0.44(110)	0(0)
THR	2.5317501097148	0.488	0.488(122)	0(0)
THR	2.6620359400005	0.532	0.532(133)	0(0)
THR	2.7923217702862	0.572	0.572(143)	0(0)
THR	2.9226076005719	0.624	0.624(156)	0(0)
THR	3.0528934308576	0.664	0.664(166)	0(0)
THR	3.1831792611433	0.68	0.68(170)	0(0)
THR	3.313465091429	0.724	0.724(181)	0(0)
THR	3.4437509217147	0.768	0.768(192)	0(0)
THR	3.5740367520004	0.808	0.808(202)	0(0)
THR	3.7043225822861	0.836	0.836(209)	0(0)
THR	3.8346084125718	0.844	0.844(211)	0(0)
THR	3.9648942428575	0.872	0.872(218)	0(0)
THR	4.0951800731432	0.88	0.88(220)	0(0)
THR	4.2254659034289	0.88	0.88(220)	0(0)
THR	4.3557517337146	0.9	0.9(225)	0(0)
THR	4.4860375640003	0.92	0.92(230)	0(0)
THR	4.616323394286	0.928	0.928(232)	0(0)
THR	4.7466092245717	0.944	0.944(236)	0(0)
THR	4.87689505485741	0.948	0.948(237)	0(0)
THR	5.00718088514311	0.956	0.956(239)	0(0)
THR	5.13746671542881	0.956	0.956(239)	0(0)
THR	5.26775254571451	0.968	0.968(242)	0(0)
THR	5.39803837600021	0.968	0.968(242)	0(0)
THR	5.52832420628591	0.972	0.972(243)	0(0)
THR	5.65861003657161	0.972	0.972(243)	0(0)
THR	5.78889586685731	0.972	0.972(243)	0(0)
THR	5.91918169714301	0.976	0.976(244)	0(0)
THR	6.04946752742871	0.98	0.98(245)	0(0)
THR	6.17975335771441	0.98	0.98(245)	0(0)
THR	6.31003918800011	0.992	0.992(248)	0(0)
THR	6.44032501828581	0.992	0.992(248)	0(0)
THR	6.57061084857151	0.992	0.992(248)	0(0)
THR	6.70089667885721	0.992	0.992(248)	0(0)
THR	6.83118250914291	0.996	0.996(249)	0(0)
THR	6.96146833942861	0.996	0.996(249)	0(0)
THR	7.09175416971431	0.996	0.996(249)	0(0)
THR	7.22204000000001	1	1(250)	0(0)


==============================================
THR: 1.2288918068578
Missed:     17/250=0.0680
FalseAlarm: 13/1000=0.0130
----------------------------------------------
==> CostDetection: 18.5
==============================================
Threshold search:
THR	-7.4423422541	9	0(0)	1(1000)
THR	-7.319801131559	8.991	0(0)	0.999(999)
THR	-7.197260009018	8.982	0(0)	0.998(998)
THR	-7.074718886477	8.982	0(0)	0.998(998)
THR	-6.952177763936	8.982	0(0)	0.998(998)
THR	-6.829636641395	8.982	0(0)	0.998(998)
THR	-6.707095518854	8.973	0(0)	0.997(997)
THR	-6.584554396313	8.973	0(0)	0.997(997)
THR	-6.462013273772	8.964	0(0)	0.996(996)
THR	-6.339472151231	8.964	0(0)	0.996(996)
THR	-6.21693102869	8.964	0(0)	0.996(996)
THR	-6.094389906149	8.946	0(0)	0.994(994)
THR	-5.971848783608	8.946	0(0)	0.994(994)
THR	-5.84930766106701	8.937	0(0)	0.993(993)
THR	-5.72676653852601	8.883	0(0)	0.987(987)
THR	-5.60422541598501	8.874	0(0)	0.986(986)
THR	-5.48168429344401	8.856	0(0)	0.984(984)
THR	-5.35914317090301	8.82	0(0)	0.98(980)
THR	-5.23660204836201	8.784	0(0)	0.976(976)
THR	-5.11406092582101	8.766	0(0)	0.974(974)
THR	-4.99151980328001	8.757	0(0)	0.973(973)
THR	-4.86897868073901	8.73	0(0)	0.97(970)
THR	-4.74643755819801	8.676	0(0)	0.964(964)
THR	-4.62389643565701	8.658	0(0)	0.962(962)
THR	-4.50135531311601	8.604	0(0)	0.956(956)
THR	-4.37881419057501	8.496	0(0)	0.944(944)
THR	-4.25627306803401	8.46	0(0)	0.94(940)
THR	-4.13373194549301	8.343	0(0)	0.927(927)
THR	-4.01119082295201	8.163	0(0)	0.907(907)
THR	-3.88864970041101	8.055	0(0)	0.895(895)
THR	-3.76610857787001	7.839	0(0)	0.871(871)
THR	-3.64356745532901	7.623	0(0)	0.847(847)
THR	-3.52102633278801	7.38	0(0)	0.82(820)
THR	-3.39848521024701	7.146	0(0)	0.794(794)
THR	-3.27594408770601	6.804	0(0)	0.756(756)
THR	-3.15340296516501	6.426	0(0)	0.714(714)
THR	-3.03086184262401	5.985	0(0)	0.665(665)
THR	-2.90832072008301	5.553	0(0)	0.617(617)
THR	-2.78577959754201	5.049	0(0)	0.561(561)
THR	-2.66323847500101	4.581	0(0)	0.509(509)
THR	-2.54069735246001	4.068	0(0)	0.452(452)
THR	-2.41815622991901	3.582	0(0)	0.398(398)
THR	-2.29561510737801	3.105	0(0)	0.345(345)
THR	-2.17307398483701	2.709	0(0)	0.301(301)
THR	-2.05053286229601	2.272	0.004(1)	0.252(252)
THR	-1.92799173975501	1.858	0.004(1)	0.206(206)
THR	-1.80545061721401	1.556	0.008(2)	0.172(172)
THR	-1.68290949467301	1.268	0.008(2)	0.14(140)
THR	-1.56036837213201	0.962	0.008(2)	0.106(106)
THR	-1.43782724959101	0.809	0.008(2)	0.089(89)
THR	-1.31528612705001	0.647	0.008(2)	0.071(71)
THR	-1.19274500450901	0.458	0.008(2)	0.05(50)
THR	-1.07020388196801	0.345	0.012(3)	0.037(37)
THR	-0.947662759427011	0.237	0.012(3)	0.025(25)
THR	-0.825121636886011	0.16	0.016(4)	0.016(16)
THR	-0.702580514345011	0.115	0.016(4)	0.011(11)
THR	-0.580039391804011	0.109	0.028(7)	0.009(9)
THR	-0.457498269263011	0.116	0.044(11)	0.008(8)
THR	-0.334957146722011	0.1	0.064(16)	0.004(4)
THR	-0.212416024181011	0.099	0.072(18)	0.003(3)
THR	-0.0898749016400107	0.105	0.096(24)	0.001(1)
THR	0.0326662209009893	0.113	0.104(26)	0.001(1)
THR	0.155207343441989	0.157	0.148(37)	0.001(1)
THR	0.277748465982989	0.177	0.168(42)	0.001(1)
THR	0.400289588523989	0.213	0.204(51)	0.001(1)
THR	0.522830711064989	0.256	0.256(64)	0(0)
THR	0.645371833605989	0.332	0.332(83)	0(0)
THR	0.767912956146989	0.38	0.38(95)	0(0)
THR	0.890454078687989	0.424	0.424(106)	0(0)
THR	1.01299520122899	0.488	0.488(122)	0(0)
THR	1.13553632376999	0.552	0.552(138)	0(0)
THR	1.25807744631099	0.588	0.588(147)	0(0)
THR	1.38061856885199	0.644	0.644(161)	0(0)
THR	1.50315969139299	0.692	0.692(173)	0(0)
THR	1.62570081393399	0.728	0.728(182)	0(0)
THR	1.74824193647499	0.756	0.756(189)	0(0)
THR	1.87078305901599	0.804	0.804(201)	0(0)
THR	1.99332418155699	0.824	0.824(206)	0(0)
THR	2.11586530409799	0.86	0.86(215)	0(0)
THR	2.23840642663899	0.88	0.88(220)	0(0)
THR	2.36094754917999	0.912	0.912(228)	0(0)
THR	2.48348867172099	0.928	0.928(232)	0(0)
THR	2.60602979426199	0.94	0.94(235)	0(0)
THR	2.72857091680299	0.94	0.94(235)	0(0)
THR	2.85111203934399	0.948	0.948(237)	0(0)
THR	2.97365316188499	0.956	0.956(239)	0(0)
THR	3.09619428442599	0.964	0.964(241)	0(0)
THR	3.21873540696699	0.984	0.984(246)	0(0)
THR	3.34127652950799	0.984	0.984(246)	0(0)
THR	3.46381765204899	0.984	0.984(246)	0(0)
THR	3.58635877458999	0.988	0.988(247)	0(0)
THR	3.70889989713099	0.988	0.988(247)	0(0)
THR	3.83144101967199	0.988	0.988(247)	0(0)
THR	3.95398214221299	0.988	0.988(247)	0(0)
THR	4.07652326475399	0.988	0.988(247)	0(0)
THR	4.19906438729499	0.992	0.992(248)	0(0)
THR	4.32160550983599	0.996	0.996(249)	0(0)
THR	4.44414663237699	0.996	0.996(249)	0(0)
THR	4.56668775491799	0.996	0.996(249)	0(0)
THR	4.68922887745899	0.996	0.996(249)	0(0)
THR	4.81176999999999	0.996	0.996(249)	0(0)
THR	4.93431112254099	1	1(250)	0(0)


==============================================
THR: -0.212416024181011
Missed:     18/250=0.0720
FalseAlarm: 3/1000=0.0030
----------------------------------------------
==> CostDetection: 9.9
==============================================
