Threshold search:
THR	-3.75940438699	9	0(0)	1(1000)
THR	-3.6155343431201	8.991	0(0)	0.999(999)
THR	-3.4716642992502	8.991	0(0)	0.999(999)
THR	-3.3277942553803	8.991	0(0)	0.999(999)
THR	-3.1839242115104	8.991	0(0)	0.999(999)
THR	-3.0400541676405	8.991	0(0)	0.999(999)
THR	-2.8961841237706	8.991	0(0)	0.999(999)
THR	-2.7523140799007	8.991	0(0)	0.999(999)
THR	-2.6084440360308	8.964	0(0)	0.996(996)
THR	-2.4645739921609	8.964	0(0)	0.996(996)
THR	-2.320703948291	8.964	0(0)	0.996(996)
THR	-2.1768339044211	8.964	0(0)	0.996(996)
THR	-2.0329638605512	8.964	0(0)	0.996(996)
THR	-1.8890938166813	8.928	0(0)	0.992(992)
THR	-1.7452237728114	8.928	0(0)	0.992(992)
THR	-1.6013537289415	8.928	0(0)	0.992(992)
THR	-1.4574836850716	8.928	0(0)	0.992(992)
THR	-1.3136136412017	8.928	0(0)	0.992(992)
THR	-1.1697435973318	8.91	0(0)	0.99(990)
THR	-1.0258735534619	8.874	0(0)	0.986(986)
THR	-0.882003509592002	8.865	0(0)	0.985(985)
THR	-0.738133465722102	8.847	0(0)	0.983(983)
THR	-0.594263421852202	8.82	0(0)	0.98(980)
THR	-0.450393377982302	8.793	0(0)	0.977(977)
THR	-0.306523334112402	8.775	0(0)	0.975(975)
THR	-0.162653290242502	8.766	0(0)	0.974(974)
THR	-0.018783246372602	8.73	0(0)	0.97(970)
THR	0.125086797497298	8.676	0(0)	0.964(964)
THR	0.268956841367198	8.631	0(0)	0.959(959)
THR	0.412826885237098	8.586	0(0)	0.954(954)
THR	0.556696929106998	8.514	0(0)	0.946(946)
THR	0.700566972976898	8.451	0(0)	0.939(939)
THR	0.844437016846798	8.379	0(0)	0.931(931)
THR	0.988307060716698	8.262	0(0)	0.918(918)
THR	1.1321771045866	8.172	0(0)	0.908(908)
THR	1.2760471484565	8.064	0(0)	0.896(896)
THR	1.4199171923264	7.857	0(0)	0.873(873)
THR	1.5637872361963	7.659	0(0)	0.851(851)
THR	1.7076572800662	7.335	0(0)	0.815(815)
THR	1.8515273239361	7.137	0(0)	0.793(793)
THR	1.995397367806	6.804	0(0)	0.756(756)
THR	2.1392674116759	6.426	0(0)	0.714(714)
THR	2.2831374555458	6.03	0(0)	0.67(670)
THR	2.4270074994157	5.656	0.004(1)	0.628(628)
THR	2.5708775432856	5.08	0.004(1)	0.564(564)
THR	2.7147475871555	4.576	0.004(1)	0.508(508)
THR	2.8586176310254	4.171	0.004(1)	0.463(463)
THR	3.0024876748953	3.675	0.012(3)	0.407(407)
THR	3.1463577187652	3.135	0.012(3)	0.347(347)
THR	3.2902277626351	2.793	0.012(3)	0.309(309)
THR	3.434097806505	2.423	0.02(5)	0.267(267)
THR	3.5779678503749	1.99	0.028(7)	0.218(218)
THR	3.7218378942448	1.633	0.04(10)	0.177(177)
THR	3.8657079381147	1.468	0.064(16)	0.156(156)
THR	4.0095779819846	1.159	0.088(22)	0.119(119)
THR	4.1534480258545	1.023	0.132(33)	0.099(99)
THR	4.2973180697244	0.822	0.156(39)	0.074(74)
THR	4.4411881135943	0.791	0.224(56)	0.063(63)
THR	4.5850581574642	0.7	0.268(67)	0.048(48)
THR	4.7289282013341	0.681	0.348(87)	0.037(37)
THR	4.872798245204	0.654	0.42(105)	0.026(26)
THR	5.0166682890739	0.652	0.472(118)	0.02(20)
THR	5.1605383329438	0.604	0.496(124)	0.012(12)
THR	5.3044083768137	0.623	0.56(140)	0.007(7)
THR	5.4482784206836	0.677	0.632(158)	0.005(5)
THR	5.5921484645535	0.713	0.668(167)	0.005(5)
THR	5.7360185084234	0.755	0.728(182)	0.003(3)
THR	5.8798885522933	0.791	0.764(191)	0.003(3)
THR	6.0237585961632	0.811	0.784(196)	0.003(3)
THR	6.1676286400331	0.837	0.828(207)	0.001(1)
THR	6.311498683903	0.865	0.856(214)	0.001(1)
THR	6.4553687277729	0.893	0.884(221)	0.001(1)
THR	6.5992387716428	0.913	0.904(226)	0.001(1)
THR	6.7431088155127	0.933	0.924(231)	0.001(1)
THR	6.8869788593826	0.949	0.94(235)	0.001(1)
THR	7.0308489032525	0.957	0.948(237)	0.001(1)
THR	7.1747189471224	0.957	0.948(237)	0.001(1)
THR	7.3185889909923	0.956	0.956(239)	0(0)
THR	7.4624590348622	0.96	0.96(240)	0(0)
THR	7.6063290787321	0.968	0.968(242)	0(0)
THR	7.750199122602	0.968	0.968(242)	0(0)
THR	7.8940691664719	0.976	0.976(244)	0(0)
THR	8.0379392103418	0.976	0.976(244)	0(0)
THR	8.1818092542117	0.984	0.984(246)	0(0)
THR	8.3256792980816	0.992	0.992(248)	0(0)
THR	8.4695493419515	0.992	0.992(248)	0(0)
THR	8.6134193858214	0.992	0.992(248)	0(0)
THR	8.7572894296913	0.992	0.992(248)	0(0)
THR	8.9011594735612	0.992	0.992(248)	0(0)
THR	9.0450295174311	0.996	0.996(249)	0(0)
THR	9.188899561301	0.996	0.996(249)	0(0)
THR	9.3327696051709	0.996	0.996(249)	0(0)
THR	9.4766396490408	0.996	0.996(249)	0(0)
THR	9.6205096929107	0.996	0.996(249)	0(0)
THR	9.7643797367806	0.996	0.996(249)	0(0)
THR	9.9082497806505	0.996	0.996(249)	0(0)
THR	10.0521198245204	0.996	0.996(249)	0(0)
THR	10.1959898683903	0.996	0.996(249)	0(0)
THR	10.3398599122602	0.996	0.996(249)	0(0)
THR	10.4837299561301	0.996	0.996(249)	0(0)
THR	10.6276	0.996	0.996(249)	0(0)
THR	10.7714700438699	1	1(250)	0(0)


==============================================
THR: 5.1605383329438
Missed:     124/250=0.4960
FalseAlarm: 12/1000=0.0120
----------------------------------------------
==> CostDetection: 60.4
==============================================
